2018-05-07 10:03:34,358 [INFO] [restartedMain] com.stylefeng.guns.GunsApplication [StartupInfoLogger.java : 48] Starting GunsApplication on qq with PID 8088 (D:\software\user\git\ScheduleSystem\2018042502\guns-admin\target\classes started by www in D:\software\user\git\ScheduleSystem\2018042502\ScheduleSystem)
2018-05-07 10:03:34,358 [DEBUG] [restartedMain] com.stylefeng.guns.GunsApplication [StartupInfoLogger.java : 51] Running with Spring Boot v1.5.9.RELEASE, Spring v4.3.13.RELEASE
2018-05-07 10:03:34,358 [INFO] [restartedMain] com.stylefeng.guns.GunsApplication [SpringApplication.java : 597] The following profiles are active: dev
2018-05-07 10:03:34,483 [INFO] [restartedMain] o.s.b.c.e.AnnotationConfigEmbeddedWebApplicationContext [AbstractApplicationContext.java : 583] Refreshing org.springframework.boot.context.embedded.AnnotationConfigEmbeddedWebApplicationContext@3a1708cb: startup date [Mon May 07 10:03:34 CST 2018]; root of context hierarchy
2018-05-07 10:03:37,449 [INFO] [restartedMain] o.s.data.repository.config.RepositoryConfigurationDelegate [RepositoryConfigurationDelegate.java : 165] Multiple Spring Data modules found, entering strict repository configuration mode!
2018-05-07 10:03:38,570 [INFO] [restartedMain] o.s.c.s.PostProcessorRegistrationDelegate$BeanPostProcessorChecker [PostProcessorRegistrationDelegate.java : 327] Bean 'shiroConfig' of type [com.stylefeng.guns.config.web.ShiroConfig$$EnhancerBySpringCGLIB$$3484d3c3] is not eligible for getting processed by all BeanPostProcessors (for example: not eligible for auto-proxying)
2018-05-07 10:03:38,693 [INFO] [restartedMain] o.s.c.s.PostProcessorRegistrationDelegate$BeanPostProcessorChecker [PostProcessorRegistrationDelegate.java : 327] Bean 'rememberMeCookie' of type [org.apache.shiro.web.servlet.SimpleCookie] is not eligible for getting processed by all BeanPostProcessors (for example: not eligible for auto-proxying)
2018-05-07 10:03:39,073 [INFO] [restartedMain] o.s.c.s.PostProcessorRegistrationDelegate$BeanPostProcessorChecker [PostProcessorRegistrationDelegate.java : 327] Bean 'rememberMeManager' of type [org.apache.shiro.web.mgt.CookieRememberMeManager] is not eligible for getting processed by all BeanPostProcessors (for example: not eligible for auto-proxying)
2018-05-07 10:03:39,089 [INFO] [restartedMain] o.s.c.s.PostProcessorRegistrationDelegate$BeanPostProcessorChecker [PostProcessorRegistrationDelegate.java : 327] Bean 'ehCacheConfig' of type [com.stylefeng.guns.config.EhCacheConfig$$EnhancerBySpringCGLIB$$3f9453cb] is not eligible for getting processed by all BeanPostProcessors (for example: not eligible for auto-proxying)
2018-05-07 10:03:39,105 [INFO] [restartedMain] org.springframework.cache.ehcache.EhCacheManagerFactoryBean [EhCacheManagerFactoryBean.java : 130] Initializing EhCache CacheManager
2018-05-07 10:03:39,431 [INFO] [restartedMain] o.s.c.s.PostProcessorRegistrationDelegate$BeanPostProcessorChecker [PostProcessorRegistrationDelegate.java : 327] Bean 'ehcache' of type [org.springframework.cache.ehcache.EhCacheManagerFactoryBean] is not eligible for getting processed by all BeanPostProcessors (for example: not eligible for auto-proxying)
2018-05-07 10:03:39,444 [INFO] [restartedMain] o.s.c.s.PostProcessorRegistrationDelegate$BeanPostProcessorChecker [PostProcessorRegistrationDelegate.java : 327] Bean 'getCacheShiroManager' of type [org.apache.shiro.cache.ehcache.EhCacheManager] is not eligible for getting processed by all BeanPostProcessors (for example: not eligible for auto-proxying)
2018-05-07 10:03:39,806 [INFO] [restartedMain] o.s.c.s.PostProcessorRegistrationDelegate$BeanPostProcessorChecker [PostProcessorRegistrationDelegate.java : 327] Bean 'gunsProperties' of type [com.stylefeng.guns.config.properties.GunsProperties] is not eligible for getting processed by all BeanPostProcessors (for example: not eligible for auto-proxying)
2018-05-07 10:03:39,844 [INFO] [restartedMain] o.s.c.s.PostProcessorRegistrationDelegate$BeanPostProcessorChecker [PostProcessorRegistrationDelegate.java : 327] Bean 'defaultWebSessionManager' of type [org.apache.shiro.web.session.mgt.DefaultWebSessionManager] is not eligible for getting processed by all BeanPostProcessors (for example: not eligible for auto-proxying)
2018-05-07 10:03:39,890 [INFO] [restartedMain] o.s.c.s.PostProcessorRegistrationDelegate$BeanPostProcessorChecker [PostProcessorRegistrationDelegate.java : 327] Bean 'shiroDbRealm' of type [com.stylefeng.guns.core.shiro.ShiroDbRealm] is not eligible for getting processed by all BeanPostProcessors (for example: not eligible for auto-proxying)
2018-05-07 10:03:39,890 [INFO] [restartedMain] org.apache.shiro.cache.ehcache.EhCacheManager [EhCacheManager.java : 158] Cache with name 'com.stylefeng.guns.core.shiro.ShiroDbRealm.authorizationCache' does not yet exist.  Creating now.
2018-05-07 10:03:39,912 [INFO] [restartedMain] org.apache.shiro.cache.ehcache.EhCacheManager [EhCacheManager.java : 165] Added EhCache named [com.stylefeng.guns.core.shiro.ShiroDbRealm.authorizationCache]
2018-05-07 10:03:39,927 [INFO] [restartedMain] o.s.c.s.PostProcessorRegistrationDelegate$BeanPostProcessorChecker [PostProcessorRegistrationDelegate.java : 327] Bean 'securityManager' of type [org.apache.shiro.web.mgt.DefaultWebSecurityManager] is not eligible for getting processed by all BeanPostProcessors (for example: not eligible for auto-proxying)
2018-05-07 10:03:39,942 [INFO] [restartedMain] o.s.c.s.PostProcessorRegistrationDelegate$BeanPostProcessorChecker [PostProcessorRegistrationDelegate.java : 327] Bean 'methodInvokingFactoryBean' of type [org.springframework.beans.factory.config.MethodInvokingFactoryBean] is not eligible for getting processed by all BeanPostProcessors (for example: not eligible for auto-proxying)
2018-05-07 10:03:39,974 [INFO] [restartedMain] o.s.c.s.PostProcessorRegistrationDelegate$BeanPostProcessorChecker [PostProcessorRegistrationDelegate.java : 327] Bean 'webConfig' of type [com.stylefeng.guns.config.web.WebConfig$$EnhancerBySpringCGLIB$$ce696506] is not eligible for getting processed by all BeanPostProcessors (for example: not eligible for auto-proxying)
2018-05-07 10:03:40,114 [INFO] [restartedMain] o.s.c.s.PostProcessorRegistrationDelegate$BeanPostProcessorChecker [PostProcessorRegistrationDelegate.java : 327] Bean 'authorizationAttributeSourceAdvisor' of type [org.apache.shiro.spring.security.interceptor.AuthorizationAttributeSourceAdvisor] is not eligible for getting processed by all BeanPostProcessors (for example: not eligible for auto-proxying)
2018-05-07 10:03:40,129 [INFO] [restartedMain] o.s.c.s.PostProcessorRegistrationDelegate$BeanPostProcessorChecker [PostProcessorRegistrationDelegate.java : 327] Bean 'druidStatPointcut' of type [org.springframework.aop.support.JdkRegexpMethodPointcut] is not eligible for getting processed by all BeanPostProcessors (for example: not eligible for auto-proxying)
2018-05-07 10:03:40,176 [INFO] [restartedMain] o.s.c.s.PostProcessorRegistrationDelegate$BeanPostProcessorChecker [PostProcessorRegistrationDelegate.java : 327] Bean 'druidStatInterceptor' of type [com.alibaba.druid.support.spring.stat.DruidStatInterceptor] is not eligible for getting processed by all BeanPostProcessors (for example: not eligible for auto-proxying)
2018-05-07 10:03:40,176 [INFO] [restartedMain] o.s.c.s.PostProcessorRegistrationDelegate$BeanPostProcessorChecker [PostProcessorRegistrationDelegate.java : 327] Bean 'druidStatAdvisor' of type [org.springframework.aop.support.DefaultPointcutAdvisor] is not eligible for getting processed by all BeanPostProcessors (for example: not eligible for auto-proxying)
2018-05-07 10:03:40,314 [INFO] [restartedMain] o.s.c.s.PostProcessorRegistrationDelegate$BeanPostProcessorChecker [PostProcessorRegistrationDelegate.java : 327] Bean 'org.springframework.transaction.annotation.ProxyTransactionManagementConfiguration' of type [org.springframework.transaction.annotation.ProxyTransactionManagementConfiguration$$EnhancerBySpringCGLIB$$22305b88] is not eligible for getting processed by all BeanPostProcessors (for example: not eligible for auto-proxying)
2018-05-07 10:03:40,877 [INFO] [restartedMain] o.s.c.s.PostProcessorRegistrationDelegate$BeanPostProcessorChecker [PostProcessorRegistrationDelegate.java : 327] Bean 'org.springframework.cache.annotation.ProxyCachingConfiguration' of type [org.springframework.cache.annotation.ProxyCachingConfiguration$$EnhancerBySpringCGLIB$$6b4291a6] is not eligible for getting processed by all BeanPostProcessors (for example: not eligible for auto-proxying)
2018-05-07 10:03:42,243 [INFO] [restartedMain] o.s.b.context.embedded.tomcat.TomcatEmbeddedServletContainer [TomcatEmbeddedServletContainer.java : 89] Tomcat initialized with port(s): 80 (http)
2018-05-07 10:03:42,336 [INFO] [restartedMain] org.apache.catalina.core.StandardService [DirectJDKLog.java : 179] Starting service [Tomcat]
2018-05-07 10:03:42,337 [INFO] [restartedMain] org.apache.catalina.core.StandardEngine [DirectJDKLog.java : 179] Starting Servlet Engine: Apache Tomcat/8.5.23
2018-05-07 10:03:42,918 [INFO] [localhost-startStop-1] o.a.catalina.core.ContainerBase.[Tomcat].[localhost].[/] [DirectJDKLog.java : 179] Initializing Spring embedded WebApplicationContext
2018-05-07 10:03:42,919 [INFO] [localhost-startStop-1] org.springframework.web.context.ContextLoader [EmbeddedWebApplicationContext.java : 276] Root WebApplicationContext: initialization completed in 8436 ms
2018-05-07 10:03:43,564 [INFO] [localhost-startStop-1] org.springframework.boot.web.servlet.ServletRegistrationBean [ServletRegistrationBean.java : 190] Mapping servlet: 'statViewServlet' to [/druid/*]
2018-05-07 10:03:43,566 [INFO] [localhost-startStop-1] org.springframework.boot.web.servlet.ServletRegistrationBean [ServletRegistrationBean.java : 190] Mapping servlet: 'dispatcherServlet' to [/]
2018-05-07 10:03:43,573 [INFO] [localhost-startStop-1] org.springframework.boot.web.servlet.FilterRegistrationBean [AbstractFilterRegistrationBean.java : 258] Mapping filter: 'characterEncodingFilter' to: [/*]
2018-05-07 10:03:43,574 [INFO] [localhost-startStop-1] org.springframework.boot.web.servlet.FilterRegistrationBean [AbstractFilterRegistrationBean.java : 258] Mapping filter: 'hiddenHttpMethodFilter' to: [/*]
2018-05-07 10:03:43,575 [INFO] [localhost-startStop-1] org.springframework.boot.web.servlet.FilterRegistrationBean [AbstractFilterRegistrationBean.java : 258] Mapping filter: 'httpPutFormContentFilter' to: [/*]
2018-05-07 10:03:43,575 [INFO] [localhost-startStop-1] org.springframework.boot.web.servlet.FilterRegistrationBean [AbstractFilterRegistrationBean.java : 258] Mapping filter: 'requestContextFilter' to: [/*]
2018-05-07 10:03:43,575 [INFO] [localhost-startStop-1] org.springframework.boot.web.servlet.FilterRegistrationBean [AbstractFilterRegistrationBean.java : 271] Mapping filter: 'webStatFilter' to urls: [/*]
2018-05-07 10:03:43,576 [INFO] [localhost-startStop-1] org.springframework.boot.web.servlet.FilterRegistrationBean [AbstractFilterRegistrationBean.java : 271] Mapping filter: 'xssFilter' to urls: [/*]
2018-05-07 10:03:43,577 [INFO] [localhost-startStop-1] org.springframework.boot.web.servlet.FilterRegistrationBean [AbstractFilterRegistrationBean.java : 258] Mapping filter: 'shiroFilter' to: [/*]
2018-05-07 10:03:46,707 [INFO] [restartedMain] com.alibaba.druid.pool.DruidDataSource [DruidDataSource.java : 922] {dataSource-1} inited
2018-05-07 10:03:50,243 [INFO] [restartedMain] org.flowable.engine.impl.cfg.ProcessEngineConfigurationImpl [ProcessEngineConfigurationImpl.java : 1230] Found 1 Process Engine Configurators in total:
2018-05-07 10:03:50,243 [INFO] [restartedMain] org.flowable.engine.impl.cfg.ProcessEngineConfigurationImpl [ProcessEngineConfigurationImpl.java : 1232] class org.flowable.spring.configurator.SpringIdmEngineConfigurator (priority:100000)
2018-05-07 10:03:50,243 [INFO] [restartedMain] org.flowable.engine.impl.cfg.ProcessEngineConfigurationImpl [ProcessEngineConfigurationImpl.java : 1242] Executing beforeInit() of class org.flowable.spring.configurator.SpringIdmEngineConfigurator (priority:100000)
2018-05-07 10:03:50,373 [INFO] [restartedMain] com.alibaba.druid.pool.DruidDataSource [DruidDataSource.java : 922] {dataSource-2} inited
2018-05-07 10:03:52,607 [INFO] [restartedMain] org.flowable.engine.impl.cfg.ProcessEngineConfigurationImpl [ProcessEngineConfigurationImpl.java : 1361] Executing configure() of class org.flowable.spring.configurator.SpringIdmEngineConfigurator (priority:100000)
2018-05-07 10:03:53,133 [INFO] [restartedMain] org.flowable.idm.engine.impl.IdmEngineImpl [IdmEngineImpl.java : 51] IdmEngine default created
2018-05-07 10:03:53,435 [INFO] [restartedMain] org.flowable.engine.impl.ProcessEngineImpl [ProcessEngineImpl.java : 84] ProcessEngine default created
2018-05-07 10:03:53,454 [INFO] [restartedMain] o.f.job.service.impl.asyncexecutor.AbstractAsyncExecutor [AbstractAsyncExecutor.java : 114] Starting up the async job executor [org.flowable.spring.SpringAsyncExecutor].
2018-05-07 10:03:53,455 [INFO] [Thread-8] o.f.job.service.impl.asyncexecutor.AcquireTimerJobsRunnable [AcquireTimerJobsRunnable.java : 50] starting to acquire async jobs due
2018-05-07 10:03:53,455 [INFO] [Thread-7] o.f.j.service.impl.asyncexecutor.AcquireAsyncJobsDueRunnable [AcquireAsyncJobsDueRunnable.java : 52] starting to acquire async jobs due
2018-05-07 10:03:53,455 [INFO] [Thread-9] o.f.job.service.impl.asyncexecutor.ResetExpiredJobsRunnable [ResetExpiredJobsRunnable.java : 56] starting to reset expired jobs
2018-05-07 10:03:53,749 [INFO] [restartedMain] org.flowable.engine.impl.cmd.ValidateV5EntitiesCmd [ValidateV5EntitiesCmd.java : 43] Total of v5 deployments found: 0
2018-05-07 10:03:55,813 [INFO] [restartedMain] org.springframework.aop.framework.CglibAopProxy [CglibAopProxy.java : 274] Method [java.util.List springfox.documentation.schema.property.OptimizedModelPropertiesProvider.candidateProperties(com.fasterxml.classmate.ResolvedType,com.fasterxml.jackson.databind.introspect.AnnotatedMember,com.fasterxml.jackson.databind.introspect.BeanPropertyDefinition,springfox.documentation.spi.schema.contexts.ModelContext)] is package-visible across different ClassLoaders and cannot get proxied via CGLIB: Declare this method as public or protected if you need to support invocations through the proxy.
2018-05-07 10:03:56,297 [INFO] [restartedMain] o.s.w.s.mvc.method.annotation.RequestMappingHandlerMapping [AbstractHandlerMethodMapping.java : 543] Mapped "{[/api/note/add]}" onto public java.lang.Object com.stylefeng.guns.modular.api.controller.ApiNoteController.add(com.stylefeng.guns.modular.system.model.Note,java.lang.String)
2018-05-07 10:03:56,300 [INFO] [restartedMain] o.s.w.s.mvc.method.annotation.RequestMappingHandlerMapping [AbstractHandlerMethodMapping.java : 543] Mapped "{[/api/note/update]}" onto public java.lang.Object com.stylefeng.guns.modular.api.controller.ApiNoteController.update(com.stylefeng.guns.modular.system.model.Note)
2018-05-07 10:03:56,301 [INFO] [restartedMain] o.s.w.s.mvc.method.annotation.RequestMappingHandlerMapping [AbstractHandlerMethodMapping.java : 543] Mapped "{[/api/note/delete]}" onto public java.lang.Object com.stylefeng.guns.modular.api.controller.ApiNoteController.delete(java.lang.Integer)
2018-05-07 10:03:56,303 [INFO] [restartedMain] o.s.w.s.mvc.method.annotation.RequestMappingHandlerMapping [AbstractHandlerMethodMapping.java : 543] Mapped "{[/api/note/list]}" onto public java.lang.Object com.stylefeng.guns.modular.api.controller.ApiNoteController.list(java.lang.String,java.lang.String,java.lang.String)
2018-05-07 10:03:56,307 [INFO] [restartedMain] o.s.w.s.mvc.method.annotation.RequestMappingHandlerMapping [AbstractHandlerMethodMapping.java : 543] Mapped "{[/api/plan/add]}" onto public java.lang.Object com.stylefeng.guns.modular.api.controller.ApiPlanController.add(com.stylefeng.guns.modular.system.model.Plan,java.lang.String)
2018-05-07 10:03:56,313 [INFO] [restartedMain] o.s.w.s.mvc.method.annotation.RequestMappingHandlerMapping [AbstractHandlerMethodMapping.java : 543] Mapped "{[/api/plan/update]}" onto public java.lang.Object com.stylefeng.guns.modular.api.controller.ApiPlanController.update(com.stylefeng.guns.modular.system.model.Plan)
2018-05-07 10:03:56,314 [INFO] [restartedMain] o.s.w.s.mvc.method.annotation.RequestMappingHandlerMapping [AbstractHandlerMethodMapping.java : 543] Mapped "{[/api/plan/delete]}" onto public java.lang.Object com.stylefeng.guns.modular.api.controller.ApiPlanController.delete(java.lang.Integer)
2018-05-07 10:03:56,315 [INFO] [restartedMain] o.s.w.s.mvc.method.annotation.RequestMappingHandlerMapping [AbstractHandlerMethodMapping.java : 543] Mapped "{[/api/plan/list]}" onto public java.lang.Object com.stylefeng.guns.modular.api.controller.ApiPlanController.list(java.lang.String,java.lang.String,java.lang.String)
2018-05-07 10:03:56,315 [INFO] [restartedMain] o.s.w.s.mvc.method.annotation.RequestMappingHandlerMapping [AbstractHandlerMethodMapping.java : 543] Mapped "{[/api/plan/detail/{planId}]}" onto public java.lang.Object com.stylefeng.guns.modular.api.controller.ApiPlanController.detail(java.lang.Integer)
2018-05-07 10:03:56,315 [INFO] [restartedMain] o.s.w.s.mvc.method.annotation.RequestMappingHandlerMapping [AbstractHandlerMethodMapping.java : 543] Mapped "{[/api/plan/admin_remindlist]}" onto public java.lang.Object com.stylefeng.guns.modular.api.controller.ApiPlanController.admin_remindlist()
2018-05-07 10:03:56,315 [INFO] [restartedMain] o.s.w.s.mvc.method.annotation.RequestMappingHandlerMapping [AbstractHandlerMethodMapping.java : 543] Mapped "{[/api/plan/remindlist]}" onto public java.lang.Object com.stylefeng.guns.modular.api.controller.ApiPlanController.reindlist(java.lang.String)
2018-05-07 10:03:56,315 [INFO] [restartedMain] o.s.w.s.mvc.method.annotation.RequestMappingHandlerMapping [AbstractHandlerMethodMapping.java : 543] Mapped "{[/api/link/{usercode}]}" onto public java.lang.String com.stylefeng.guns.modular.api.controller.LinkController.userlink(java.lang.String)
2018-05-07 10:03:56,315 [INFO] [restartedMain] o.s.w.s.mvc.method.annotation.RequestMappingHandlerMapping [AbstractHandlerMethodMapping.java : 543] Mapped "{[/api/web]}" onto public java.lang.String com.stylefeng.guns.modular.api.controller.WebController.index()
2018-05-07 10:03:56,315 [INFO] [restartedMain] o.s.w.s.mvc.method.annotation.RequestMappingHandlerMapping [AbstractHandlerMethodMapping.java : 543] Mapped "{[/api/web/home]}" onto public java.lang.String com.stylefeng.guns.modular.api.controller.WebController.home()
2018-05-07 10:03:56,315 [INFO] [restartedMain] o.s.w.s.mvc.method.annotation.RequestMappingHandlerMapping [AbstractHandlerMethodMapping.java : 543] Mapped "{[/api/web/timeline]}" onto public java.lang.String com.stylefeng.guns.modular.api.controller.WebController.timeline()
2018-05-07 10:03:56,315 [INFO] [restartedMain] o.s.w.s.mvc.method.annotation.RequestMappingHandlerMapping [AbstractHandlerMethodMapping.java : 543] Mapped "{[/api/web/about]}" onto public java.lang.String com.stylefeng.guns.modular.api.controller.WebController.about()
2018-05-07 10:03:56,315 [INFO] [restartedMain] o.s.w.s.mvc.method.annotation.RequestMappingHandlerMapping [AbstractHandlerMethodMapping.java : 543] Mapped "{[/code/generate],methods=[POST]}" onto public java.lang.Object com.stylefeng.guns.modular.code.controller.CodeController.generate(com.stylefeng.guns.generator.action.model.GenQo)
2018-05-07 10:03:56,315 [INFO] [restartedMain] o.s.w.s.mvc.method.annotation.RequestMappingHandlerMapping [AbstractHandlerMethodMapping.java : 543] Mapped "{[/code]}" onto public java.lang.String com.stylefeng.guns.modular.code.controller.CodeController.blackboard(org.springframework.ui.Model)
2018-05-07 10:03:56,330 [INFO] [restartedMain] o.s.w.s.mvc.method.annotation.RequestMappingHandlerMapping [AbstractHandlerMethodMapping.java : 543] Mapped "{[/expense]}" onto public java.lang.String com.stylefeng.guns.modular.flowable.controller.ExpenseController.index()
2018-05-07 10:03:56,330 [INFO] [restartedMain] o.s.w.s.mvc.method.annotation.RequestMappingHandlerMapping [AbstractHandlerMethodMapping.java : 543] Mapped "{[/expense/add]}" onto public java.lang.Object com.stylefeng.guns.modular.flowable.controller.ExpenseController.add(com.stylefeng.guns.modular.system.model.Expense)
2018-05-07 10:03:56,330 [INFO] [restartedMain] o.s.w.s.mvc.method.annotation.RequestMappingHandlerMapping [AbstractHandlerMethodMapping.java : 543] Mapped "{[/expense/update]}" onto public java.lang.Object com.stylefeng.guns.modular.flowable.controller.ExpenseController.update(com.stylefeng.guns.modular.system.model.Expense)
2018-05-07 10:03:56,330 [INFO] [restartedMain] o.s.w.s.mvc.method.annotation.RequestMappingHandlerMapping [AbstractHandlerMethodMapping.java : 543] Mapped "{[/expense/delete]}" onto public java.lang.Object com.stylefeng.guns.modular.flowable.controller.ExpenseController.delete(java.lang.Integer)
2018-05-07 10:03:56,330 [INFO] [restartedMain] o.s.w.s.mvc.method.annotation.RequestMappingHandlerMapping [AbstractHandlerMethodMapping.java : 543] Mapped "{[/expense/list]}" onto public java.lang.Object com.stylefeng.guns.modular.flowable.controller.ExpenseController.list(java.lang.String)
2018-05-07 10:03:56,330 [INFO] [restartedMain] o.s.w.s.mvc.method.annotation.RequestMappingHandlerMapping [AbstractHandlerMethodMapping.java : 543] Mapped "{[/expense/detail/{expenseId}]}" onto public java.lang.Object com.stylefeng.guns.modular.flowable.controller.ExpenseController.detail(java.lang.Integer)
2018-05-07 10:03:56,330 [INFO] [restartedMain] o.s.w.s.mvc.method.annotation.RequestMappingHandlerMapping [AbstractHandlerMethodMapping.java : 543] Mapped "{[/expense/expense_update/{expenseId}]}" onto public void com.stylefeng.guns.modular.flowable.controller.ExpenseController.expenseView(java.lang.Integer)
2018-05-07 10:03:56,330 [INFO] [restartedMain] o.s.w.s.mvc.method.annotation.RequestMappingHandlerMapping [AbstractHandlerMethodMapping.java : 543] Mapped "{[/expense/expense_add]}" onto public java.lang.String com.stylefeng.guns.modular.flowable.controller.ExpenseController.expenseAdd()
2018-05-07 10:03:56,330 [INFO] [restartedMain] o.s.w.s.mvc.method.annotation.RequestMappingHandlerMapping [AbstractHandlerMethodMapping.java : 543] Mapped "{[/process]}" onto public java.lang.String com.stylefeng.guns.modular.flowable.controller.ProcessController.index()
2018-05-07 10:03:56,330 [INFO] [restartedMain] o.s.w.s.mvc.method.annotation.RequestMappingHandlerMapping [AbstractHandlerMethodMapping.java : 543] Mapped "{[/process/list]}" onto public java.lang.Object com.stylefeng.guns.modular.flowable.controller.ProcessController.list(java.lang.String)
2018-05-07 10:03:56,330 [INFO] [restartedMain] o.s.w.s.mvc.method.annotation.RequestMappingHandlerMapping [AbstractHandlerMethodMapping.java : 543] Mapped "{[/process/unPass]}" onto public java.lang.Object com.stylefeng.guns.modular.flowable.controller.ProcessController.unPass(java.lang.String)
2018-05-07 10:03:56,330 [INFO] [restartedMain] o.s.w.s.mvc.method.annotation.RequestMappingHandlerMapping [AbstractHandlerMethodMapping.java : 543] Mapped "{[/process/pass]}" onto public java.lang.Object com.stylefeng.guns.modular.flowable.controller.ProcessController.pass(java.lang.String)
2018-05-07 10:03:56,330 [INFO] [restartedMain] o.s.w.s.mvc.method.annotation.RequestMappingHandlerMapping [AbstractHandlerMethodMapping.java : 543] Mapped "{[/note]}" onto public java.lang.String com.stylefeng.guns.modular.schedule.controller.NoteController.index()
2018-05-07 10:03:56,346 [INFO] [restartedMain] o.s.w.s.mvc.method.annotation.RequestMappingHandlerMapping [AbstractHandlerMethodMapping.java : 543] Mapped "{[/note/add]}" onto public java.lang.Object com.stylefeng.guns.modular.schedule.controller.NoteController.add(com.stylefeng.guns.modular.system.model.Note)
2018-05-07 10:03:56,346 [INFO] [restartedMain] o.s.w.s.mvc.method.annotation.RequestMappingHandlerMapping [AbstractHandlerMethodMapping.java : 543] Mapped "{[/note/update]}" onto public java.lang.Object com.stylefeng.guns.modular.schedule.controller.NoteController.update(com.stylefeng.guns.modular.system.model.Note)
2018-05-07 10:03:56,346 [INFO] [restartedMain] o.s.w.s.mvc.method.annotation.RequestMappingHandlerMapping [AbstractHandlerMethodMapping.java : 543] Mapped "{[/note/delete]}" onto public java.lang.Object com.stylefeng.guns.modular.schedule.controller.NoteController.delete(java.lang.Integer)
2018-05-07 10:03:56,346 [INFO] [restartedMain] o.s.w.s.mvc.method.annotation.RequestMappingHandlerMapping [AbstractHandlerMethodMapping.java : 543] Mapped "{[/note/list]}" onto public java.lang.Object com.stylefeng.guns.modular.schedule.controller.NoteController.list(java.lang.String)
2018-05-07 10:03:56,346 [INFO] [restartedMain] o.s.w.s.mvc.method.annotation.RequestMappingHandlerMapping [AbstractHandlerMethodMapping.java : 543] Mapped "{[/note/detail/{noteId}]}" onto public java.lang.Object com.stylefeng.guns.modular.schedule.controller.NoteController.detail(java.lang.Integer)
2018-05-07 10:03:56,346 [INFO] [restartedMain] o.s.w.s.mvc.method.annotation.RequestMappingHandlerMapping [AbstractHandlerMethodMapping.java : 543] Mapped "{[/note/note_info]}" onto public java.lang.String com.stylefeng.guns.modular.schedule.controller.NoteController.noteInfo()
2018-05-07 10:03:56,346 [INFO] [restartedMain] o.s.w.s.mvc.method.annotation.RequestMappingHandlerMapping [AbstractHandlerMethodMapping.java : 543] Mapped "{[/note/note_update/{noteId}]}" onto public java.lang.String com.stylefeng.guns.modular.schedule.controller.NoteController.noteUpdate(java.lang.Integer,org.springframework.ui.Model)
2018-05-07 10:03:56,346 [INFO] [restartedMain] o.s.w.s.mvc.method.annotation.RequestMappingHandlerMapping [AbstractHandlerMethodMapping.java : 543] Mapped "{[/note/note_add]}" onto public java.lang.String com.stylefeng.guns.modular.schedule.controller.NoteController.noteAdd()
2018-05-07 10:03:56,346 [INFO] [restartedMain] o.s.w.s.mvc.method.annotation.RequestMappingHandlerMapping [AbstractHandlerMethodMapping.java : 543] Mapped "{[/plan]}" onto public java.lang.String com.stylefeng.guns.modular.schedule.controller.PlanController.index()
2018-05-07 10:03:56,346 [INFO] [restartedMain] o.s.w.s.mvc.method.annotation.RequestMappingHandlerMapping [AbstractHandlerMethodMapping.java : 543] Mapped "{[/plan/add]}" onto public java.lang.Object com.stylefeng.guns.modular.schedule.controller.PlanController.add(com.stylefeng.guns.modular.system.model.Plan)
2018-05-07 10:03:56,346 [INFO] [restartedMain] o.s.w.s.mvc.method.annotation.RequestMappingHandlerMapping [AbstractHandlerMethodMapping.java : 543] Mapped "{[/plan/update]}" onto public java.lang.Object com.stylefeng.guns.modular.schedule.controller.PlanController.update(com.stylefeng.guns.modular.system.model.Plan)
2018-05-07 10:03:56,346 [INFO] [restartedMain] o.s.w.s.mvc.method.annotation.RequestMappingHandlerMapping [AbstractHandlerMethodMapping.java : 543] Mapped "{[/plan/delete]}" onto public java.lang.Object com.stylefeng.guns.modular.schedule.controller.PlanController.delete(java.lang.Integer)
2018-05-07 10:03:56,346 [INFO] [restartedMain] o.s.w.s.mvc.method.annotation.RequestMappingHandlerMapping [AbstractHandlerMethodMapping.java : 543] Mapped "{[/plan/list]}" onto public java.lang.Object com.stylefeng.guns.modular.schedule.controller.PlanController.list(java.lang.String)
2018-05-07 10:03:56,362 [INFO] [restartedMain] o.s.w.s.mvc.method.annotation.RequestMappingHandlerMapping [AbstractHandlerMethodMapping.java : 543] Mapped "{[/plan/detail/{planId}]}" onto public java.lang.Object com.stylefeng.guns.modular.schedule.controller.PlanController.detail(java.lang.Integer)
2018-05-07 10:03:56,362 [INFO] [restartedMain] o.s.w.s.mvc.method.annotation.RequestMappingHandlerMapping [AbstractHandlerMethodMapping.java : 543] Mapped "{[/plan/plan_update/{planId}]}" onto public java.lang.String com.stylefeng.guns.modular.schedule.controller.PlanController.planUpdate(java.lang.Integer,org.springframework.ui.Model)
2018-05-07 10:03:56,362 [INFO] [restartedMain] o.s.w.s.mvc.method.annotation.RequestMappingHandlerMapping [AbstractHandlerMethodMapping.java : 543] Mapped "{[/plan/plan_add]}" onto public java.lang.String com.stylefeng.guns.modular.schedule.controller.PlanController.planAdd()
2018-05-07 10:03:56,362 [INFO] [restartedMain] o.s.w.s.mvc.method.annotation.RequestMappingHandlerMapping [AbstractHandlerMethodMapping.java : 543] Mapped "{[/plan/plan_info]}" onto public java.lang.String com.stylefeng.guns.modular.schedule.controller.PlanController.plan_info()
2018-05-07 10:03:56,362 [INFO] [restartedMain] o.s.w.s.mvc.method.annotation.RequestMappingHandlerMapping [AbstractHandlerMethodMapping.java : 543] Mapped "{[/scheduleAdmin]}" onto public java.lang.String com.stylefeng.guns.modular.schedule.controller.ScheduleAdminController.index()
2018-05-07 10:03:56,362 [INFO] [restartedMain] o.s.w.s.mvc.method.annotation.RequestMappingHandlerMapping [AbstractHandlerMethodMapping.java : 543] Mapped "{[/scheduleAdmin/add]}" onto public com.stylefeng.guns.core.base.tips.Tip com.stylefeng.guns.modular.schedule.controller.ScheduleAdminController.add(com.stylefeng.guns.modular.system.transfer.UserDto,org.springframework.validation.BindingResult)
2018-05-07 10:03:56,362 [INFO] [restartedMain] o.s.w.s.mvc.method.annotation.RequestMappingHandlerMapping [AbstractHandlerMethodMapping.java : 543] Mapped "{[/scheduleAdmin/delete]}" onto public com.stylefeng.guns.core.base.tips.Tip com.stylefeng.guns.modular.schedule.controller.ScheduleAdminController.delete(java.lang.Integer)
2018-05-07 10:03:56,362 [INFO] [restartedMain] o.s.w.s.mvc.method.annotation.RequestMappingHandlerMapping [AbstractHandlerMethodMapping.java : 543] Mapped "{[/scheduleAdmin/list]}" onto public java.lang.Object com.stylefeng.guns.modular.schedule.controller.ScheduleAdminController.list(java.lang.String,java.lang.String,java.lang.String,java.lang.Integer)
2018-05-07 10:03:56,362 [INFO] [restartedMain] o.s.w.s.mvc.method.annotation.RequestMappingHandlerMapping [AbstractHandlerMethodMapping.java : 543] Mapped "{[/scheduleAdmin/reset]}" onto public com.stylefeng.guns.core.base.tips.Tip com.stylefeng.guns.modular.schedule.controller.ScheduleAdminController.reset(java.lang.Integer)
2018-05-07 10:03:56,362 [INFO] [restartedMain] o.s.w.s.mvc.method.annotation.RequestMappingHandlerMapping [AbstractHandlerMethodMapping.java : 543] Mapped "{[/scheduleAdmin/user_info]}" onto public java.lang.String com.stylefeng.guns.modular.schedule.controller.ScheduleAdminController.userInfo(org.springframework.ui.Model)
2018-05-07 10:03:56,362 [INFO] [restartedMain] o.s.w.s.mvc.method.annotation.RequestMappingHandlerMapping [AbstractHandlerMethodMapping.java : 543] Mapped "{[/scheduleAdmin/view/{userId}]}" onto public com.stylefeng.guns.modular.system.model.User com.stylefeng.guns.modular.schedule.controller.ScheduleAdminController.view(java.lang.Integer)
2018-05-07 10:03:56,362 [INFO] [restartedMain] o.s.w.s.mvc.method.annotation.RequestMappingHandlerMapping [AbstractHandlerMethodMapping.java : 543] Mapped "{[/scheduleAdmin/setRole]}" onto public com.stylefeng.guns.core.base.tips.Tip com.stylefeng.guns.modular.schedule.controller.ScheduleAdminController.setRole(java.lang.Integer,java.lang.String)
2018-05-07 10:03:56,372 [INFO] [restartedMain] o.s.w.s.mvc.method.annotation.RequestMappingHandlerMapping [AbstractHandlerMethodMapping.java : 543] Mapped "{[/scheduleAdmin/changePwd]}" onto public java.lang.Object com.stylefeng.guns.modular.schedule.controller.ScheduleAdminController.changePwd(java.lang.String,java.lang.String,java.lang.String)
2018-05-07 10:03:56,373 [INFO] [restartedMain] o.s.w.s.mvc.method.annotation.RequestMappingHandlerMapping [AbstractHandlerMethodMapping.java : 543] Mapped "{[/scheduleAdmin/freeze]}" onto public com.stylefeng.guns.core.base.tips.Tip com.stylefeng.guns.modular.schedule.controller.ScheduleAdminController.freeze(java.lang.Integer)
2018-05-07 10:03:56,373 [INFO] [restartedMain] o.s.w.s.mvc.method.annotation.RequestMappingHandlerMapping [AbstractHandlerMethodMapping.java : 543] Mapped "{[/scheduleAdmin/role_assign/{userId}]}" onto public java.lang.String com.stylefeng.guns.modular.schedule.controller.ScheduleAdminController.roleAssign(java.lang.Integer,org.springframework.ui.Model)
2018-05-07 10:03:56,374 [INFO] [restartedMain] o.s.w.s.mvc.method.annotation.RequestMappingHandlerMapping [AbstractHandlerMethodMapping.java : 543] Mapped "{[/scheduleAdmin/user_chpwd]}" onto public java.lang.String com.stylefeng.guns.modular.schedule.controller.ScheduleAdminController.chPwd()
2018-05-07 10:03:56,375 [INFO] [restartedMain] o.s.w.s.mvc.method.annotation.RequestMappingHandlerMapping [AbstractHandlerMethodMapping.java : 543] Mapped "{[/scheduleAdmin/user_add]}" onto public java.lang.String com.stylefeng.guns.modular.schedule.controller.ScheduleAdminController.addView()
2018-05-07 10:03:56,375 [INFO] [restartedMain] o.s.w.s.mvc.method.annotation.RequestMappingHandlerMapping [AbstractHandlerMethodMapping.java : 543] Mapped "{[/scheduleAdmin/user_edit/{userId}]}" onto public java.lang.String com.stylefeng.guns.modular.schedule.controller.ScheduleAdminController.userEdit(java.lang.Integer,org.springframework.ui.Model)
2018-05-07 10:03:56,376 [INFO] [restartedMain] o.s.w.s.mvc.method.annotation.RequestMappingHandlerMapping [AbstractHandlerMethodMapping.java : 543] Mapped "{[/scheduleAdmin/edit]}" onto public com.stylefeng.guns.core.base.tips.Tip com.stylefeng.guns.modular.schedule.controller.ScheduleAdminController.edit(com.stylefeng.guns.modular.system.transfer.UserDto,org.springframework.validation.BindingResult) throws javax.naming.NoPermissionException
2018-05-07 10:03:56,377 [INFO] [restartedMain] o.s.w.s.mvc.method.annotation.RequestMappingHandlerMapping [AbstractHandlerMethodMapping.java : 543] Mapped "{[/scheduleAdmin/unfreeze]}" onto public com.stylefeng.guns.core.base.tips.Tip com.stylefeng.guns.modular.schedule.controller.ScheduleAdminController.unfreeze(java.lang.Integer)
2018-05-07 10:03:56,378 [INFO] [restartedMain] o.s.w.s.mvc.method.annotation.RequestMappingHandlerMapping [AbstractHandlerMethodMapping.java : 543] Mapped "{[/scheduleAdmin/upload],methods=[POST]}" onto public java.lang.String com.stylefeng.guns.modular.schedule.controller.ScheduleAdminController.upload(org.springframework.web.multipart.MultipartFile)
2018-05-07 10:03:56,381 [INFO] [restartedMain] o.s.w.s.mvc.method.annotation.RequestMappingHandlerMapping [AbstractHandlerMethodMapping.java : 543] Mapped "{[/scheduleUser]}" onto public java.lang.String com.stylefeng.guns.modular.schedule.controller.ScheduleUserController.index()
2018-05-07 10:03:56,382 [INFO] [restartedMain] o.s.w.s.mvc.method.annotation.RequestMappingHandlerMapping [AbstractHandlerMethodMapping.java : 543] Mapped "{[/scheduleUser/add]}" onto public com.stylefeng.guns.core.base.tips.Tip com.stylefeng.guns.modular.schedule.controller.ScheduleUserController.add(com.stylefeng.guns.modular.system.transfer.UserDto,org.springframework.validation.BindingResult)
2018-05-07 10:03:56,383 [INFO] [restartedMain] o.s.w.s.mvc.method.annotation.RequestMappingHandlerMapping [AbstractHandlerMethodMapping.java : 543] Mapped "{[/scheduleUser/delete]}" onto public com.stylefeng.guns.core.base.tips.Tip com.stylefeng.guns.modular.schedule.controller.ScheduleUserController.delete(java.lang.Integer)
2018-05-07 10:03:56,384 [INFO] [restartedMain] o.s.w.s.mvc.method.annotation.RequestMappingHandlerMapping [AbstractHandlerMethodMapping.java : 543] Mapped "{[/scheduleUser/list]}" onto public java.lang.Object com.stylefeng.guns.modular.schedule.controller.ScheduleUserController.list(java.lang.String,java.lang.String,java.lang.String,java.lang.Integer)
2018-05-07 10:03:56,384 [INFO] [restartedMain] o.s.w.s.mvc.method.annotation.RequestMappingHandlerMapping [AbstractHandlerMethodMapping.java : 543] Mapped "{[/scheduleUser/reset]}" onto public com.stylefeng.guns.core.base.tips.Tip com.stylefeng.guns.modular.schedule.controller.ScheduleUserController.reset(java.lang.Integer)
2018-05-07 10:03:56,385 [INFO] [restartedMain] o.s.w.s.mvc.method.annotation.RequestMappingHandlerMapping [AbstractHandlerMethodMapping.java : 543] Mapped "{[/scheduleUser/user_info]}" onto public java.lang.String com.stylefeng.guns.modular.schedule.controller.ScheduleUserController.userInfo(org.springframework.ui.Model)
2018-05-07 10:03:56,385 [INFO] [restartedMain] o.s.w.s.mvc.method.annotation.RequestMappingHandlerMapping [AbstractHandlerMethodMapping.java : 543] Mapped "{[/scheduleUser/view/{userId}]}" onto public com.stylefeng.guns.modular.system.model.User com.stylefeng.guns.modular.schedule.controller.ScheduleUserController.view(java.lang.Integer)
2018-05-07 10:03:56,386 [INFO] [restartedMain] o.s.w.s.mvc.method.annotation.RequestMappingHandlerMapping [AbstractHandlerMethodMapping.java : 543] Mapped "{[/scheduleUser/setRole]}" onto public com.stylefeng.guns.core.base.tips.Tip com.stylefeng.guns.modular.schedule.controller.ScheduleUserController.setRole(java.lang.Integer,java.lang.String)
2018-05-07 10:03:56,386 [INFO] [restartedMain] o.s.w.s.mvc.method.annotation.RequestMappingHandlerMapping [AbstractHandlerMethodMapping.java : 543] Mapped "{[/scheduleUser/changePwd]}" onto public java.lang.Object com.stylefeng.guns.modular.schedule.controller.ScheduleUserController.changePwd(java.lang.String,java.lang.String,java.lang.String)
2018-05-07 10:03:56,387 [INFO] [restartedMain] o.s.w.s.mvc.method.annotation.RequestMappingHandlerMapping [AbstractHandlerMethodMapping.java : 543] Mapped "{[/scheduleUser/freeze]}" onto public com.stylefeng.guns.core.base.tips.Tip com.stylefeng.guns.modular.schedule.controller.ScheduleUserController.freeze(java.lang.Integer)
2018-05-07 10:03:56,387 [INFO] [restartedMain] o.s.w.s.mvc.method.annotation.RequestMappingHandlerMapping [AbstractHandlerMethodMapping.java : 543] Mapped "{[/scheduleUser/role_assign/{userId}]}" onto public java.lang.String com.stylefeng.guns.modular.schedule.controller.ScheduleUserController.roleAssign(java.lang.Integer,org.springframework.ui.Model)
2018-05-07 10:03:56,388 [INFO] [restartedMain] o.s.w.s.mvc.method.annotation.RequestMappingHandlerMapping [AbstractHandlerMethodMapping.java : 543] Mapped "{[/scheduleUser/user_chpwd]}" onto public java.lang.String com.stylefeng.guns.modular.schedule.controller.ScheduleUserController.chPwd()
2018-05-07 10:03:56,388 [INFO] [restartedMain] o.s.w.s.mvc.method.annotation.RequestMappingHandlerMapping [AbstractHandlerMethodMapping.java : 543] Mapped "{[/scheduleUser/user_add]}" onto public java.lang.String com.stylefeng.guns.modular.schedule.controller.ScheduleUserController.addView()
2018-05-07 10:03:56,389 [INFO] [restartedMain] o.s.w.s.mvc.method.annotation.RequestMappingHandlerMapping [AbstractHandlerMethodMapping.java : 543] Mapped "{[/scheduleUser/user_edit/{userId}]}" onto public java.lang.String com.stylefeng.guns.modular.schedule.controller.ScheduleUserController.userEdit(java.lang.Integer,org.springframework.ui.Model)
2018-05-07 10:03:56,389 [INFO] [restartedMain] o.s.w.s.mvc.method.annotation.RequestMappingHandlerMapping [AbstractHandlerMethodMapping.java : 543] Mapped "{[/scheduleUser/edit]}" onto public com.stylefeng.guns.core.base.tips.Tip com.stylefeng.guns.modular.schedule.controller.ScheduleUserController.edit(com.stylefeng.guns.modular.system.transfer.UserDto,org.springframework.validation.BindingResult) throws javax.naming.NoPermissionException
2018-05-07 10:03:56,389 [INFO] [restartedMain] o.s.w.s.mvc.method.annotation.RequestMappingHandlerMapping [AbstractHandlerMethodMapping.java : 543] Mapped "{[/scheduleUser/updateLinkCode]}" onto public java.lang.Object com.stylefeng.guns.modular.schedule.controller.ScheduleUserController.updateLinkCode(int)
2018-05-07 10:03:56,390 [INFO] [restartedMain] o.s.w.s.mvc.method.annotation.RequestMappingHandlerMapping [AbstractHandlerMethodMapping.java : 543] Mapped "{[/scheduleUser/unfreeze]}" onto public com.stylefeng.guns.core.base.tips.Tip com.stylefeng.guns.modular.schedule.controller.ScheduleUserController.unfreeze(java.lang.Integer)
2018-05-07 10:03:56,390 [INFO] [restartedMain] o.s.w.s.mvc.method.annotation.RequestMappingHandlerMapping [AbstractHandlerMethodMapping.java : 543] Mapped "{[/scheduleUser/upload],methods=[POST]}" onto public java.lang.String com.stylefeng.guns.modular.schedule.controller.ScheduleUserController.upload(org.springframework.web.multipart.MultipartFile)
2018-05-07 10:03:56,391 [INFO] [restartedMain] o.s.w.s.mvc.method.annotation.RequestMappingHandlerMapping [AbstractHandlerMethodMapping.java : 543] Mapped "{[/blackboard]}" onto public java.lang.String com.stylefeng.guns.modular.system.controller.BlackboardController.blackboard(org.springframework.ui.Model)
2018-05-07 10:03:56,393 [INFO] [restartedMain] o.s.w.s.mvc.method.annotation.RequestMappingHandlerMapping [AbstractHandlerMethodMapping.java : 543] Mapped "{[/dept]}" onto public java.lang.String com.stylefeng.guns.modular.system.controller.DeptController.index()
2018-05-07 10:03:56,394 [INFO] [restartedMain] o.s.w.s.mvc.method.annotation.RequestMappingHandlerMapping [AbstractHandlerMethodMapping.java : 543] Mapped "{[/dept/add]}" onto public java.lang.Object com.stylefeng.guns.modular.system.controller.DeptController.add(com.stylefeng.guns.modular.system.model.Dept)
2018-05-07 10:03:56,394 [INFO] [restartedMain] o.s.w.s.mvc.method.annotation.RequestMappingHandlerMapping [AbstractHandlerMethodMapping.java : 543] Mapped "{[/dept/update]}" onto public java.lang.Object com.stylefeng.guns.modular.system.controller.DeptController.update(com.stylefeng.guns.modular.system.model.Dept)
2018-05-07 10:03:56,395 [INFO] [restartedMain] o.s.w.s.mvc.method.annotation.RequestMappingHandlerMapping [AbstractHandlerMethodMapping.java : 543] Mapped "{[/dept/delete]}" onto public java.lang.Object com.stylefeng.guns.modular.system.controller.DeptController.delete(java.lang.Integer)
2018-05-07 10:03:56,395 [INFO] [restartedMain] o.s.w.s.mvc.method.annotation.RequestMappingHandlerMapping [AbstractHandlerMethodMapping.java : 543] Mapped "{[/dept/list]}" onto public java.lang.Object com.stylefeng.guns.modular.system.controller.DeptController.list(java.lang.String)
2018-05-07 10:03:56,395 [INFO] [restartedMain] o.s.w.s.mvc.method.annotation.RequestMappingHandlerMapping [AbstractHandlerMethodMapping.java : 543] Mapped "{[/dept/tree]}" onto public java.util.List<com.stylefeng.guns.core.node.ZTreeNode> com.stylefeng.guns.modular.system.controller.DeptController.tree()
2018-05-07 10:03:56,396 [INFO] [restartedMain] o.s.w.s.mvc.method.annotation.RequestMappingHandlerMapping [AbstractHandlerMethodMapping.java : 543] Mapped "{[/dept/detail/{deptId}]}" onto public java.lang.Object com.stylefeng.guns.modular.system.controller.DeptController.detail(java.lang.Integer)
2018-05-07 10:03:56,397 [INFO] [restartedMain] o.s.w.s.mvc.method.annotation.RequestMappingHandlerMapping [AbstractHandlerMethodMapping.java : 543] Mapped "{[/dept/dept_add]}" onto public java.lang.String com.stylefeng.guns.modular.system.controller.DeptController.deptAdd()
2018-05-07 10:03:56,398 [INFO] [restartedMain] o.s.w.s.mvc.method.annotation.RequestMappingHandlerMapping [AbstractHandlerMethodMapping.java : 543] Mapped "{[/dept/dept_update/{deptId}]}" onto public java.lang.String com.stylefeng.guns.modular.system.controller.DeptController.deptUpdate(java.lang.Integer,org.springframework.ui.Model)
2018-05-07 10:03:56,401 [INFO] [restartedMain] o.s.w.s.mvc.method.annotation.RequestMappingHandlerMapping [AbstractHandlerMethodMapping.java : 543] Mapped "{[/dict]}" onto public java.lang.String com.stylefeng.guns.modular.system.controller.DictController.index()
2018-05-07 10:03:56,402 [INFO] [restartedMain] o.s.w.s.mvc.method.annotation.RequestMappingHandlerMapping [AbstractHandlerMethodMapping.java : 543] Mapped "{[/dict/add]}" onto public java.lang.Object com.stylefeng.guns.modular.system.controller.DictController.add(java.lang.String,java.lang.String)
2018-05-07 10:03:56,403 [INFO] [restartedMain] o.s.w.s.mvc.method.annotation.RequestMappingHandlerMapping [AbstractHandlerMethodMapping.java : 543] Mapped "{[/dict/update]}" onto public java.lang.Object com.stylefeng.guns.modular.system.controller.DictController.update(java.lang.Integer,java.lang.String,java.lang.String)
2018-05-07 10:03:56,404 [INFO] [restartedMain] o.s.w.s.mvc.method.annotation.RequestMappingHandlerMapping [AbstractHandlerMethodMapping.java : 543] Mapped "{[/dict/delete]}" onto public java.lang.Object com.stylefeng.guns.modular.system.controller.DictController.delete(java.lang.Integer)
2018-05-07 10:03:56,405 [INFO] [restartedMain] o.s.w.s.mvc.method.annotation.RequestMappingHandlerMapping [AbstractHandlerMethodMapping.java : 543] Mapped "{[/dict/list]}" onto public java.lang.Object com.stylefeng.guns.modular.system.controller.DictController.list(java.lang.String)
2018-05-07 10:03:56,406 [INFO] [restartedMain] o.s.w.s.mvc.method.annotation.RequestMappingHandlerMapping [AbstractHandlerMethodMapping.java : 543] Mapped "{[/dict/detail/{dictId}]}" onto public java.lang.Object com.stylefeng.guns.modular.system.controller.DictController.detail(java.lang.Integer)
2018-05-07 10:03:56,412 [INFO] [restartedMain] o.s.w.s.mvc.method.annotation.RequestMappingHandlerMapping [AbstractHandlerMethodMapping.java : 543] Mapped "{[/dict/dict_add]}" onto public java.lang.String com.stylefeng.guns.modular.system.controller.DictController.deptAdd()
2018-05-07 10:03:56,415 [INFO] [restartedMain] o.s.w.s.mvc.method.annotation.RequestMappingHandlerMapping [AbstractHandlerMethodMapping.java : 543] Mapped "{[/dict/dict_edit/{dictId}]}" onto public java.lang.String com.stylefeng.guns.modular.system.controller.DictController.deptUpdate(java.lang.Integer,org.springframework.ui.Model)
2018-05-07 10:03:56,417 [INFO] [restartedMain] o.s.w.s.mvc.method.annotation.RequestMappingHandlerMapping [AbstractHandlerMethodMapping.java : 543] Mapped "{[/index/admin_updateLinkCode]}" onto public java.lang.Object com.stylefeng.guns.modular.system.controller.IndexController.updateLinkCode(int)
2018-05-07 10:03:56,418 [INFO] [restartedMain] o.s.w.s.mvc.method.annotation.RequestMappingHandlerMapping [AbstractHandlerMethodMapping.java : 543] Mapped "{[/index/updateLinkCode]}" onto public java.lang.Object com.stylefeng.guns.modular.system.controller.IndexController.updateLinkCode()
2018-05-07 10:03:56,418 [INFO] [restartedMain] o.s.w.s.mvc.method.annotation.RequestMappingHandlerMapping [AbstractHandlerMethodMapping.java : 543] Mapped "{[/index/getStatistics]}" onto public java.lang.Object com.stylefeng.guns.modular.system.controller.IndexController.getStatistics()
2018-05-07 10:03:56,420 [INFO] [restartedMain] o.s.w.s.mvc.method.annotation.RequestMappingHandlerMapping [AbstractHandlerMethodMapping.java : 543] Mapped "{[/kaptcha]}" onto public void com.stylefeng.guns.modular.system.controller.KaptchaController.index(javax.servlet.http.HttpServletRequest,javax.servlet.http.HttpServletResponse)
2018-05-07 10:03:56,420 [INFO] [restartedMain] o.s.w.s.mvc.method.annotation.RequestMappingHandlerMapping [AbstractHandlerMethodMapping.java : 543] Mapped "{[/kaptcha/{pictureId}]}" onto public void com.stylefeng.guns.modular.system.controller.KaptchaController.renderPicture(java.lang.String,javax.servlet.http.HttpServletResponse)
2018-05-07 10:03:56,421 [INFO] [restartedMain] o.s.w.s.mvc.method.annotation.RequestMappingHandlerMapping [AbstractHandlerMethodMapping.java : 543] Mapped "{[/log]}" onto public java.lang.String com.stylefeng.guns.modular.system.controller.LogController.index()
2018-05-07 10:03:56,422 [INFO] [restartedMain] o.s.w.s.mvc.method.annotation.RequestMappingHandlerMapping [AbstractHandlerMethodMapping.java : 543] Mapped "{[/log/list]}" onto public java.lang.Object com.stylefeng.guns.modular.system.controller.LogController.list(java.lang.String,java.lang.String,java.lang.String,java.lang.Integer)
2018-05-07 10:03:56,422 [INFO] [restartedMain] o.s.w.s.mvc.method.annotation.RequestMappingHandlerMapping [AbstractHandlerMethodMapping.java : 543] Mapped "{[/log/detail/{id}]}" onto public java.lang.Object com.stylefeng.guns.modular.system.controller.LogController.detail(java.lang.Integer)
2018-05-07 10:03:56,422 [INFO] [restartedMain] o.s.w.s.mvc.method.annotation.RequestMappingHandlerMapping [AbstractHandlerMethodMapping.java : 543] Mapped "{[/log/delLog]}" onto public java.lang.Object com.stylefeng.guns.modular.system.controller.LogController.delLog()
2018-05-07 10:03:56,423 [INFO] [restartedMain] o.s.w.s.mvc.method.annotation.RequestMappingHandlerMapping [AbstractHandlerMethodMapping.java : 543] Mapped "{[/],methods=[GET]}" onto public java.lang.String com.stylefeng.guns.modular.system.controller.LoginController.index(org.springframework.ui.Model)
2018-05-07 10:03:56,424 [INFO] [restartedMain] o.s.w.s.mvc.method.annotation.RequestMappingHandlerMapping [AbstractHandlerMethodMapping.java : 543] Mapped "{[/login],methods=[GET]}" onto public java.lang.String com.stylefeng.guns.modular.system.controller.LoginController.login()
2018-05-07 10:03:56,425 [INFO] [restartedMain] o.s.w.s.mvc.method.annotation.RequestMappingHandlerMapping [AbstractHandlerMethodMapping.java : 543] Mapped "{[/login],methods=[POST]}" onto public java.lang.String com.stylefeng.guns.modular.system.controller.LoginController.loginVali()
2018-05-07 10:03:56,427 [INFO] [restartedMain] o.s.w.s.mvc.method.annotation.RequestMappingHandlerMapping [AbstractHandlerMethodMapping.java : 543] Mapped "{[/logout],methods=[GET]}" onto public java.lang.String com.stylefeng.guns.modular.system.controller.LoginController.logOut()
2018-05-07 10:03:56,429 [INFO] [restartedMain] o.s.w.s.mvc.method.annotation.RequestMappingHandlerMapping [AbstractHandlerMethodMapping.java : 543] Mapped "{[/loginLog]}" onto public java.lang.String com.stylefeng.guns.modular.system.controller.LoginLogController.index()
2018-05-07 10:03:56,430 [INFO] [restartedMain] o.s.w.s.mvc.method.annotation.RequestMappingHandlerMapping [AbstractHandlerMethodMapping.java : 543] Mapped "{[/loginLog/list]}" onto public java.lang.Object com.stylefeng.guns.modular.system.controller.LoginLogController.list(java.lang.String,java.lang.String,java.lang.String)
2018-05-07 10:03:56,430 [INFO] [restartedMain] o.s.w.s.mvc.method.annotation.RequestMappingHandlerMapping [AbstractHandlerMethodMapping.java : 543] Mapped "{[/loginLog/delLoginLog]}" onto public java.lang.Object com.stylefeng.guns.modular.system.controller.LoginLogController.delLog()
2018-05-07 10:03:56,433 [INFO] [restartedMain] o.s.w.s.mvc.method.annotation.RequestMappingHandlerMapping [AbstractHandlerMethodMapping.java : 543] Mapped "{[/menu]}" onto public java.lang.String com.stylefeng.guns.modular.system.controller.MenuController.index()
2018-05-07 10:03:56,434 [INFO] [restartedMain] o.s.w.s.mvc.method.annotation.RequestMappingHandlerMapping [AbstractHandlerMethodMapping.java : 543] Mapped "{[/menu/add]}" onto public com.stylefeng.guns.core.base.tips.Tip com.stylefeng.guns.modular.system.controller.MenuController.add(com.stylefeng.guns.modular.system.model.Menu,org.springframework.validation.BindingResult)
2018-05-07 10:03:56,435 [INFO] [restartedMain] o.s.w.s.mvc.method.annotation.RequestMappingHandlerMapping [AbstractHandlerMethodMapping.java : 543] Mapped "{[/menu/remove]}" onto public com.stylefeng.guns.core.base.tips.Tip com.stylefeng.guns.modular.system.controller.MenuController.remove(java.lang.Long)
2018-05-07 10:03:56,435 [INFO] [restartedMain] o.s.w.s.mvc.method.annotation.RequestMappingHandlerMapping [AbstractHandlerMethodMapping.java : 543] Mapped "{[/menu/list]}" onto public java.lang.Object com.stylefeng.guns.modular.system.controller.MenuController.list(java.lang.String,java.lang.String)
2018-05-07 10:03:56,437 [INFO] [restartedMain] o.s.w.s.mvc.method.annotation.RequestMappingHandlerMapping [AbstractHandlerMethodMapping.java : 543] Mapped "{[/menu/menuTreeListByRoleId/{roleId}]}" onto public java.util.List<com.stylefeng.guns.core.node.ZTreeNode> com.stylefeng.guns.modular.system.controller.MenuController.menuTreeListByRoleId(java.lang.Integer)
2018-05-07 10:03:56,438 [INFO] [restartedMain] o.s.w.s.mvc.method.annotation.RequestMappingHandlerMapping [AbstractHandlerMethodMapping.java : 543] Mapped "{[/menu/selectMenuTreeList]}" onto public java.util.List<com.stylefeng.guns.core.node.ZTreeNode> com.stylefeng.guns.modular.system.controller.MenuController.selectMenuTreeList()
2018-05-07 10:03:56,438 [INFO] [restartedMain] o.s.w.s.mvc.method.annotation.RequestMappingHandlerMapping [AbstractHandlerMethodMapping.java : 543] Mapped "{[/menu/view/{menuId}]}" onto public com.stylefeng.guns.core.base.tips.Tip com.stylefeng.guns.modular.system.controller.MenuController.view(java.lang.Long)
2018-05-07 10:03:56,439 [INFO] [restartedMain] o.s.w.s.mvc.method.annotation.RequestMappingHandlerMapping [AbstractHandlerMethodMapping.java : 543] Mapped "{[/menu/edit]}" onto public com.stylefeng.guns.core.base.tips.Tip com.stylefeng.guns.modular.system.controller.MenuController.edit(com.stylefeng.guns.modular.system.model.Menu,org.springframework.validation.BindingResult)
2018-05-07 10:03:56,439 [INFO] [restartedMain] o.s.w.s.mvc.method.annotation.RequestMappingHandlerMapping [AbstractHandlerMethodMapping.java : 543] Mapped "{[/menu/menu_edit/{menuId}]}" onto public java.lang.String com.stylefeng.guns.modular.system.controller.MenuController.menuEdit(java.lang.Long,org.springframework.ui.Model)
2018-05-07 10:03:56,444 [INFO] [restartedMain] o.s.w.s.mvc.method.annotation.RequestMappingHandlerMapping [AbstractHandlerMethodMapping.java : 543] Mapped "{[/menu/menuTreeList]}" onto public java.util.List<com.stylefeng.guns.core.node.ZTreeNode> com.stylefeng.guns.modular.system.controller.MenuController.menuTreeList()
2018-05-07 10:03:56,448 [INFO] [restartedMain] o.s.w.s.mvc.method.annotation.RequestMappingHandlerMapping [AbstractHandlerMethodMapping.java : 543] Mapped "{[/menu/menu_add]}" onto public java.lang.String com.stylefeng.guns.modular.system.controller.MenuController.menuAdd()
2018-05-07 10:03:56,467 [INFO] [restartedMain] o.s.w.s.mvc.method.annotation.RequestMappingHandlerMapping [AbstractHandlerMethodMapping.java : 543] Mapped "{[/notice]}" onto public java.lang.String com.stylefeng.guns.modular.system.controller.NoticeController.index()
2018-05-07 10:03:56,468 [INFO] [restartedMain] o.s.w.s.mvc.method.annotation.RequestMappingHandlerMapping [AbstractHandlerMethodMapping.java : 543] Mapped "{[/notice/add]}" onto public java.lang.Object com.stylefeng.guns.modular.system.controller.NoticeController.add(com.stylefeng.guns.modular.system.model.Notice)
2018-05-07 10:03:56,469 [INFO] [restartedMain] o.s.w.s.mvc.method.annotation.RequestMappingHandlerMapping [AbstractHandlerMethodMapping.java : 543] Mapped "{[/notice/update]}" onto public java.lang.Object com.stylefeng.guns.modular.system.controller.NoticeController.update(com.stylefeng.guns.modular.system.model.Notice)
2018-05-07 10:03:56,469 [INFO] [restartedMain] o.s.w.s.mvc.method.annotation.RequestMappingHandlerMapping [AbstractHandlerMethodMapping.java : 543] Mapped "{[/notice/delete]}" onto public java.lang.Object com.stylefeng.guns.modular.system.controller.NoticeController.delete(java.lang.Integer)
2018-05-07 10:03:56,470 [INFO] [restartedMain] o.s.w.s.mvc.method.annotation.RequestMappingHandlerMapping [AbstractHandlerMethodMapping.java : 543] Mapped "{[/notice/list]}" onto public java.lang.Object com.stylefeng.guns.modular.system.controller.NoticeController.list(java.lang.String)
2018-05-07 10:03:56,470 [INFO] [restartedMain] o.s.w.s.mvc.method.annotation.RequestMappingHandlerMapping [AbstractHandlerMethodMapping.java : 543] Mapped "{[/notice/notice_update/{noticeId}]}" onto public java.lang.String com.stylefeng.guns.modular.system.controller.NoticeController.noticeUpdate(java.lang.Integer,org.springframework.ui.Model)
2018-05-07 10:03:56,471 [INFO] [restartedMain] o.s.w.s.mvc.method.annotation.RequestMappingHandlerMapping [AbstractHandlerMethodMapping.java : 543] Mapped "{[/notice/notice_add]}" onto public java.lang.String com.stylefeng.guns.modular.system.controller.NoticeController.noticeAdd()
2018-05-07 10:03:56,472 [INFO] [restartedMain] o.s.w.s.mvc.method.annotation.RequestMappingHandlerMapping [AbstractHandlerMethodMapping.java : 543] Mapped "{[/notice/hello]}" onto public java.lang.String com.stylefeng.guns.modular.system.controller.NoticeController.hello()
2018-05-07 10:03:56,473 [INFO] [restartedMain] o.s.w.s.mvc.method.annotation.RequestMappingHandlerMapping [AbstractHandlerMethodMapping.java : 543] Mapped "{[/resetPwd],methods=[POST]}" onto public com.stylefeng.guns.core.base.tips.Tip com.stylefeng.guns.modular.system.controller.RegistController.resetPwd(com.stylefeng.guns.modular.system.transfer.UserDto,org.springframework.validation.BindingResult)
2018-05-07 10:03:56,477 [INFO] [restartedMain] o.s.w.s.mvc.method.annotation.RequestMappingHandlerMapping [AbstractHandlerMethodMapping.java : 543] Mapped "{[/resetPwd],methods=[GET]}" onto public java.lang.String com.stylefeng.guns.modular.system.controller.RegistController.resetPwd()
2018-05-07 10:03:56,481 [INFO] [restartedMain] o.s.w.s.mvc.method.annotation.RequestMappingHandlerMapping [AbstractHandlerMethodMapping.java : 543] Mapped "{[/regist],methods=[POST]}" onto public com.stylefeng.guns.core.base.tips.Tip com.stylefeng.guns.modular.system.controller.RegistController.regist(com.stylefeng.guns.modular.system.transfer.UserDto,org.springframework.validation.BindingResult)
2018-05-07 10:03:56,481 [INFO] [restartedMain] o.s.w.s.mvc.method.annotation.RequestMappingHandlerMapping [AbstractHandlerMethodMapping.java : 543] Mapped "{[/regist],methods=[GET]}" onto public java.lang.String com.stylefeng.guns.modular.system.controller.RegistController.regist()
2018-05-07 10:03:56,484 [INFO] [restartedMain] o.s.w.s.mvc.method.annotation.RequestMappingHandlerMapping [AbstractHandlerMethodMapping.java : 543] Mapped "{[/role]}" onto public java.lang.String com.stylefeng.guns.modular.system.controller.RoleController.index()
2018-05-07 10:03:56,484 [INFO] [restartedMain] o.s.w.s.mvc.method.annotation.RequestMappingHandlerMapping [AbstractHandlerMethodMapping.java : 543] Mapped "{[/role/add]}" onto public com.stylefeng.guns.core.base.tips.Tip com.stylefeng.guns.modular.system.controller.RoleController.add(com.stylefeng.guns.modular.system.model.Role,org.springframework.validation.BindingResult)
2018-05-07 10:03:56,485 [INFO] [restartedMain] o.s.w.s.mvc.method.annotation.RequestMappingHandlerMapping [AbstractHandlerMethodMapping.java : 543] Mapped "{[/role/remove]}" onto public com.stylefeng.guns.core.base.tips.Tip com.stylefeng.guns.modular.system.controller.RoleController.remove(java.lang.Integer)
2018-05-07 10:03:56,485 [INFO] [restartedMain] o.s.w.s.mvc.method.annotation.RequestMappingHandlerMapping [AbstractHandlerMethodMapping.java : 543] Mapped "{[/role/list]}" onto public java.lang.Object com.stylefeng.guns.modular.system.controller.RoleController.list(java.lang.String)
2018-05-07 10:03:56,486 [INFO] [restartedMain] o.s.w.s.mvc.method.annotation.RequestMappingHandlerMapping [AbstractHandlerMethodMapping.java : 543] Mapped "{[/role/roleTreeListByUserId/{userId}]}" onto public java.util.List<com.stylefeng.guns.core.node.ZTreeNode> com.stylefeng.guns.modular.system.controller.RoleController.roleTreeListByUserId(java.lang.Integer)
2018-05-07 10:03:56,486 [INFO] [restartedMain] o.s.w.s.mvc.method.annotation.RequestMappingHandlerMapping [AbstractHandlerMethodMapping.java : 543] Mapped "{[/role/view/{roleId}]}" onto public com.stylefeng.guns.core.base.tips.Tip com.stylefeng.guns.modular.system.controller.RoleController.view(java.lang.Integer)
2018-05-07 10:03:56,487 [INFO] [restartedMain] o.s.w.s.mvc.method.annotation.RequestMappingHandlerMapping [AbstractHandlerMethodMapping.java : 543] Mapped "{[/role/role_assign/{roleId}]}" onto public java.lang.String com.stylefeng.guns.modular.system.controller.RoleController.roleAssign(java.lang.Integer,org.springframework.ui.Model)
2018-05-07 10:03:56,487 [INFO] [restartedMain] o.s.w.s.mvc.method.annotation.RequestMappingHandlerMapping [AbstractHandlerMethodMapping.java : 543] Mapped "{[/role/edit]}" onto public com.stylefeng.guns.core.base.tips.Tip com.stylefeng.guns.modular.system.controller.RoleController.edit(com.stylefeng.guns.modular.system.model.Role,org.springframework.validation.BindingResult)
2018-05-07 10:03:56,488 [INFO] [restartedMain] o.s.w.s.mvc.method.annotation.RequestMappingHandlerMapping [AbstractHandlerMethodMapping.java : 543] Mapped "{[/role/roleTreeList]}" onto public java.util.List<com.stylefeng.guns.core.node.ZTreeNode> com.stylefeng.guns.modular.system.controller.RoleController.roleTreeList()
2018-05-07 10:03:56,488 [INFO] [restartedMain] o.s.w.s.mvc.method.annotation.RequestMappingHandlerMapping [AbstractHandlerMethodMapping.java : 543] Mapped "{[/role/setAuthority]}" onto public com.stylefeng.guns.core.base.tips.Tip com.stylefeng.guns.modular.system.controller.RoleController.setAuthority(java.lang.Integer,java.lang.String)
2018-05-07 10:03:56,489 [INFO] [restartedMain] o.s.w.s.mvc.method.annotation.RequestMappingHandlerMapping [AbstractHandlerMethodMapping.java : 543] Mapped "{[/role/role_add]}" onto public java.lang.String com.stylefeng.guns.modular.system.controller.RoleController.roleAdd()
2018-05-07 10:03:56,489 [INFO] [restartedMain] o.s.w.s.mvc.method.annotation.RequestMappingHandlerMapping [AbstractHandlerMethodMapping.java : 543] Mapped "{[/role/role_edit/{roleId}]}" onto public java.lang.String com.stylefeng.guns.modular.system.controller.RoleController.roleEdit(java.lang.Integer,org.springframework.ui.Model)
2018-05-07 10:03:56,491 [INFO] [restartedMain] o.s.w.s.mvc.method.annotation.RequestMappingHandlerMapping [AbstractHandlerMethodMapping.java : 543] Mapped "{[/setup]}" onto public java.lang.String com.stylefeng.guns.modular.system.controller.SetupController.index()
2018-05-07 10:03:56,492 [INFO] [restartedMain] o.s.w.s.mvc.method.annotation.RequestMappingHandlerMapping [AbstractHandlerMethodMapping.java : 543] Mapped "{[/setup/add]}" onto public java.lang.Object com.stylefeng.guns.modular.system.controller.SetupController.add(com.stylefeng.guns.modular.system.model.Setup)
2018-05-07 10:03:56,494 [INFO] [restartedMain] o.s.w.s.mvc.method.annotation.RequestMappingHandlerMapping [AbstractHandlerMethodMapping.java : 543] Mapped "{[/setup/update]}" onto public java.lang.Object com.stylefeng.guns.modular.system.controller.SetupController.update(com.stylefeng.guns.modular.system.model.Setup)
2018-05-07 10:03:56,494 [INFO] [restartedMain] o.s.w.s.mvc.method.annotation.RequestMappingHandlerMapping [AbstractHandlerMethodMapping.java : 543] Mapped "{[/setup/delete]}" onto public java.lang.Object com.stylefeng.guns.modular.system.controller.SetupController.delete(java.lang.Integer)
2018-05-07 10:03:56,496 [INFO] [restartedMain] o.s.w.s.mvc.method.annotation.RequestMappingHandlerMapping [AbstractHandlerMethodMapping.java : 543] Mapped "{[/setup/list]}" onto public java.lang.Object com.stylefeng.guns.modular.system.controller.SetupController.list(java.lang.String)
2018-05-07 10:03:56,499 [INFO] [restartedMain] o.s.w.s.mvc.method.annotation.RequestMappingHandlerMapping [AbstractHandlerMethodMapping.java : 543] Mapped "{[/setup/detail/{setupId}]}" onto public java.lang.Object com.stylefeng.guns.modular.system.controller.SetupController.detail(java.lang.Integer)
2018-05-07 10:03:56,535 [INFO] [restartedMain] o.s.w.s.mvc.method.annotation.RequestMappingHandlerMapping [AbstractHandlerMethodMapping.java : 543] Mapped "{[/setup/setup_update/{setupId}]}" onto public java.lang.String com.stylefeng.guns.modular.system.controller.SetupController.setupUpdate(java.lang.Integer,org.springframework.ui.Model)
2018-05-07 10:03:56,538 [INFO] [restartedMain] o.s.w.s.mvc.method.annotation.RequestMappingHandlerMapping [AbstractHandlerMethodMapping.java : 543] Mapped "{[/setup/setup_about]}" onto public java.lang.String com.stylefeng.guns.modular.system.controller.SetupController.setupAbout(org.springframework.ui.Model)
2018-05-07 10:03:56,565 [INFO] [restartedMain] o.s.w.s.mvc.method.annotation.RequestMappingHandlerMapping [AbstractHandlerMethodMapping.java : 543] Mapped "{[/mgr]}" onto public java.lang.String com.stylefeng.guns.modular.system.controller.UserMgrController.index()
2018-05-07 10:03:56,566 [INFO] [restartedMain] o.s.w.s.mvc.method.annotation.RequestMappingHandlerMapping [AbstractHandlerMethodMapping.java : 543] Mapped "{[/mgr/add]}" onto public com.stylefeng.guns.core.base.tips.Tip com.stylefeng.guns.modular.system.controller.UserMgrController.add(com.stylefeng.guns.modular.system.transfer.UserDto,org.springframework.validation.BindingResult)
2018-05-07 10:03:56,566 [INFO] [restartedMain] o.s.w.s.mvc.method.annotation.RequestMappingHandlerMapping [AbstractHandlerMethodMapping.java : 543] Mapped "{[/mgr/delete]}" onto public com.stylefeng.guns.core.base.tips.Tip com.stylefeng.guns.modular.system.controller.UserMgrController.delete(java.lang.Integer)
2018-05-07 10:03:56,567 [INFO] [restartedMain] o.s.w.s.mvc.method.annotation.RequestMappingHandlerMapping [AbstractHandlerMethodMapping.java : 543] Mapped "{[/mgr/list]}" onto public java.lang.Object com.stylefeng.guns.modular.system.controller.UserMgrController.list(java.lang.String,java.lang.String,java.lang.String,java.lang.Integer)
2018-05-07 10:03:56,567 [INFO] [restartedMain] o.s.w.s.mvc.method.annotation.RequestMappingHandlerMapping [AbstractHandlerMethodMapping.java : 543] Mapped "{[/mgr/reset]}" onto public com.stylefeng.guns.core.base.tips.Tip com.stylefeng.guns.modular.system.controller.UserMgrController.reset(java.lang.Integer)
2018-05-07 10:03:56,567 [INFO] [restartedMain] o.s.w.s.mvc.method.annotation.RequestMappingHandlerMapping [AbstractHandlerMethodMapping.java : 543] Mapped "{[/mgr/user_info]}" onto public java.lang.String com.stylefeng.guns.modular.system.controller.UserMgrController.userInfo(org.springframework.ui.Model)
2018-05-07 10:03:56,568 [INFO] [restartedMain] o.s.w.s.mvc.method.annotation.RequestMappingHandlerMapping [AbstractHandlerMethodMapping.java : 543] Mapped "{[/mgr/view/{userId}]}" onto public com.stylefeng.guns.modular.system.model.User com.stylefeng.guns.modular.system.controller.UserMgrController.view(java.lang.Integer)
2018-05-07 10:03:56,601 [INFO] [restartedMain] o.s.w.s.mvc.method.annotation.RequestMappingHandlerMapping [AbstractHandlerMethodMapping.java : 543] Mapped "{[/mgr/setRole]}" onto public com.stylefeng.guns.core.base.tips.Tip com.stylefeng.guns.modular.system.controller.UserMgrController.setRole(java.lang.Integer,java.lang.String)
2018-05-07 10:03:56,602 [INFO] [restartedMain] o.s.w.s.mvc.method.annotation.RequestMappingHandlerMapping [AbstractHandlerMethodMapping.java : 543] Mapped "{[/mgr/changePwd]}" onto public java.lang.Object com.stylefeng.guns.modular.system.controller.UserMgrController.changePwd(java.lang.String,java.lang.String,java.lang.String)
2018-05-07 10:03:56,602 [INFO] [restartedMain] o.s.w.s.mvc.method.annotation.RequestMappingHandlerMapping [AbstractHandlerMethodMapping.java : 543] Mapped "{[/mgr/freeze]}" onto public com.stylefeng.guns.core.base.tips.Tip com.stylefeng.guns.modular.system.controller.UserMgrController.freeze(java.lang.Integer)
2018-05-07 10:03:56,603 [INFO] [restartedMain] o.s.w.s.mvc.method.annotation.RequestMappingHandlerMapping [AbstractHandlerMethodMapping.java : 543] Mapped "{[/mgr/role_assign/{userId}]}" onto public java.lang.String com.stylefeng.guns.modular.system.controller.UserMgrController.roleAssign(java.lang.Integer,org.springframework.ui.Model)
2018-05-07 10:03:56,604 [INFO] [restartedMain] o.s.w.s.mvc.method.annotation.RequestMappingHandlerMapping [AbstractHandlerMethodMapping.java : 543] Mapped "{[/mgr/user_chpwd]}" onto public java.lang.String com.stylefeng.guns.modular.system.controller.UserMgrController.chPwd()
2018-05-07 10:03:56,605 [INFO] [restartedMain] o.s.w.s.mvc.method.annotation.RequestMappingHandlerMapping [AbstractHandlerMethodMapping.java : 543] Mapped "{[/mgr/user_add]}" onto public java.lang.String com.stylefeng.guns.modular.system.controller.UserMgrController.addView()
2018-05-07 10:03:56,606 [INFO] [restartedMain] o.s.w.s.mvc.method.annotation.RequestMappingHandlerMapping [AbstractHandlerMethodMapping.java : 543] Mapped "{[/mgr/user_edit/{userId}]}" onto public java.lang.String com.stylefeng.guns.modular.system.controller.UserMgrController.userEdit(java.lang.Integer,org.springframework.ui.Model)
2018-05-07 10:03:56,606 [INFO] [restartedMain] o.s.w.s.mvc.method.annotation.RequestMappingHandlerMapping [AbstractHandlerMethodMapping.java : 543] Mapped "{[/mgr/edit]}" onto public com.stylefeng.guns.core.base.tips.Tip com.stylefeng.guns.modular.system.controller.UserMgrController.edit(com.stylefeng.guns.modular.system.transfer.UserDto,org.springframework.validation.BindingResult) throws javax.naming.NoPermissionException
2018-05-07 10:03:56,607 [INFO] [restartedMain] o.s.w.s.mvc.method.annotation.RequestMappingHandlerMapping [AbstractHandlerMethodMapping.java : 543] Mapped "{[/mgr/unfreeze]}" onto public com.stylefeng.guns.core.base.tips.Tip com.stylefeng.guns.modular.system.controller.UserMgrController.unfreeze(java.lang.Integer)
2018-05-07 10:03:56,621 [INFO] [restartedMain] o.s.w.s.mvc.method.annotation.RequestMappingHandlerMapping [AbstractHandlerMethodMapping.java : 543] Mapped "{[/mgr/upload],methods=[POST]}" onto public java.lang.String com.stylefeng.guns.modular.system.controller.UserMgrController.upload(org.springframework.web.multipart.MultipartFile)
2018-05-07 10:03:56,630 [INFO] [restartedMain] o.s.w.s.mvc.method.annotation.RequestMappingHandlerMapping [AbstractHandlerMethodMapping.java : 543] Mapped "{[/global/error]}" onto public java.lang.String com.stylefeng.guns.core.base.controller.GlobalController.errorPage()
2018-05-07 10:03:56,630 [INFO] [restartedMain] o.s.w.s.mvc.method.annotation.RequestMappingHandlerMapping [AbstractHandlerMethodMapping.java : 543] Mapped "{[/global/sessionError]}" onto public java.lang.String com.stylefeng.guns.core.base.controller.GlobalController.errorPageInfo(org.springframework.ui.Model)
2018-05-07 10:03:56,633 [INFO] [restartedMain] o.s.w.s.mvc.method.annotation.RequestMappingHandlerMapping [AbstractHandlerMethodMapping.java : 543] Mapped "{[/v2/api-docs],methods=[GET]}" onto public org.springframework.http.ResponseEntity<springfox.documentation.spring.web.json.Json> springfox.documentation.swagger2.web.Swagger2Controller.getDocumentation(java.lang.String)
2018-05-07 10:03:56,641 [INFO] [restartedMain] o.s.w.s.mvc.method.annotation.RequestMappingHandlerMapping [AbstractHandlerMethodMapping.java : 543] Mapped "{[/configuration/security]}" onto org.springframework.http.ResponseEntity<springfox.documentation.swagger.web.SecurityConfiguration> springfox.documentation.swagger.web.ApiResourceController.securityConfiguration()
2018-05-07 10:03:56,642 [INFO] [restartedMain] o.s.w.s.mvc.method.annotation.RequestMappingHandlerMapping [AbstractHandlerMethodMapping.java : 543] Mapped "{[/swagger-resources]}" onto org.springframework.http.ResponseEntity<java.util.List<springfox.documentation.swagger.web.SwaggerResource>> springfox.documentation.swagger.web.ApiResourceController.swaggerResources()
2018-05-07 10:03:56,645 [INFO] [restartedMain] o.s.w.s.mvc.method.annotation.RequestMappingHandlerMapping [AbstractHandlerMethodMapping.java : 543] Mapped "{[/configuration/ui]}" onto org.springframework.http.ResponseEntity<springfox.documentation.swagger.web.UiConfiguration> springfox.documentation.swagger.web.ApiResourceController.uiConfiguration()
2018-05-07 10:03:56,648 [INFO] [restartedMain] o.s.w.s.mvc.method.annotation.RequestMappingHandlerMapping [AbstractHandlerMethodMapping.java : 543] Mapped "{[/error]}" onto public org.springframework.http.ResponseEntity<java.util.Map<java.lang.String, java.lang.Object>> org.springframework.boot.autoconfigure.web.BasicErrorController.error(javax.servlet.http.HttpServletRequest)
2018-05-07 10:03:56,649 [INFO] [restartedMain] o.s.w.s.mvc.method.annotation.RequestMappingHandlerMapping [AbstractHandlerMethodMapping.java : 543] Mapped "{[/error],produces=[text/html]}" onto public org.springframework.web.servlet.ModelAndView org.springframework.boot.autoconfigure.web.BasicErrorController.errorHtml(javax.servlet.http.HttpServletRequest,javax.servlet.http.HttpServletResponse)
2018-05-07 10:03:58,593 [INFO] [restartedMain] o.s.w.s.mvc.method.annotation.RequestMappingHandlerAdapter [RequestMappingHandlerAdapter.java : 534] Looking for @ControllerAdvice: org.springframework.boot.context.embedded.AnnotationConfigEmbeddedWebApplicationContext@3a1708cb: startup date [Mon May 07 10:03:34 CST 2018]; root of context hierarchy
2018-05-07 10:03:58,784 [INFO] [restartedMain] o.s.web.servlet.handler.SimpleUrlHandlerMapping [AbstractUrlHandlerMapping.java : 362] Mapped URL path [/swagger-ui.html] onto handler of type [class org.springframework.web.servlet.resource.ResourceHttpRequestHandler]
2018-05-07 10:03:58,784 [INFO] [restartedMain] o.s.web.servlet.handler.SimpleUrlHandlerMapping [AbstractUrlHandlerMapping.java : 362] Mapped URL path [/webjars/**] onto handler of type [class org.springframework.web.servlet.resource.ResourceHttpRequestHandler]
2018-05-07 10:03:58,784 [INFO] [restartedMain] o.s.web.servlet.handler.SimpleUrlHandlerMapping [AbstractUrlHandlerMapping.java : 362] Mapped URL path [/static/**] onto handler of type [class org.springframework.web.servlet.resource.ResourceHttpRequestHandler]
2018-05-07 10:03:58,858 [INFO] [restartedMain] o.s.w.s.m.m.annotation.ExceptionHandlerExceptionResolver [ExceptionHandlerExceptionResolver.java : 273] Detected @ExceptionHandler methods in globalExceptionHandler
2018-05-07 10:03:58,916 [INFO] [restartedMain] o.s.web.servlet.handler.SimpleUrlHandlerMapping [AbstractUrlHandlerMapping.java : 362] Mapped URL path [/**/favicon.ico] onto handler of type [class org.springframework.web.servlet.resource.ResourceHttpRequestHandler]
2018-05-07 10:04:00,269 [WARN] [restartedMain] o.s.b.c.e.AnnotationConfigEmbeddedWebApplicationContext [AbstractApplicationContext.java : 551] Exception encountered during context initialization - cancelling refresh attempt: org.springframework.beans.factory.BeanCreationException: Error creating bean with name 'classPathFileSystemWatcher' defined in class path resource [org/springframework/boot/devtools/autoconfigure/LocalDevToolsAutoConfiguration$RestartConfiguration.class]: Bean instantiation via factory method failed; nested exception is org.springframework.beans.BeanInstantiationException: Failed to instantiate [org.springframework.boot.devtools.classpath.ClassPathFileSystemWatcher]: Factory method 'classPathFileSystemWatcher' threw exception; nested exception is java.lang.IllegalArgumentException: Folder 'D:\software\user\git\ScheduleSystem\2018042502\ScheduleSystem\src\main\java' must exist and must be a directory
2018-05-07 10:04:00,269 [INFO] [restartedMain] o.s.jmx.export.annotation.AnnotationMBeanExporter [MBeanExporter.java : 449] Unregistering JMX-exposed beans on shutdown
2018-05-07 10:04:00,269 [INFO] [restartedMain] o.f.job.service.impl.asyncexecutor.AbstractAsyncExecutor [AbstractAsyncExecutor.java : 162] Shutting down the async job executor [org.flowable.spring.SpringAsyncExecutor].
2018-05-07 10:04:00,285 [INFO] [flowable-acquire-timer-jobs] o.f.job.service.impl.asyncexecutor.AcquireTimerJobsRunnable [AcquireTimerJobsRunnable.java : 116] stopped async job due acquisition
2018-05-07 10:04:00,285 [INFO] [flowable-acquire-async-jobs] o.f.j.service.impl.asyncexecutor.AcquireAsyncJobsDueRunnable [AcquireAsyncJobsDueRunnable.java : 79] stopped async job due acquisition
2018-05-07 10:04:00,285 [INFO] [flowable-reset-expired-jobs] o.f.job.service.impl.asyncexecutor.ResetExpiredJobsRunnable [ResetExpiredJobsRunnable.java : 104] stopped resetting expired jobs
2018-05-07 10:04:00,300 [INFO] [restartedMain] com.alibaba.druid.pool.DruidDataSource [DruidDataSource.java : 1817] {dataSource-1} closed
2018-05-07 10:04:00,300 [INFO] [restartedMain] org.springframework.cache.ehcache.EhCacheManagerFactoryBean [EhCacheManagerFactoryBean.java : 187] Shutting down EhCache CacheManager
2018-05-07 10:04:00,331 [INFO] [restartedMain] org.apache.catalina.core.StandardService [DirectJDKLog.java : 179] Stopping service [Tomcat]
2018-05-07 10:04:00,410 [INFO] [restartedMain] o.s.b.a.logging.AutoConfigurationReportLoggingInitializer [AutoConfigurationReportLoggingInitializer.java : 101] 

Error starting ApplicationContext. To display the auto-configuration report re-run your application with 'debug' enabled.
2018-05-07 10:04:00,441 [ERROR] [restartedMain] org.springframework.boot.SpringApplication [SpringApplication.java : 771] Application startup failed
org.springframework.beans.factory.BeanCreationException: Error creating bean with name 'classPathFileSystemWatcher' defined in class path resource [org/springframework/boot/devtools/autoconfigure/LocalDevToolsAutoConfiguration$RestartConfiguration.class]: Bean instantiation via factory method failed; nested exception is org.springframework.beans.BeanInstantiationException: Failed to instantiate [org.springframework.boot.devtools.classpath.ClassPathFileSystemWatcher]: Factory method 'classPathFileSystemWatcher' threw exception; nested exception is java.lang.IllegalArgumentException: Folder 'D:\software\user\git\ScheduleSystem\2018042502\ScheduleSystem\src\main\java' must exist and must be a directory
	at org.springframework.beans.factory.support.ConstructorResolver.instantiateUsingFactoryMethod(ConstructorResolver.java:599)
	at org.springframework.beans.factory.support.AbstractAutowireCapableBeanFactory.instantiateUsingFactoryMethod(AbstractAutowireCapableBeanFactory.java:1173)
	at org.springframework.beans.factory.support.AbstractAutowireCapableBeanFactory.createBeanInstance(AbstractAutowireCapableBeanFactory.java:1067)
	at org.springframework.beans.factory.support.AbstractAutowireCapableBeanFactory.doCreateBean(AbstractAutowireCapableBeanFactory.java:513)
	at org.springframework.beans.factory.support.AbstractAutowireCapableBeanFactory.createBean(AbstractAutowireCapableBeanFactory.java:483)
	at org.springframework.beans.factory.support.AbstractBeanFactory$1.getObject(AbstractBeanFactory.java:306)
	at org.springframework.beans.factory.support.DefaultSingletonBeanRegistry.getSingleton(DefaultSingletonBeanRegistry.java:230)
	at org.springframework.beans.factory.support.AbstractBeanFactory.doGetBean(AbstractBeanFactory.java:302)
	at org.springframework.beans.factory.support.AbstractBeanFactory.getBean(AbstractBeanFactory.java:197)
	at org.springframework.beans.factory.support.DefaultListableBeanFactory.preInstantiateSingletons(DefaultListableBeanFactory.java:761)
	at org.springframework.context.support.AbstractApplicationContext.finishBeanFactoryInitialization(AbstractApplicationContext.java:867)
	at org.springframework.context.support.AbstractApplicationContext.refresh(AbstractApplicationContext.java:543)
	at org.springframework.boot.context.embedded.EmbeddedWebApplicationContext.refresh(EmbeddedWebApplicationContext.java:122)
	at org.springframework.boot.SpringApplication.refresh(SpringApplication.java:693)
	at org.springframework.boot.SpringApplication.refreshContext(SpringApplication.java:360)
	at org.springframework.boot.SpringApplication.run(SpringApplication.java:303)
	at org.springframework.boot.SpringApplication.run(SpringApplication.java:1118)
	at org.springframework.boot.SpringApplication.run(SpringApplication.java:1107)
	at com.stylefeng.guns.GunsApplication.main(GunsApplication.java:20)
	at sun.reflect.NativeMethodAccessorImpl.invoke0(Native Method)
	at sun.reflect.NativeMethodAccessorImpl.invoke(NativeMethodAccessorImpl.java:62)
	at sun.reflect.DelegatingMethodAccessorImpl.invoke(DelegatingMethodAccessorImpl.java:43)
	at java.lang.reflect.Method.invoke(Method.java:498)
	at org.springframework.boot.devtools.restart.RestartLauncher.run(RestartLauncher.java:49)
Caused by: org.springframework.beans.BeanInstantiationException: Failed to instantiate [org.springframework.boot.devtools.classpath.ClassPathFileSystemWatcher]: Factory method 'classPathFileSystemWatcher' threw exception; nested exception is java.lang.IllegalArgumentException: Folder 'D:\software\user\git\ScheduleSystem\2018042502\ScheduleSystem\src\main\java' must exist and must be a directory
	at org.springframework.beans.factory.support.SimpleInstantiationStrategy.instantiate(SimpleInstantiationStrategy.java:189)
	at org.springframework.beans.factory.support.ConstructorResolver.instantiateUsingFactoryMethod(ConstructorResolver.java:588)
	... 23 common frames omitted
Caused by: java.lang.IllegalArgumentException: Folder 'D:\software\user\git\ScheduleSystem\2018042502\ScheduleSystem\src\main\java' must exist and must be a directory
	at org.springframework.util.Assert.isTrue(Assert.java:92)
	at org.springframework.boot.devtools.filewatch.FileSystemWatcher.addSourceFolder(FileSystemWatcher.java:124)
	at org.springframework.boot.devtools.autoconfigure.LocalDevToolsAutoConfiguration$RestartConfiguration.newFileSystemWatcher(LocalDevToolsAutoConfiguration.java:161)
	at org.springframework.boot.devtools.autoconfigure.LocalDevToolsAutoConfiguration$RestartConfiguration.access$000(LocalDevToolsAutoConfiguration.java:103)
	at org.springframework.boot.devtools.autoconfigure.LocalDevToolsAutoConfiguration$RestartConfiguration$1.getFileSystemWatcher(LocalDevToolsAutoConfiguration.java:144)
	at org.springframework.boot.devtools.classpath.ClassPathFileSystemWatcher.<init>(ClassPathFileSystemWatcher.java:61)
	at org.springframework.boot.devtools.autoconfigure.LocalDevToolsAutoConfiguration$RestartConfiguration.classPathFileSystemWatcher(LocalDevToolsAutoConfiguration.java:121)
	at org.springframework.boot.devtools.autoconfigure.LocalDevToolsAutoConfiguration$RestartConfiguration$$EnhancerBySpringCGLIB$$88c37cd8.CGLIB$classPathFileSystemWatcher$0(<generated>)
	at org.springframework.boot.devtools.autoconfigure.LocalDevToolsAutoConfiguration$RestartConfiguration$$EnhancerBySpringCGLIB$$88c37cd8$$FastClassBySpringCGLIB$$b420099e.invoke(<generated>)
	at org.springframework.cglib.proxy.MethodProxy.invokeSuper(MethodProxy.java:228)
	at org.springframework.context.annotation.ConfigurationClassEnhancer$BeanMethodInterceptor.intercept(ConfigurationClassEnhancer.java:358)
	at org.springframework.boot.devtools.autoconfigure.LocalDevToolsAutoConfiguration$RestartConfiguration$$EnhancerBySpringCGLIB$$88c37cd8.classPathFileSystemWatcher(<generated>)
	at sun.reflect.NativeMethodAccessorImpl.invoke0(Native Method)
	at sun.reflect.NativeMethodAccessorImpl.invoke(NativeMethodAccessorImpl.java:62)
	at sun.reflect.DelegatingMethodAccessorImpl.invoke(DelegatingMethodAccessorImpl.java:43)
	at java.lang.reflect.Method.invoke(Method.java:498)
	at org.springframework.beans.factory.support.SimpleInstantiationStrategy.instantiate(SimpleInstantiationStrategy.java:162)
	... 24 common frames omitted
