2018-05-02 23:29:57,250 [INFO] [restartedMain] com.stylefeng.guns.GunsApplication [StartupInfoLogger.java : 48] Starting GunsApplication on qq with PID 15876 (D:\software\user\git\ScheduleSystem\2018042502\guns-admin\target\classes started by www in D:\software\user\git\ScheduleSystem\2018042502\guns-admin)
2018-05-02 23:29:57,406 [DEBUG] [restartedMain] com.stylefeng.guns.GunsApplication [StartupInfoLogger.java : 51] Running with Spring Boot v1.5.9.RELEASE, Spring v4.3.13.RELEASE
2018-05-02 23:29:57,406 [INFO] [restartedMain] com.stylefeng.guns.GunsApplication [SpringApplication.java : 597] The following profiles are active: dev
2018-05-02 23:29:58,266 [INFO] [restartedMain] o.s.b.c.e.AnnotationConfigEmbeddedWebApplicationContext [AbstractApplicationContext.java : 583] Refreshing org.springframework.boot.context.embedded.AnnotationConfigEmbeddedWebApplicationContext@24aa08ef: startup date [Wed May 02 23:29:58 CST 2018]; root of context hierarchy
2018-05-02 23:30:09,921 [INFO] [restartedMain] o.s.data.repository.config.RepositoryConfigurationDelegate [RepositoryConfigurationDelegate.java : 165] Multiple Spring Data modules found, entering strict repository configuration mode!
2018-05-02 23:30:11,193 [INFO] [restartedMain] o.s.c.s.PostProcessorRegistrationDelegate$BeanPostProcessorChecker [PostProcessorRegistrationDelegate.java : 327] Bean 'shiroConfig' of type [com.stylefeng.guns.config.web.ShiroConfig$$EnhancerBySpringCGLIB$$1c0798c7] is not eligible for getting processed by all BeanPostProcessors (for example: not eligible for auto-proxying)
2018-05-02 23:30:11,340 [INFO] [restartedMain] o.s.c.s.PostProcessorRegistrationDelegate$BeanPostProcessorChecker [PostProcessorRegistrationDelegate.java : 327] Bean 'rememberMeCookie' of type [org.apache.shiro.web.servlet.SimpleCookie] is not eligible for getting processed by all BeanPostProcessors (for example: not eligible for auto-proxying)
2018-05-02 23:30:12,480 [INFO] [restartedMain] o.s.c.s.PostProcessorRegistrationDelegate$BeanPostProcessorChecker [PostProcessorRegistrationDelegate.java : 327] Bean 'rememberMeManager' of type [org.apache.shiro.web.mgt.CookieRememberMeManager] is not eligible for getting processed by all BeanPostProcessors (for example: not eligible for auto-proxying)
2018-05-02 23:30:12,486 [INFO] [restartedMain] o.s.c.s.PostProcessorRegistrationDelegate$BeanPostProcessorChecker [PostProcessorRegistrationDelegate.java : 327] Bean 'ehCacheConfig' of type [com.stylefeng.guns.config.EhCacheConfig$$EnhancerBySpringCGLIB$$271718cf] is not eligible for getting processed by all BeanPostProcessors (for example: not eligible for auto-proxying)
2018-05-02 23:30:12,502 [INFO] [restartedMain] org.springframework.cache.ehcache.EhCacheManagerFactoryBean [EhCacheManagerFactoryBean.java : 130] Initializing EhCache CacheManager
2018-05-02 23:30:12,798 [INFO] [restartedMain] o.s.c.s.PostProcessorRegistrationDelegate$BeanPostProcessorChecker [PostProcessorRegistrationDelegate.java : 327] Bean 'ehcache' of type [org.springframework.cache.ehcache.EhCacheManagerFactoryBean] is not eligible for getting processed by all BeanPostProcessors (for example: not eligible for auto-proxying)
2018-05-02 23:30:12,798 [INFO] [restartedMain] o.s.c.s.PostProcessorRegistrationDelegate$BeanPostProcessorChecker [PostProcessorRegistrationDelegate.java : 327] Bean 'getCacheShiroManager' of type [org.apache.shiro.cache.ehcache.EhCacheManager] is not eligible for getting processed by all BeanPostProcessors (for example: not eligible for auto-proxying)
2018-05-02 23:30:13,017 [INFO] [restartedMain] o.s.c.s.PostProcessorRegistrationDelegate$BeanPostProcessorChecker [PostProcessorRegistrationDelegate.java : 327] Bean 'gunsProperties' of type [com.stylefeng.guns.config.properties.GunsProperties] is not eligible for getting processed by all BeanPostProcessors (for example: not eligible for auto-proxying)
2018-05-02 23:30:13,064 [INFO] [restartedMain] o.s.c.s.PostProcessorRegistrationDelegate$BeanPostProcessorChecker [PostProcessorRegistrationDelegate.java : 327] Bean 'defaultWebSessionManager' of type [org.apache.shiro.web.session.mgt.DefaultWebSessionManager] is not eligible for getting processed by all BeanPostProcessors (for example: not eligible for auto-proxying)
2018-05-02 23:30:13,111 [INFO] [restartedMain] o.s.c.s.PostProcessorRegistrationDelegate$BeanPostProcessorChecker [PostProcessorRegistrationDelegate.java : 327] Bean 'shiroDbRealm' of type [com.stylefeng.guns.core.shiro.ShiroDbRealm] is not eligible for getting processed by all BeanPostProcessors (for example: not eligible for auto-proxying)
2018-05-02 23:30:13,111 [INFO] [restartedMain] org.apache.shiro.cache.ehcache.EhCacheManager [EhCacheManager.java : 158] Cache with name 'com.stylefeng.guns.core.shiro.ShiroDbRealm.authorizationCache' does not yet exist.  Creating now.
2018-05-02 23:30:13,127 [INFO] [restartedMain] org.apache.shiro.cache.ehcache.EhCacheManager [EhCacheManager.java : 165] Added EhCache named [com.stylefeng.guns.core.shiro.ShiroDbRealm.authorizationCache]
2018-05-02 23:30:13,142 [INFO] [restartedMain] o.s.c.s.PostProcessorRegistrationDelegate$BeanPostProcessorChecker [PostProcessorRegistrationDelegate.java : 327] Bean 'securityManager' of type [org.apache.shiro.web.mgt.DefaultWebSecurityManager] is not eligible for getting processed by all BeanPostProcessors (for example: not eligible for auto-proxying)
2018-05-02 23:30:13,158 [INFO] [restartedMain] o.s.c.s.PostProcessorRegistrationDelegate$BeanPostProcessorChecker [PostProcessorRegistrationDelegate.java : 327] Bean 'methodInvokingFactoryBean' of type [org.springframework.beans.factory.config.MethodInvokingFactoryBean] is not eligible for getting processed by all BeanPostProcessors (for example: not eligible for auto-proxying)
2018-05-02 23:30:13,173 [INFO] [restartedMain] o.s.c.s.PostProcessorRegistrationDelegate$BeanPostProcessorChecker [PostProcessorRegistrationDelegate.java : 327] Bean 'webConfig' of type [com.stylefeng.guns.config.web.WebConfig$$EnhancerBySpringCGLIB$$b5ec2a0a] is not eligible for getting processed by all BeanPostProcessors (for example: not eligible for auto-proxying)
2018-05-02 23:30:13,283 [INFO] [restartedMain] o.s.c.s.PostProcessorRegistrationDelegate$BeanPostProcessorChecker [PostProcessorRegistrationDelegate.java : 327] Bean 'authorizationAttributeSourceAdvisor' of type [org.apache.shiro.spring.security.interceptor.AuthorizationAttributeSourceAdvisor] is not eligible for getting processed by all BeanPostProcessors (for example: not eligible for auto-proxying)
2018-05-02 23:30:13,298 [INFO] [restartedMain] o.s.c.s.PostProcessorRegistrationDelegate$BeanPostProcessorChecker [PostProcessorRegistrationDelegate.java : 327] Bean 'druidStatPointcut' of type [org.springframework.aop.support.JdkRegexpMethodPointcut] is not eligible for getting processed by all BeanPostProcessors (for example: not eligible for auto-proxying)
2018-05-02 23:30:13,330 [INFO] [restartedMain] o.s.c.s.PostProcessorRegistrationDelegate$BeanPostProcessorChecker [PostProcessorRegistrationDelegate.java : 327] Bean 'druidStatInterceptor' of type [com.alibaba.druid.support.spring.stat.DruidStatInterceptor] is not eligible for getting processed by all BeanPostProcessors (for example: not eligible for auto-proxying)
2018-05-02 23:30:13,345 [INFO] [restartedMain] o.s.c.s.PostProcessorRegistrationDelegate$BeanPostProcessorChecker [PostProcessorRegistrationDelegate.java : 327] Bean 'druidStatAdvisor' of type [org.springframework.aop.support.DefaultPointcutAdvisor] is not eligible for getting processed by all BeanPostProcessors (for example: not eligible for auto-proxying)
2018-05-02 23:30:13,470 [INFO] [restartedMain] o.s.c.s.PostProcessorRegistrationDelegate$BeanPostProcessorChecker [PostProcessorRegistrationDelegate.java : 327] Bean 'org.springframework.transaction.annotation.ProxyTransactionManagementConfiguration' of type [org.springframework.transaction.annotation.ProxyTransactionManagementConfiguration$$EnhancerBySpringCGLIB$$9b3208c] is not eligible for getting processed by all BeanPostProcessors (for example: not eligible for auto-proxying)
2018-05-02 23:30:13,877 [INFO] [restartedMain] o.s.c.s.PostProcessorRegistrationDelegate$BeanPostProcessorChecker [PostProcessorRegistrationDelegate.java : 327] Bean 'org.springframework.cache.annotation.ProxyCachingConfiguration' of type [org.springframework.cache.annotation.ProxyCachingConfiguration$$EnhancerBySpringCGLIB$$52c556aa] is not eligible for getting processed by all BeanPostProcessors (for example: not eligible for auto-proxying)
2018-05-02 23:30:15,070 [INFO] [restartedMain] o.s.b.context.embedded.tomcat.TomcatEmbeddedServletContainer [TomcatEmbeddedServletContainer.java : 89] Tomcat initialized with port(s): 80 (http)
2018-05-02 23:30:15,133 [INFO] [restartedMain] org.apache.catalina.core.StandardService [DirectJDKLog.java : 179] Starting service [Tomcat]
2018-05-02 23:30:15,133 [INFO] [restartedMain] org.apache.catalina.core.StandardEngine [DirectJDKLog.java : 179] Starting Servlet Engine: Apache Tomcat/8.5.23
2018-05-02 23:30:15,367 [INFO] [localhost-startStop-1] o.a.catalina.core.ContainerBase.[Tomcat].[localhost].[/] [DirectJDKLog.java : 179] Initializing Spring embedded WebApplicationContext
2018-05-02 23:30:15,367 [INFO] [localhost-startStop-1] org.springframework.web.context.ContextLoader [EmbeddedWebApplicationContext.java : 276] Root WebApplicationContext: initialization completed in 17101 ms
2018-05-02 23:30:15,867 [INFO] [localhost-startStop-1] org.springframework.boot.web.servlet.ServletRegistrationBean [ServletRegistrationBean.java : 190] Mapping servlet: 'statViewServlet' to [/druid/*]
2018-05-02 23:30:15,883 [INFO] [localhost-startStop-1] org.springframework.boot.web.servlet.ServletRegistrationBean [ServletRegistrationBean.java : 190] Mapping servlet: 'dispatcherServlet' to [/]
2018-05-02 23:30:15,883 [INFO] [localhost-startStop-1] org.springframework.boot.web.servlet.FilterRegistrationBean [AbstractFilterRegistrationBean.java : 258] Mapping filter: 'characterEncodingFilter' to: [/*]
2018-05-02 23:30:15,914 [INFO] [localhost-startStop-1] org.springframework.boot.web.servlet.FilterRegistrationBean [AbstractFilterRegistrationBean.java : 258] Mapping filter: 'hiddenHttpMethodFilter' to: [/*]
2018-05-02 23:30:15,914 [INFO] [localhost-startStop-1] org.springframework.boot.web.servlet.FilterRegistrationBean [AbstractFilterRegistrationBean.java : 258] Mapping filter: 'httpPutFormContentFilter' to: [/*]
2018-05-02 23:30:15,914 [INFO] [localhost-startStop-1] org.springframework.boot.web.servlet.FilterRegistrationBean [AbstractFilterRegistrationBean.java : 258] Mapping filter: 'requestContextFilter' to: [/*]
2018-05-02 23:30:15,914 [INFO] [localhost-startStop-1] org.springframework.boot.web.servlet.FilterRegistrationBean [AbstractFilterRegistrationBean.java : 271] Mapping filter: 'webStatFilter' to urls: [/*]
2018-05-02 23:30:15,930 [INFO] [localhost-startStop-1] org.springframework.boot.web.servlet.FilterRegistrationBean [AbstractFilterRegistrationBean.java : 271] Mapping filter: 'xssFilter' to urls: [/*]
2018-05-02 23:30:15,930 [INFO] [localhost-startStop-1] org.springframework.boot.web.servlet.FilterRegistrationBean [AbstractFilterRegistrationBean.java : 258] Mapping filter: 'shiroFilter' to: [/*]
2018-05-02 23:30:17,963 [INFO] [restartedMain] com.alibaba.druid.pool.DruidDataSource [DruidDataSource.java : 922] {dataSource-1} inited
2018-05-02 23:30:20,440 [INFO] [restartedMain] org.flowable.engine.impl.cfg.ProcessEngineConfigurationImpl [ProcessEngineConfigurationImpl.java : 1230] Found 1 Process Engine Configurators in total:
2018-05-02 23:30:20,455 [INFO] [restartedMain] org.flowable.engine.impl.cfg.ProcessEngineConfigurationImpl [ProcessEngineConfigurationImpl.java : 1232] class org.flowable.spring.configurator.SpringIdmEngineConfigurator (priority:100000)
2018-05-02 23:30:20,456 [INFO] [restartedMain] org.flowable.engine.impl.cfg.ProcessEngineConfigurationImpl [ProcessEngineConfigurationImpl.java : 1242] Executing beforeInit() of class org.flowable.spring.configurator.SpringIdmEngineConfigurator (priority:100000)
2018-05-02 23:30:20,503 [INFO] [restartedMain] com.alibaba.druid.pool.DruidDataSource [DruidDataSource.java : 922] {dataSource-2} inited
2018-05-02 23:30:22,175 [INFO] [restartedMain] org.flowable.engine.impl.cfg.ProcessEngineConfigurationImpl [ProcessEngineConfigurationImpl.java : 1361] Executing configure() of class org.flowable.spring.configurator.SpringIdmEngineConfigurator (priority:100000)
2018-05-02 23:30:22,527 [INFO] [restartedMain] org.flowable.idm.engine.impl.IdmEngineImpl [IdmEngineImpl.java : 51] IdmEngine default created
2018-05-02 23:30:22,637 [INFO] [restartedMain] org.flowable.engine.impl.ProcessEngineImpl [ProcessEngineImpl.java : 84] ProcessEngine default created
2018-05-02 23:30:22,652 [INFO] [restartedMain] o.f.job.service.impl.asyncexecutor.AbstractAsyncExecutor [AbstractAsyncExecutor.java : 114] Starting up the async job executor [org.flowable.spring.SpringAsyncExecutor].
2018-05-02 23:30:22,652 [INFO] [Thread-7] o.f.j.service.impl.asyncexecutor.AcquireAsyncJobsDueRunnable [AcquireAsyncJobsDueRunnable.java : 52] starting to acquire async jobs due
2018-05-02 23:30:22,652 [INFO] [Thread-8] o.f.job.service.impl.asyncexecutor.AcquireTimerJobsRunnable [AcquireTimerJobsRunnable.java : 50] starting to acquire async jobs due
2018-05-02 23:30:22,652 [INFO] [Thread-9] o.f.job.service.impl.asyncexecutor.ResetExpiredJobsRunnable [ResetExpiredJobsRunnable.java : 56] starting to reset expired jobs
2018-05-02 23:30:22,824 [INFO] [restartedMain] org.flowable.engine.impl.cmd.ValidateV5EntitiesCmd [ValidateV5EntitiesCmd.java : 43] Total of v5 deployments found: 0
2018-05-02 23:30:24,965 [INFO] [restartedMain] org.springframework.aop.framework.CglibAopProxy [CglibAopProxy.java : 274] Method [java.util.List springfox.documentation.schema.property.OptimizedModelPropertiesProvider.candidateProperties(com.fasterxml.classmate.ResolvedType,com.fasterxml.jackson.databind.introspect.AnnotatedMember,com.fasterxml.jackson.databind.introspect.BeanPropertyDefinition,springfox.documentation.spi.schema.contexts.ModelContext)] is package-visible across different ClassLoaders and cannot get proxied via CGLIB: Declare this method as public or protected if you need to support invocations through the proxy.
2018-05-02 23:30:25,432 [INFO] [restartedMain] o.s.w.s.mvc.method.annotation.RequestMappingHandlerMapping [AbstractHandlerMethodMapping.java : 543] Mapped "{[/code/generate],methods=[POST]}" onto public java.lang.Object com.stylefeng.guns.modular.code.controller.CodeController.generate(com.stylefeng.guns.generator.action.model.GenQo)
2018-05-02 23:30:25,432 [INFO] [restartedMain] o.s.w.s.mvc.method.annotation.RequestMappingHandlerMapping [AbstractHandlerMethodMapping.java : 543] Mapped "{[/code]}" onto public java.lang.String com.stylefeng.guns.modular.code.controller.CodeController.blackboard(org.springframework.ui.Model)
2018-05-02 23:30:25,432 [INFO] [restartedMain] o.s.w.s.mvc.method.annotation.RequestMappingHandlerMapping [AbstractHandlerMethodMapping.java : 543] Mapped "{[/expense]}" onto public java.lang.String com.stylefeng.guns.modular.flowable.controller.ExpenseController.index()
2018-05-02 23:30:25,447 [INFO] [restartedMain] o.s.w.s.mvc.method.annotation.RequestMappingHandlerMapping [AbstractHandlerMethodMapping.java : 543] Mapped "{[/expense/add]}" onto public java.lang.Object com.stylefeng.guns.modular.flowable.controller.ExpenseController.add(com.stylefeng.guns.modular.system.model.Expense)
2018-05-02 23:30:25,447 [INFO] [restartedMain] o.s.w.s.mvc.method.annotation.RequestMappingHandlerMapping [AbstractHandlerMethodMapping.java : 543] Mapped "{[/expense/update]}" onto public java.lang.Object com.stylefeng.guns.modular.flowable.controller.ExpenseController.update(com.stylefeng.guns.modular.system.model.Expense)
2018-05-02 23:30:25,447 [INFO] [restartedMain] o.s.w.s.mvc.method.annotation.RequestMappingHandlerMapping [AbstractHandlerMethodMapping.java : 543] Mapped "{[/expense/delete]}" onto public java.lang.Object com.stylefeng.guns.modular.flowable.controller.ExpenseController.delete(java.lang.Integer)
2018-05-02 23:30:25,447 [INFO] [restartedMain] o.s.w.s.mvc.method.annotation.RequestMappingHandlerMapping [AbstractHandlerMethodMapping.java : 543] Mapped "{[/expense/list]}" onto public java.lang.Object com.stylefeng.guns.modular.flowable.controller.ExpenseController.list(java.lang.String)
2018-05-02 23:30:25,447 [INFO] [restartedMain] o.s.w.s.mvc.method.annotation.RequestMappingHandlerMapping [AbstractHandlerMethodMapping.java : 543] Mapped "{[/expense/expense_add]}" onto public java.lang.String com.stylefeng.guns.modular.flowable.controller.ExpenseController.expenseAdd()
2018-05-02 23:30:25,447 [INFO] [restartedMain] o.s.w.s.mvc.method.annotation.RequestMappingHandlerMapping [AbstractHandlerMethodMapping.java : 543] Mapped "{[/expense/expense_update/{expenseId}]}" onto public void com.stylefeng.guns.modular.flowable.controller.ExpenseController.expenseView(java.lang.Integer)
2018-05-02 23:30:25,447 [INFO] [restartedMain] o.s.w.s.mvc.method.annotation.RequestMappingHandlerMapping [AbstractHandlerMethodMapping.java : 543] Mapped "{[/expense/detail/{expenseId}]}" onto public java.lang.Object com.stylefeng.guns.modular.flowable.controller.ExpenseController.detail(java.lang.Integer)
2018-05-02 23:30:25,447 [INFO] [restartedMain] o.s.w.s.mvc.method.annotation.RequestMappingHandlerMapping [AbstractHandlerMethodMapping.java : 543] Mapped "{[/process]}" onto public java.lang.String com.stylefeng.guns.modular.flowable.controller.ProcessController.index()
2018-05-02 23:30:25,447 [INFO] [restartedMain] o.s.w.s.mvc.method.annotation.RequestMappingHandlerMapping [AbstractHandlerMethodMapping.java : 543] Mapped "{[/process/list]}" onto public java.lang.Object com.stylefeng.guns.modular.flowable.controller.ProcessController.list(java.lang.String)
2018-05-02 23:30:25,447 [INFO] [restartedMain] o.s.w.s.mvc.method.annotation.RequestMappingHandlerMapping [AbstractHandlerMethodMapping.java : 543] Mapped "{[/process/unPass]}" onto public java.lang.Object com.stylefeng.guns.modular.flowable.controller.ProcessController.unPass(java.lang.String)
2018-05-02 23:30:25,447 [INFO] [restartedMain] o.s.w.s.mvc.method.annotation.RequestMappingHandlerMapping [AbstractHandlerMethodMapping.java : 543] Mapped "{[/process/pass]}" onto public java.lang.Object com.stylefeng.guns.modular.flowable.controller.ProcessController.pass(java.lang.String)
2018-05-02 23:30:25,447 [INFO] [restartedMain] o.s.w.s.mvc.method.annotation.RequestMappingHandlerMapping [AbstractHandlerMethodMapping.java : 543] Mapped "{[/note]}" onto public java.lang.String com.stylefeng.guns.modular.schedule.controller.NoteController.index()
2018-05-02 23:30:25,447 [INFO] [restartedMain] o.s.w.s.mvc.method.annotation.RequestMappingHandlerMapping [AbstractHandlerMethodMapping.java : 543] Mapped "{[/note/add]}" onto public java.lang.Object com.stylefeng.guns.modular.schedule.controller.NoteController.add(com.stylefeng.guns.modular.system.model.Note)
2018-05-02 23:30:25,447 [INFO] [restartedMain] o.s.w.s.mvc.method.annotation.RequestMappingHandlerMapping [AbstractHandlerMethodMapping.java : 543] Mapped "{[/note/update]}" onto public java.lang.Object com.stylefeng.guns.modular.schedule.controller.NoteController.update(com.stylefeng.guns.modular.system.model.Note)
2018-05-02 23:30:25,463 [INFO] [restartedMain] o.s.w.s.mvc.method.annotation.RequestMappingHandlerMapping [AbstractHandlerMethodMapping.java : 543] Mapped "{[/note/delete]}" onto public java.lang.Object com.stylefeng.guns.modular.schedule.controller.NoteController.delete(java.lang.Integer)
2018-05-02 23:30:25,463 [INFO] [restartedMain] o.s.w.s.mvc.method.annotation.RequestMappingHandlerMapping [AbstractHandlerMethodMapping.java : 543] Mapped "{[/note/list]}" onto public java.lang.Object com.stylefeng.guns.modular.schedule.controller.NoteController.list(java.lang.String)
2018-05-02 23:30:25,463 [INFO] [restartedMain] o.s.w.s.mvc.method.annotation.RequestMappingHandlerMapping [AbstractHandlerMethodMapping.java : 543] Mapped "{[/note/note_update/{noteId}]}" onto public java.lang.String com.stylefeng.guns.modular.schedule.controller.NoteController.noteUpdate(java.lang.Integer,org.springframework.ui.Model)
2018-05-02 23:30:25,463 [INFO] [restartedMain] o.s.w.s.mvc.method.annotation.RequestMappingHandlerMapping [AbstractHandlerMethodMapping.java : 543] Mapped "{[/note/note_info]}" onto public java.lang.String com.stylefeng.guns.modular.schedule.controller.NoteController.noteInfo()
2018-05-02 23:30:25,463 [INFO] [restartedMain] o.s.w.s.mvc.method.annotation.RequestMappingHandlerMapping [AbstractHandlerMethodMapping.java : 543] Mapped "{[/note/note_add]}" onto public java.lang.String com.stylefeng.guns.modular.schedule.controller.NoteController.noteAdd()
2018-05-02 23:30:25,463 [INFO] [restartedMain] o.s.w.s.mvc.method.annotation.RequestMappingHandlerMapping [AbstractHandlerMethodMapping.java : 543] Mapped "{[/note/detail/{noteId}]}" onto public java.lang.Object com.stylefeng.guns.modular.schedule.controller.NoteController.detail(java.lang.Integer)
2018-05-02 23:30:25,463 [INFO] [restartedMain] o.s.w.s.mvc.method.annotation.RequestMappingHandlerMapping [AbstractHandlerMethodMapping.java : 543] Mapped "{[/plan]}" onto public java.lang.String com.stylefeng.guns.modular.schedule.controller.PlanController.index()
2018-05-02 23:30:25,463 [INFO] [restartedMain] o.s.w.s.mvc.method.annotation.RequestMappingHandlerMapping [AbstractHandlerMethodMapping.java : 543] Mapped "{[/plan/add]}" onto public java.lang.Object com.stylefeng.guns.modular.schedule.controller.PlanController.add(com.stylefeng.guns.modular.system.model.Plan)
2018-05-02 23:30:25,463 [INFO] [restartedMain] o.s.w.s.mvc.method.annotation.RequestMappingHandlerMapping [AbstractHandlerMethodMapping.java : 543] Mapped "{[/plan/update]}" onto public java.lang.Object com.stylefeng.guns.modular.schedule.controller.PlanController.update(com.stylefeng.guns.modular.system.model.Plan)
2018-05-02 23:30:25,463 [INFO] [restartedMain] o.s.w.s.mvc.method.annotation.RequestMappingHandlerMapping [AbstractHandlerMethodMapping.java : 543] Mapped "{[/plan/delete]}" onto public java.lang.Object com.stylefeng.guns.modular.schedule.controller.PlanController.delete(java.lang.Integer)
2018-05-02 23:30:25,463 [INFO] [restartedMain] o.s.w.s.mvc.method.annotation.RequestMappingHandlerMapping [AbstractHandlerMethodMapping.java : 543] Mapped "{[/plan/list]}" onto public java.lang.Object com.stylefeng.guns.modular.schedule.controller.PlanController.list(java.lang.String)
2018-05-02 23:30:25,463 [INFO] [restartedMain] o.s.w.s.mvc.method.annotation.RequestMappingHandlerMapping [AbstractHandlerMethodMapping.java : 543] Mapped "{[/plan/plan_info]}" onto public java.lang.String com.stylefeng.guns.modular.schedule.controller.PlanController.plan_info()
2018-05-02 23:30:25,463 [INFO] [restartedMain] o.s.w.s.mvc.method.annotation.RequestMappingHandlerMapping [AbstractHandlerMethodMapping.java : 543] Mapped "{[/plan/plan_add]}" onto public java.lang.String com.stylefeng.guns.modular.schedule.controller.PlanController.planAdd()
2018-05-02 23:30:25,463 [INFO] [restartedMain] o.s.w.s.mvc.method.annotation.RequestMappingHandlerMapping [AbstractHandlerMethodMapping.java : 543] Mapped "{[/plan/plan_update/{planId}]}" onto public java.lang.String com.stylefeng.guns.modular.schedule.controller.PlanController.planUpdate(java.lang.Integer,org.springframework.ui.Model)
2018-05-02 23:30:25,463 [INFO] [restartedMain] o.s.w.s.mvc.method.annotation.RequestMappingHandlerMapping [AbstractHandlerMethodMapping.java : 543] Mapped "{[/plan/detail/{planId}]}" onto public java.lang.Object com.stylefeng.guns.modular.schedule.controller.PlanController.detail(java.lang.Integer)
2018-05-02 23:30:25,463 [INFO] [restartedMain] o.s.w.s.mvc.method.annotation.RequestMappingHandlerMapping [AbstractHandlerMethodMapping.java : 543] Mapped "{[/scheduleAdmin]}" onto public java.lang.String com.stylefeng.guns.modular.schedule.controller.ScheduleAdminController.index()
2018-05-02 23:30:25,463 [INFO] [restartedMain] o.s.w.s.mvc.method.annotation.RequestMappingHandlerMapping [AbstractHandlerMethodMapping.java : 543] Mapped "{[/scheduleAdmin/add]}" onto public com.stylefeng.guns.core.base.tips.Tip com.stylefeng.guns.modular.schedule.controller.ScheduleAdminController.add(com.stylefeng.guns.modular.system.transfer.UserDto,org.springframework.validation.BindingResult)
2018-05-02 23:30:25,479 [INFO] [restartedMain] o.s.w.s.mvc.method.annotation.RequestMappingHandlerMapping [AbstractHandlerMethodMapping.java : 543] Mapped "{[/scheduleAdmin/delete]}" onto public com.stylefeng.guns.core.base.tips.Tip com.stylefeng.guns.modular.schedule.controller.ScheduleAdminController.delete(java.lang.Integer)
2018-05-02 23:30:25,479 [INFO] [restartedMain] o.s.w.s.mvc.method.annotation.RequestMappingHandlerMapping [AbstractHandlerMethodMapping.java : 543] Mapped "{[/scheduleAdmin/list]}" onto public java.lang.Object com.stylefeng.guns.modular.schedule.controller.ScheduleAdminController.list(java.lang.String,java.lang.String,java.lang.String,java.lang.Integer)
2018-05-02 23:30:25,479 [INFO] [restartedMain] o.s.w.s.mvc.method.annotation.RequestMappingHandlerMapping [AbstractHandlerMethodMapping.java : 543] Mapped "{[/scheduleAdmin/reset]}" onto public com.stylefeng.guns.core.base.tips.Tip com.stylefeng.guns.modular.schedule.controller.ScheduleAdminController.reset(java.lang.Integer)
2018-05-02 23:30:25,479 [INFO] [restartedMain] o.s.w.s.mvc.method.annotation.RequestMappingHandlerMapping [AbstractHandlerMethodMapping.java : 543] Mapped "{[/scheduleAdmin/user_info]}" onto public java.lang.String com.stylefeng.guns.modular.schedule.controller.ScheduleAdminController.userInfo(org.springframework.ui.Model)
2018-05-02 23:30:25,479 [INFO] [restartedMain] o.s.w.s.mvc.method.annotation.RequestMappingHandlerMapping [AbstractHandlerMethodMapping.java : 543] Mapped "{[/scheduleAdmin/user_edit/{userId}]}" onto public java.lang.String com.stylefeng.guns.modular.schedule.controller.ScheduleAdminController.userEdit(java.lang.Integer,org.springframework.ui.Model)
2018-05-02 23:30:25,479 [INFO] [restartedMain] o.s.w.s.mvc.method.annotation.RequestMappingHandlerMapping [AbstractHandlerMethodMapping.java : 543] Mapped "{[/scheduleAdmin/user_add]}" onto public java.lang.String com.stylefeng.guns.modular.schedule.controller.ScheduleAdminController.addView()
2018-05-02 23:30:25,479 [INFO] [restartedMain] o.s.w.s.mvc.method.annotation.RequestMappingHandlerMapping [AbstractHandlerMethodMapping.java : 543] Mapped "{[/scheduleAdmin/role_assign/{userId}]}" onto public java.lang.String com.stylefeng.guns.modular.schedule.controller.ScheduleAdminController.roleAssign(java.lang.Integer,org.springframework.ui.Model)
2018-05-02 23:30:25,479 [INFO] [restartedMain] o.s.w.s.mvc.method.annotation.RequestMappingHandlerMapping [AbstractHandlerMethodMapping.java : 543] Mapped "{[/scheduleAdmin/edit]}" onto public com.stylefeng.guns.core.base.tips.Tip com.stylefeng.guns.modular.schedule.controller.ScheduleAdminController.edit(com.stylefeng.guns.modular.system.transfer.UserDto,org.springframework.validation.BindingResult) throws javax.naming.NoPermissionException
2018-05-02 23:30:25,479 [INFO] [restartedMain] o.s.w.s.mvc.method.annotation.RequestMappingHandlerMapping [AbstractHandlerMethodMapping.java : 543] Mapped "{[/scheduleAdmin/changePwd]}" onto public java.lang.Object com.stylefeng.guns.modular.schedule.controller.ScheduleAdminController.changePwd(java.lang.String,java.lang.String,java.lang.String)
2018-05-02 23:30:25,479 [INFO] [restartedMain] o.s.w.s.mvc.method.annotation.RequestMappingHandlerMapping [AbstractHandlerMethodMapping.java : 543] Mapped "{[/scheduleAdmin/unfreeze]}" onto public com.stylefeng.guns.core.base.tips.Tip com.stylefeng.guns.modular.schedule.controller.ScheduleAdminController.unfreeze(java.lang.Integer)
2018-05-02 23:30:25,479 [INFO] [restartedMain] o.s.w.s.mvc.method.annotation.RequestMappingHandlerMapping [AbstractHandlerMethodMapping.java : 543] Mapped "{[/scheduleAdmin/view/{userId}]}" onto public com.stylefeng.guns.modular.system.model.User com.stylefeng.guns.modular.schedule.controller.ScheduleAdminController.view(java.lang.Integer)
2018-05-02 23:30:25,479 [INFO] [restartedMain] o.s.w.s.mvc.method.annotation.RequestMappingHandlerMapping [AbstractHandlerMethodMapping.java : 543] Mapped "{[/scheduleAdmin/user_chpwd]}" onto public java.lang.String com.stylefeng.guns.modular.schedule.controller.ScheduleAdminController.chPwd()
2018-05-02 23:30:25,479 [INFO] [restartedMain] o.s.w.s.mvc.method.annotation.RequestMappingHandlerMapping [AbstractHandlerMethodMapping.java : 543] Mapped "{[/scheduleAdmin/setRole]}" onto public com.stylefeng.guns.core.base.tips.Tip com.stylefeng.guns.modular.schedule.controller.ScheduleAdminController.setRole(java.lang.Integer,java.lang.String)
2018-05-02 23:30:25,479 [INFO] [restartedMain] o.s.w.s.mvc.method.annotation.RequestMappingHandlerMapping [AbstractHandlerMethodMapping.java : 543] Mapped "{[/scheduleAdmin/freeze]}" onto public com.stylefeng.guns.core.base.tips.Tip com.stylefeng.guns.modular.schedule.controller.ScheduleAdminController.freeze(java.lang.Integer)
2018-05-02 23:30:25,479 [INFO] [restartedMain] o.s.w.s.mvc.method.annotation.RequestMappingHandlerMapping [AbstractHandlerMethodMapping.java : 543] Mapped "{[/scheduleAdmin/upload],methods=[POST]}" onto public java.lang.String com.stylefeng.guns.modular.schedule.controller.ScheduleAdminController.upload(org.springframework.web.multipart.MultipartFile)
2018-05-02 23:30:25,479 [INFO] [restartedMain] o.s.w.s.mvc.method.annotation.RequestMappingHandlerMapping [AbstractHandlerMethodMapping.java : 543] Mapped "{[/scheduleUser]}" onto public java.lang.String com.stylefeng.guns.modular.schedule.controller.ScheduleUserController.index()
2018-05-02 23:30:25,479 [INFO] [restartedMain] o.s.w.s.mvc.method.annotation.RequestMappingHandlerMapping [AbstractHandlerMethodMapping.java : 543] Mapped "{[/scheduleUser/add]}" onto public com.stylefeng.guns.core.base.tips.Tip com.stylefeng.guns.modular.schedule.controller.ScheduleUserController.add(com.stylefeng.guns.modular.system.transfer.UserDto,org.springframework.validation.BindingResult)
2018-05-02 23:30:25,479 [INFO] [restartedMain] o.s.w.s.mvc.method.annotation.RequestMappingHandlerMapping [AbstractHandlerMethodMapping.java : 543] Mapped "{[/scheduleUser/delete]}" onto public com.stylefeng.guns.core.base.tips.Tip com.stylefeng.guns.modular.schedule.controller.ScheduleUserController.delete(java.lang.Integer)
2018-05-02 23:30:25,479 [INFO] [restartedMain] o.s.w.s.mvc.method.annotation.RequestMappingHandlerMapping [AbstractHandlerMethodMapping.java : 543] Mapped "{[/scheduleUser/list]}" onto public java.lang.Object com.stylefeng.guns.modular.schedule.controller.ScheduleUserController.list(java.lang.String,java.lang.String,java.lang.String,java.lang.Integer)
2018-05-02 23:30:25,479 [INFO] [restartedMain] o.s.w.s.mvc.method.annotation.RequestMappingHandlerMapping [AbstractHandlerMethodMapping.java : 543] Mapped "{[/scheduleUser/reset]}" onto public com.stylefeng.guns.core.base.tips.Tip com.stylefeng.guns.modular.schedule.controller.ScheduleUserController.reset(java.lang.Integer)
2018-05-02 23:30:25,479 [INFO] [restartedMain] o.s.w.s.mvc.method.annotation.RequestMappingHandlerMapping [AbstractHandlerMethodMapping.java : 543] Mapped "{[/scheduleUser/user_info]}" onto public java.lang.String com.stylefeng.guns.modular.schedule.controller.ScheduleUserController.userInfo(org.springframework.ui.Model)
2018-05-02 23:30:25,479 [INFO] [restartedMain] o.s.w.s.mvc.method.annotation.RequestMappingHandlerMapping [AbstractHandlerMethodMapping.java : 543] Mapped "{[/scheduleUser/user_edit/{userId}]}" onto public java.lang.String com.stylefeng.guns.modular.schedule.controller.ScheduleUserController.userEdit(java.lang.Integer,org.springframework.ui.Model)
2018-05-02 23:30:25,479 [INFO] [restartedMain] o.s.w.s.mvc.method.annotation.RequestMappingHandlerMapping [AbstractHandlerMethodMapping.java : 543] Mapped "{[/scheduleUser/user_add]}" onto public java.lang.String com.stylefeng.guns.modular.schedule.controller.ScheduleUserController.addView()
2018-05-02 23:30:25,479 [INFO] [restartedMain] o.s.w.s.mvc.method.annotation.RequestMappingHandlerMapping [AbstractHandlerMethodMapping.java : 543] Mapped "{[/scheduleUser/role_assign/{userId}]}" onto public java.lang.String com.stylefeng.guns.modular.schedule.controller.ScheduleUserController.roleAssign(java.lang.Integer,org.springframework.ui.Model)
2018-05-02 23:30:25,479 [INFO] [restartedMain] o.s.w.s.mvc.method.annotation.RequestMappingHandlerMapping [AbstractHandlerMethodMapping.java : 543] Mapped "{[/scheduleUser/edit]}" onto public com.stylefeng.guns.core.base.tips.Tip com.stylefeng.guns.modular.schedule.controller.ScheduleUserController.edit(com.stylefeng.guns.modular.system.transfer.UserDto,org.springframework.validation.BindingResult) throws javax.naming.NoPermissionException
2018-05-02 23:30:25,494 [INFO] [restartedMain] o.s.w.s.mvc.method.annotation.RequestMappingHandlerMapping [AbstractHandlerMethodMapping.java : 543] Mapped "{[/scheduleUser/changePwd]}" onto public java.lang.Object com.stylefeng.guns.modular.schedule.controller.ScheduleUserController.changePwd(java.lang.String,java.lang.String,java.lang.String)
2018-05-02 23:30:25,494 [INFO] [restartedMain] o.s.w.s.mvc.method.annotation.RequestMappingHandlerMapping [AbstractHandlerMethodMapping.java : 543] Mapped "{[/scheduleUser/unfreeze]}" onto public com.stylefeng.guns.core.base.tips.Tip com.stylefeng.guns.modular.schedule.controller.ScheduleUserController.unfreeze(java.lang.Integer)
2018-05-02 23:30:25,494 [INFO] [restartedMain] o.s.w.s.mvc.method.annotation.RequestMappingHandlerMapping [AbstractHandlerMethodMapping.java : 543] Mapped "{[/scheduleUser/view/{userId}]}" onto public com.stylefeng.guns.modular.system.model.User com.stylefeng.guns.modular.schedule.controller.ScheduleUserController.view(java.lang.Integer)
2018-05-02 23:30:25,494 [INFO] [restartedMain] o.s.w.s.mvc.method.annotation.RequestMappingHandlerMapping [AbstractHandlerMethodMapping.java : 543] Mapped "{[/scheduleUser/user_chpwd]}" onto public java.lang.String com.stylefeng.guns.modular.schedule.controller.ScheduleUserController.chPwd()
2018-05-02 23:30:25,494 [INFO] [restartedMain] o.s.w.s.mvc.method.annotation.RequestMappingHandlerMapping [AbstractHandlerMethodMapping.java : 543] Mapped "{[/scheduleUser/setRole]}" onto public com.stylefeng.guns.core.base.tips.Tip com.stylefeng.guns.modular.schedule.controller.ScheduleUserController.setRole(java.lang.Integer,java.lang.String)
2018-05-02 23:30:25,494 [INFO] [restartedMain] o.s.w.s.mvc.method.annotation.RequestMappingHandlerMapping [AbstractHandlerMethodMapping.java : 543] Mapped "{[/scheduleUser/freeze]}" onto public com.stylefeng.guns.core.base.tips.Tip com.stylefeng.guns.modular.schedule.controller.ScheduleUserController.freeze(java.lang.Integer)
2018-05-02 23:30:25,494 [INFO] [restartedMain] o.s.w.s.mvc.method.annotation.RequestMappingHandlerMapping [AbstractHandlerMethodMapping.java : 543] Mapped "{[/scheduleUser/upload],methods=[POST]}" onto public java.lang.String com.stylefeng.guns.modular.schedule.controller.ScheduleUserController.upload(org.springframework.web.multipart.MultipartFile)
2018-05-02 23:30:25,494 [INFO] [restartedMain] o.s.w.s.mvc.method.annotation.RequestMappingHandlerMapping [AbstractHandlerMethodMapping.java : 543] Mapped "{[/blackboard]}" onto public java.lang.String com.stylefeng.guns.modular.system.controller.BlackboardController.blackboard(org.springframework.ui.Model)
2018-05-02 23:30:25,494 [INFO] [restartedMain] o.s.w.s.mvc.method.annotation.RequestMappingHandlerMapping [AbstractHandlerMethodMapping.java : 543] Mapped "{[/dept]}" onto public java.lang.String com.stylefeng.guns.modular.system.controller.DeptController.index()
2018-05-02 23:30:25,494 [INFO] [restartedMain] o.s.w.s.mvc.method.annotation.RequestMappingHandlerMapping [AbstractHandlerMethodMapping.java : 543] Mapped "{[/dept/add]}" onto public java.lang.Object com.stylefeng.guns.modular.system.controller.DeptController.add(com.stylefeng.guns.modular.system.model.Dept)
2018-05-02 23:30:25,494 [INFO] [restartedMain] o.s.w.s.mvc.method.annotation.RequestMappingHandlerMapping [AbstractHandlerMethodMapping.java : 543] Mapped "{[/dept/update]}" onto public java.lang.Object com.stylefeng.guns.modular.system.controller.DeptController.update(com.stylefeng.guns.modular.system.model.Dept)
2018-05-02 23:30:25,510 [INFO] [restartedMain] o.s.w.s.mvc.method.annotation.RequestMappingHandlerMapping [AbstractHandlerMethodMapping.java : 543] Mapped "{[/dept/delete]}" onto public java.lang.Object com.stylefeng.guns.modular.system.controller.DeptController.delete(java.lang.Integer)
2018-05-02 23:30:25,510 [INFO] [restartedMain] o.s.w.s.mvc.method.annotation.RequestMappingHandlerMapping [AbstractHandlerMethodMapping.java : 543] Mapped "{[/dept/list]}" onto public java.lang.Object com.stylefeng.guns.modular.system.controller.DeptController.list(java.lang.String)
2018-05-02 23:30:25,510 [INFO] [restartedMain] o.s.w.s.mvc.method.annotation.RequestMappingHandlerMapping [AbstractHandlerMethodMapping.java : 543] Mapped "{[/dept/tree]}" onto public java.util.List<com.stylefeng.guns.core.node.ZTreeNode> com.stylefeng.guns.modular.system.controller.DeptController.tree()
2018-05-02 23:30:25,510 [INFO] [restartedMain] o.s.w.s.mvc.method.annotation.RequestMappingHandlerMapping [AbstractHandlerMethodMapping.java : 543] Mapped "{[/dept/detail/{deptId}]}" onto public java.lang.Object com.stylefeng.guns.modular.system.controller.DeptController.detail(java.lang.Integer)
2018-05-02 23:30:25,510 [INFO] [restartedMain] o.s.w.s.mvc.method.annotation.RequestMappingHandlerMapping [AbstractHandlerMethodMapping.java : 543] Mapped "{[/dept/dept_add]}" onto public java.lang.String com.stylefeng.guns.modular.system.controller.DeptController.deptAdd()
2018-05-02 23:30:25,510 [INFO] [restartedMain] o.s.w.s.mvc.method.annotation.RequestMappingHandlerMapping [AbstractHandlerMethodMapping.java : 543] Mapped "{[/dept/dept_update/{deptId}]}" onto public java.lang.String com.stylefeng.guns.modular.system.controller.DeptController.deptUpdate(java.lang.Integer,org.springframework.ui.Model)
2018-05-02 23:30:25,510 [INFO] [restartedMain] o.s.w.s.mvc.method.annotation.RequestMappingHandlerMapping [AbstractHandlerMethodMapping.java : 543] Mapped "{[/dict]}" onto public java.lang.String com.stylefeng.guns.modular.system.controller.DictController.index()
2018-05-02 23:30:25,510 [INFO] [restartedMain] o.s.w.s.mvc.method.annotation.RequestMappingHandlerMapping [AbstractHandlerMethodMapping.java : 543] Mapped "{[/dict/add]}" onto public java.lang.Object com.stylefeng.guns.modular.system.controller.DictController.add(java.lang.String,java.lang.String)
2018-05-02 23:30:25,510 [INFO] [restartedMain] o.s.w.s.mvc.method.annotation.RequestMappingHandlerMapping [AbstractHandlerMethodMapping.java : 543] Mapped "{[/dict/update]}" onto public java.lang.Object com.stylefeng.guns.modular.system.controller.DictController.update(java.lang.Integer,java.lang.String,java.lang.String)
2018-05-02 23:30:25,510 [INFO] [restartedMain] o.s.w.s.mvc.method.annotation.RequestMappingHandlerMapping [AbstractHandlerMethodMapping.java : 543] Mapped "{[/dict/delete]}" onto public java.lang.Object com.stylefeng.guns.modular.system.controller.DictController.delete(java.lang.Integer)
2018-05-02 23:30:25,510 [INFO] [restartedMain] o.s.w.s.mvc.method.annotation.RequestMappingHandlerMapping [AbstractHandlerMethodMapping.java : 543] Mapped "{[/dict/list]}" onto public java.lang.Object com.stylefeng.guns.modular.system.controller.DictController.list(java.lang.String)
2018-05-02 23:30:25,510 [INFO] [restartedMain] o.s.w.s.mvc.method.annotation.RequestMappingHandlerMapping [AbstractHandlerMethodMapping.java : 543] Mapped "{[/dict/detail/{dictId}]}" onto public java.lang.Object com.stylefeng.guns.modular.system.controller.DictController.detail(java.lang.Integer)
2018-05-02 23:30:25,510 [INFO] [restartedMain] o.s.w.s.mvc.method.annotation.RequestMappingHandlerMapping [AbstractHandlerMethodMapping.java : 543] Mapped "{[/dict/dict_add]}" onto public java.lang.String com.stylefeng.guns.modular.system.controller.DictController.deptAdd()
2018-05-02 23:30:25,510 [INFO] [restartedMain] o.s.w.s.mvc.method.annotation.RequestMappingHandlerMapping [AbstractHandlerMethodMapping.java : 543] Mapped "{[/dict/dict_edit/{dictId}]}" onto public java.lang.String com.stylefeng.guns.modular.system.controller.DictController.deptUpdate(java.lang.Integer,org.springframework.ui.Model)
2018-05-02 23:30:25,510 [INFO] [restartedMain] o.s.w.s.mvc.method.annotation.RequestMappingHandlerMapping [AbstractHandlerMethodMapping.java : 543] Mapped "{[/kaptcha]}" onto public void com.stylefeng.guns.modular.system.controller.KaptchaController.index(javax.servlet.http.HttpServletRequest,javax.servlet.http.HttpServletResponse)
2018-05-02 23:30:25,510 [INFO] [restartedMain] o.s.w.s.mvc.method.annotation.RequestMappingHandlerMapping [AbstractHandlerMethodMapping.java : 543] Mapped "{[/kaptcha/{pictureId}]}" onto public void com.stylefeng.guns.modular.system.controller.KaptchaController.renderPicture(java.lang.String,javax.servlet.http.HttpServletResponse)
2018-05-02 23:30:25,526 [INFO] [restartedMain] o.s.w.s.mvc.method.annotation.RequestMappingHandlerMapping [AbstractHandlerMethodMapping.java : 543] Mapped "{[/log]}" onto public java.lang.String com.stylefeng.guns.modular.system.controller.LogController.index()
2018-05-02 23:30:25,526 [INFO] [restartedMain] o.s.w.s.mvc.method.annotation.RequestMappingHandlerMapping [AbstractHandlerMethodMapping.java : 543] Mapped "{[/log/list]}" onto public java.lang.Object com.stylefeng.guns.modular.system.controller.LogController.list(java.lang.String,java.lang.String,java.lang.String,java.lang.Integer)
2018-05-02 23:30:25,526 [INFO] [restartedMain] o.s.w.s.mvc.method.annotation.RequestMappingHandlerMapping [AbstractHandlerMethodMapping.java : 543] Mapped "{[/log/detail/{id}]}" onto public java.lang.Object com.stylefeng.guns.modular.system.controller.LogController.detail(java.lang.Integer)
2018-05-02 23:30:25,526 [INFO] [restartedMain] o.s.w.s.mvc.method.annotation.RequestMappingHandlerMapping [AbstractHandlerMethodMapping.java : 543] Mapped "{[/log/delLog]}" onto public java.lang.Object com.stylefeng.guns.modular.system.controller.LogController.delLog()
2018-05-02 23:30:25,526 [INFO] [restartedMain] o.s.w.s.mvc.method.annotation.RequestMappingHandlerMapping [AbstractHandlerMethodMapping.java : 543] Mapped "{[/],methods=[GET]}" onto public java.lang.String com.stylefeng.guns.modular.system.controller.LoginController.index(org.springframework.ui.Model)
2018-05-02 23:30:25,526 [INFO] [restartedMain] o.s.w.s.mvc.method.annotation.RequestMappingHandlerMapping [AbstractHandlerMethodMapping.java : 543] Mapped "{[/logout],methods=[GET]}" onto public java.lang.String com.stylefeng.guns.modular.system.controller.LoginController.logOut()
2018-05-02 23:30:25,526 [INFO] [restartedMain] o.s.w.s.mvc.method.annotation.RequestMappingHandlerMapping [AbstractHandlerMethodMapping.java : 543] Mapped "{[/login],methods=[POST]}" onto public java.lang.String com.stylefeng.guns.modular.system.controller.LoginController.loginVali()
2018-05-02 23:30:25,526 [INFO] [restartedMain] o.s.w.s.mvc.method.annotation.RequestMappingHandlerMapping [AbstractHandlerMethodMapping.java : 543] Mapped "{[/login],methods=[GET]}" onto public java.lang.String com.stylefeng.guns.modular.system.controller.LoginController.login()
2018-05-02 23:30:25,526 [INFO] [restartedMain] o.s.w.s.mvc.method.annotation.RequestMappingHandlerMapping [AbstractHandlerMethodMapping.java : 543] Mapped "{[/loginLog]}" onto public java.lang.String com.stylefeng.guns.modular.system.controller.LoginLogController.index()
2018-05-02 23:30:25,526 [INFO] [restartedMain] o.s.w.s.mvc.method.annotation.RequestMappingHandlerMapping [AbstractHandlerMethodMapping.java : 543] Mapped "{[/loginLog/list]}" onto public java.lang.Object com.stylefeng.guns.modular.system.controller.LoginLogController.list(java.lang.String,java.lang.String,java.lang.String)
2018-05-02 23:30:25,526 [INFO] [restartedMain] o.s.w.s.mvc.method.annotation.RequestMappingHandlerMapping [AbstractHandlerMethodMapping.java : 543] Mapped "{[/loginLog/delLoginLog]}" onto public java.lang.Object com.stylefeng.guns.modular.system.controller.LoginLogController.delLog()
2018-05-02 23:30:25,526 [INFO] [restartedMain] o.s.w.s.mvc.method.annotation.RequestMappingHandlerMapping [AbstractHandlerMethodMapping.java : 543] Mapped "{[/menu]}" onto public java.lang.String com.stylefeng.guns.modular.system.controller.MenuController.index()
2018-05-02 23:30:25,526 [INFO] [restartedMain] o.s.w.s.mvc.method.annotation.RequestMappingHandlerMapping [AbstractHandlerMethodMapping.java : 543] Mapped "{[/menu/add]}" onto public com.stylefeng.guns.core.base.tips.Tip com.stylefeng.guns.modular.system.controller.MenuController.add(com.stylefeng.guns.modular.system.model.Menu,org.springframework.validation.BindingResult)
2018-05-02 23:30:25,526 [INFO] [restartedMain] o.s.w.s.mvc.method.annotation.RequestMappingHandlerMapping [AbstractHandlerMethodMapping.java : 543] Mapped "{[/menu/remove]}" onto public com.stylefeng.guns.core.base.tips.Tip com.stylefeng.guns.modular.system.controller.MenuController.remove(java.lang.Long)
2018-05-02 23:30:25,526 [INFO] [restartedMain] o.s.w.s.mvc.method.annotation.RequestMappingHandlerMapping [AbstractHandlerMethodMapping.java : 543] Mapped "{[/menu/list]}" onto public java.lang.Object com.stylefeng.guns.modular.system.controller.MenuController.list(java.lang.String,java.lang.String)
2018-05-02 23:30:25,526 [INFO] [restartedMain] o.s.w.s.mvc.method.annotation.RequestMappingHandlerMapping [AbstractHandlerMethodMapping.java : 543] Mapped "{[/menu/edit]}" onto public com.stylefeng.guns.core.base.tips.Tip com.stylefeng.guns.modular.system.controller.MenuController.edit(com.stylefeng.guns.modular.system.model.Menu,org.springframework.validation.BindingResult)
2018-05-02 23:30:25,526 [INFO] [restartedMain] o.s.w.s.mvc.method.annotation.RequestMappingHandlerMapping [AbstractHandlerMethodMapping.java : 543] Mapped "{[/menu/view/{menuId}]}" onto public com.stylefeng.guns.core.base.tips.Tip com.stylefeng.guns.modular.system.controller.MenuController.view(java.lang.Long)
2018-05-02 23:30:25,541 [INFO] [restartedMain] o.s.w.s.mvc.method.annotation.RequestMappingHandlerMapping [AbstractHandlerMethodMapping.java : 543] Mapped "{[/menu/menuTreeListByRoleId/{roleId}]}" onto public java.util.List<com.stylefeng.guns.core.node.ZTreeNode> com.stylefeng.guns.modular.system.controller.MenuController.menuTreeListByRoleId(java.lang.Integer)
2018-05-02 23:30:25,541 [INFO] [restartedMain] o.s.w.s.mvc.method.annotation.RequestMappingHandlerMapping [AbstractHandlerMethodMapping.java : 543] Mapped "{[/menu/selectMenuTreeList]}" onto public java.util.List<com.stylefeng.guns.core.node.ZTreeNode> com.stylefeng.guns.modular.system.controller.MenuController.selectMenuTreeList()
2018-05-02 23:30:25,541 [INFO] [restartedMain] o.s.w.s.mvc.method.annotation.RequestMappingHandlerMapping [AbstractHandlerMethodMapping.java : 543] Mapped "{[/menu/menuTreeList]}" onto public java.util.List<com.stylefeng.guns.core.node.ZTreeNode> com.stylefeng.guns.modular.system.controller.MenuController.menuTreeList()
2018-05-02 23:30:25,541 [INFO] [restartedMain] o.s.w.s.mvc.method.annotation.RequestMappingHandlerMapping [AbstractHandlerMethodMapping.java : 543] Mapped "{[/menu/menu_add]}" onto public java.lang.String com.stylefeng.guns.modular.system.controller.MenuController.menuAdd()
2018-05-02 23:30:25,541 [INFO] [restartedMain] o.s.w.s.mvc.method.annotation.RequestMappingHandlerMapping [AbstractHandlerMethodMapping.java : 543] Mapped "{[/menu/menu_edit/{menuId}]}" onto public java.lang.String com.stylefeng.guns.modular.system.controller.MenuController.menuEdit(java.lang.Long,org.springframework.ui.Model)
2018-05-02 23:30:25,541 [INFO] [restartedMain] o.s.w.s.mvc.method.annotation.RequestMappingHandlerMapping [AbstractHandlerMethodMapping.java : 543] Mapped "{[/notice]}" onto public java.lang.String com.stylefeng.guns.modular.system.controller.NoticeController.index()
2018-05-02 23:30:25,541 [INFO] [restartedMain] o.s.w.s.mvc.method.annotation.RequestMappingHandlerMapping [AbstractHandlerMethodMapping.java : 543] Mapped "{[/notice/add]}" onto public java.lang.Object com.stylefeng.guns.modular.system.controller.NoticeController.add(com.stylefeng.guns.modular.system.model.Notice)
2018-05-02 23:30:25,541 [INFO] [restartedMain] o.s.w.s.mvc.method.annotation.RequestMappingHandlerMapping [AbstractHandlerMethodMapping.java : 543] Mapped "{[/notice/update]}" onto public java.lang.Object com.stylefeng.guns.modular.system.controller.NoticeController.update(com.stylefeng.guns.modular.system.model.Notice)
2018-05-02 23:30:25,541 [INFO] [restartedMain] o.s.w.s.mvc.method.annotation.RequestMappingHandlerMapping [AbstractHandlerMethodMapping.java : 543] Mapped "{[/notice/delete]}" onto public java.lang.Object com.stylefeng.guns.modular.system.controller.NoticeController.delete(java.lang.Integer)
2018-05-02 23:30:25,541 [INFO] [restartedMain] o.s.w.s.mvc.method.annotation.RequestMappingHandlerMapping [AbstractHandlerMethodMapping.java : 543] Mapped "{[/notice/list]}" onto public java.lang.Object com.stylefeng.guns.modular.system.controller.NoticeController.list(java.lang.String)
2018-05-02 23:30:25,541 [INFO] [restartedMain] o.s.w.s.mvc.method.annotation.RequestMappingHandlerMapping [AbstractHandlerMethodMapping.java : 543] Mapped "{[/notice/notice_add]}" onto public java.lang.String com.stylefeng.guns.modular.system.controller.NoticeController.noticeAdd()
2018-05-02 23:30:25,541 [INFO] [restartedMain] o.s.w.s.mvc.method.annotation.RequestMappingHandlerMapping [AbstractHandlerMethodMapping.java : 543] Mapped "{[/notice/hello]}" onto public java.lang.String com.stylefeng.guns.modular.system.controller.NoticeController.hello()
2018-05-02 23:30:25,541 [INFO] [restartedMain] o.s.w.s.mvc.method.annotation.RequestMappingHandlerMapping [AbstractHandlerMethodMapping.java : 543] Mapped "{[/notice/notice_update/{noticeId}]}" onto public java.lang.String com.stylefeng.guns.modular.system.controller.NoticeController.noticeUpdate(java.lang.Integer,org.springframework.ui.Model)
2018-05-02 23:30:25,541 [INFO] [restartedMain] o.s.w.s.mvc.method.annotation.RequestMappingHandlerMapping [AbstractHandlerMethodMapping.java : 543] Mapped "{[/resetPwd],methods=[POST]}" onto public com.stylefeng.guns.core.base.tips.Tip com.stylefeng.guns.modular.system.controller.RegistController.resetPwd(com.stylefeng.guns.modular.system.transfer.UserDto,org.springframework.validation.BindingResult)
2018-05-02 23:30:25,541 [INFO] [restartedMain] o.s.w.s.mvc.method.annotation.RequestMappingHandlerMapping [AbstractHandlerMethodMapping.java : 543] Mapped "{[/resetPwd],methods=[GET]}" onto public java.lang.String com.stylefeng.guns.modular.system.controller.RegistController.resetPwd()
2018-05-02 23:30:25,541 [INFO] [restartedMain] o.s.w.s.mvc.method.annotation.RequestMappingHandlerMapping [AbstractHandlerMethodMapping.java : 543] Mapped "{[/regist],methods=[POST]}" onto public com.stylefeng.guns.core.base.tips.Tip com.stylefeng.guns.modular.system.controller.RegistController.regist(com.stylefeng.guns.modular.system.transfer.UserDto,org.springframework.validation.BindingResult)
2018-05-02 23:30:25,541 [INFO] [restartedMain] o.s.w.s.mvc.method.annotation.RequestMappingHandlerMapping [AbstractHandlerMethodMapping.java : 543] Mapped "{[/regist],methods=[GET]}" onto public java.lang.String com.stylefeng.guns.modular.system.controller.RegistController.regist()
2018-05-02 23:30:25,541 [INFO] [restartedMain] o.s.w.s.mvc.method.annotation.RequestMappingHandlerMapping [AbstractHandlerMethodMapping.java : 543] Mapped "{[/role]}" onto public java.lang.String com.stylefeng.guns.modular.system.controller.RoleController.index()
2018-05-02 23:30:25,541 [INFO] [restartedMain] o.s.w.s.mvc.method.annotation.RequestMappingHandlerMapping [AbstractHandlerMethodMapping.java : 543] Mapped "{[/role/add]}" onto public com.stylefeng.guns.core.base.tips.Tip com.stylefeng.guns.modular.system.controller.RoleController.add(com.stylefeng.guns.modular.system.model.Role,org.springframework.validation.BindingResult)
2018-05-02 23:30:25,541 [INFO] [restartedMain] o.s.w.s.mvc.method.annotation.RequestMappingHandlerMapping [AbstractHandlerMethodMapping.java : 543] Mapped "{[/role/remove]}" onto public com.stylefeng.guns.core.base.tips.Tip com.stylefeng.guns.modular.system.controller.RoleController.remove(java.lang.Integer)
2018-05-02 23:30:25,541 [INFO] [restartedMain] o.s.w.s.mvc.method.annotation.RequestMappingHandlerMapping [AbstractHandlerMethodMapping.java : 543] Mapped "{[/role/list]}" onto public java.lang.Object com.stylefeng.guns.modular.system.controller.RoleController.list(java.lang.String)
2018-05-02 23:30:25,557 [INFO] [restartedMain] o.s.w.s.mvc.method.annotation.RequestMappingHandlerMapping [AbstractHandlerMethodMapping.java : 543] Mapped "{[/role/role_assign/{roleId}]}" onto public java.lang.String com.stylefeng.guns.modular.system.controller.RoleController.roleAssign(java.lang.Integer,org.springframework.ui.Model)
2018-05-02 23:30:25,557 [INFO] [restartedMain] o.s.w.s.mvc.method.annotation.RequestMappingHandlerMapping [AbstractHandlerMethodMapping.java : 543] Mapped "{[/role/edit]}" onto public com.stylefeng.guns.core.base.tips.Tip com.stylefeng.guns.modular.system.controller.RoleController.edit(com.stylefeng.guns.modular.system.model.Role,org.springframework.validation.BindingResult)
2018-05-02 23:30:25,557 [INFO] [restartedMain] o.s.w.s.mvc.method.annotation.RequestMappingHandlerMapping [AbstractHandlerMethodMapping.java : 543] Mapped "{[/role/view/{roleId}]}" onto public com.stylefeng.guns.core.base.tips.Tip com.stylefeng.guns.modular.system.controller.RoleController.view(java.lang.Integer)
2018-05-02 23:30:25,557 [INFO] [restartedMain] o.s.w.s.mvc.method.annotation.RequestMappingHandlerMapping [AbstractHandlerMethodMapping.java : 543] Mapped "{[/role/roleTreeListByUserId/{userId}]}" onto public java.util.List<com.stylefeng.guns.core.node.ZTreeNode> com.stylefeng.guns.modular.system.controller.RoleController.roleTreeListByUserId(java.lang.Integer)
2018-05-02 23:30:25,619 [INFO] [restartedMain] o.s.w.s.mvc.method.annotation.RequestMappingHandlerMapping [AbstractHandlerMethodMapping.java : 543] Mapped "{[/role/role_add]}" onto public java.lang.String com.stylefeng.guns.modular.system.controller.RoleController.roleAdd()
2018-05-02 23:30:25,619 [INFO] [restartedMain] o.s.w.s.mvc.method.annotation.RequestMappingHandlerMapping [AbstractHandlerMethodMapping.java : 543] Mapped "{[/role/roleTreeList]}" onto public java.util.List<com.stylefeng.guns.core.node.ZTreeNode> com.stylefeng.guns.modular.system.controller.RoleController.roleTreeList()
2018-05-02 23:30:25,619 [INFO] [restartedMain] o.s.w.s.mvc.method.annotation.RequestMappingHandlerMapping [AbstractHandlerMethodMapping.java : 543] Mapped "{[/role/setAuthority]}" onto public com.stylefeng.guns.core.base.tips.Tip com.stylefeng.guns.modular.system.controller.RoleController.setAuthority(java.lang.Integer,java.lang.String)
2018-05-02 23:30:25,619 [INFO] [restartedMain] o.s.w.s.mvc.method.annotation.RequestMappingHandlerMapping [AbstractHandlerMethodMapping.java : 543] Mapped "{[/role/role_edit/{roleId}]}" onto public java.lang.String com.stylefeng.guns.modular.system.controller.RoleController.roleEdit(java.lang.Integer,org.springframework.ui.Model)
2018-05-02 23:30:25,619 [INFO] [restartedMain] o.s.w.s.mvc.method.annotation.RequestMappingHandlerMapping [AbstractHandlerMethodMapping.java : 543] Mapped "{[/setup]}" onto public java.lang.String com.stylefeng.guns.modular.system.controller.SetupController.index()
2018-05-02 23:30:25,619 [INFO] [restartedMain] o.s.w.s.mvc.method.annotation.RequestMappingHandlerMapping [AbstractHandlerMethodMapping.java : 543] Mapped "{[/setup/add]}" onto public java.lang.Object com.stylefeng.guns.modular.system.controller.SetupController.add(com.stylefeng.guns.modular.system.model.Setup)
2018-05-02 23:30:25,619 [INFO] [restartedMain] o.s.w.s.mvc.method.annotation.RequestMappingHandlerMapping [AbstractHandlerMethodMapping.java : 543] Mapped "{[/setup/update]}" onto public java.lang.Object com.stylefeng.guns.modular.system.controller.SetupController.update(com.stylefeng.guns.modular.system.model.Setup)
2018-05-02 23:30:25,619 [INFO] [restartedMain] o.s.w.s.mvc.method.annotation.RequestMappingHandlerMapping [AbstractHandlerMethodMapping.java : 543] Mapped "{[/setup/delete]}" onto public java.lang.Object com.stylefeng.guns.modular.system.controller.SetupController.delete(java.lang.Integer)
2018-05-02 23:30:25,619 [INFO] [restartedMain] o.s.w.s.mvc.method.annotation.RequestMappingHandlerMapping [AbstractHandlerMethodMapping.java : 543] Mapped "{[/setup/list]}" onto public java.lang.Object com.stylefeng.guns.modular.system.controller.SetupController.list(java.lang.String)
2018-05-02 23:30:25,619 [INFO] [restartedMain] o.s.w.s.mvc.method.annotation.RequestMappingHandlerMapping [AbstractHandlerMethodMapping.java : 543] Mapped "{[/setup/detail/{setupId}]}" onto public java.lang.Object com.stylefeng.guns.modular.system.controller.SetupController.detail(java.lang.Integer)
2018-05-02 23:30:25,635 [INFO] [restartedMain] o.s.w.s.mvc.method.annotation.RequestMappingHandlerMapping [AbstractHandlerMethodMapping.java : 543] Mapped "{[/setup/setup_about]}" onto public java.lang.String com.stylefeng.guns.modular.system.controller.SetupController.setupAbout(org.springframework.ui.Model)
2018-05-02 23:30:25,635 [INFO] [restartedMain] o.s.w.s.mvc.method.annotation.RequestMappingHandlerMapping [AbstractHandlerMethodMapping.java : 543] Mapped "{[/setup/setup_update/{setupId}]}" onto public java.lang.String com.stylefeng.guns.modular.system.controller.SetupController.setupUpdate(java.lang.Integer,org.springframework.ui.Model)
2018-05-02 23:30:25,635 [INFO] [restartedMain] o.s.w.s.mvc.method.annotation.RequestMappingHandlerMapping [AbstractHandlerMethodMapping.java : 543] Mapped "{[/mgr]}" onto public java.lang.String com.stylefeng.guns.modular.system.controller.UserMgrController.index()
2018-05-02 23:30:25,635 [INFO] [restartedMain] o.s.w.s.mvc.method.annotation.RequestMappingHandlerMapping [AbstractHandlerMethodMapping.java : 543] Mapped "{[/mgr/add]}" onto public com.stylefeng.guns.core.base.tips.Tip com.stylefeng.guns.modular.system.controller.UserMgrController.add(com.stylefeng.guns.modular.system.transfer.UserDto,org.springframework.validation.BindingResult)
2018-05-02 23:30:25,635 [INFO] [restartedMain] o.s.w.s.mvc.method.annotation.RequestMappingHandlerMapping [AbstractHandlerMethodMapping.java : 543] Mapped "{[/mgr/delete]}" onto public com.stylefeng.guns.core.base.tips.Tip com.stylefeng.guns.modular.system.controller.UserMgrController.delete(java.lang.Integer)
2018-05-02 23:30:25,635 [INFO] [restartedMain] o.s.w.s.mvc.method.annotation.RequestMappingHandlerMapping [AbstractHandlerMethodMapping.java : 543] Mapped "{[/mgr/list]}" onto public java.lang.Object com.stylefeng.guns.modular.system.controller.UserMgrController.list(java.lang.String,java.lang.String,java.lang.String,java.lang.Integer)
2018-05-02 23:30:25,635 [INFO] [restartedMain] o.s.w.s.mvc.method.annotation.RequestMappingHandlerMapping [AbstractHandlerMethodMapping.java : 543] Mapped "{[/mgr/reset]}" onto public com.stylefeng.guns.core.base.tips.Tip com.stylefeng.guns.modular.system.controller.UserMgrController.reset(java.lang.Integer)
2018-05-02 23:30:25,635 [INFO] [restartedMain] o.s.w.s.mvc.method.annotation.RequestMappingHandlerMapping [AbstractHandlerMethodMapping.java : 543] Mapped "{[/mgr/user_info]}" onto public java.lang.String com.stylefeng.guns.modular.system.controller.UserMgrController.userInfo(org.springframework.ui.Model)
2018-05-02 23:30:25,635 [INFO] [restartedMain] o.s.w.s.mvc.method.annotation.RequestMappingHandlerMapping [AbstractHandlerMethodMapping.java : 543] Mapped "{[/mgr/user_edit/{userId}]}" onto public java.lang.String com.stylefeng.guns.modular.system.controller.UserMgrController.userEdit(java.lang.Integer,org.springframework.ui.Model)
2018-05-02 23:30:25,635 [INFO] [restartedMain] o.s.w.s.mvc.method.annotation.RequestMappingHandlerMapping [AbstractHandlerMethodMapping.java : 543] Mapped "{[/mgr/user_add]}" onto public java.lang.String com.stylefeng.guns.modular.system.controller.UserMgrController.addView()
2018-05-02 23:30:25,635 [INFO] [restartedMain] o.s.w.s.mvc.method.annotation.RequestMappingHandlerMapping [AbstractHandlerMethodMapping.java : 543] Mapped "{[/mgr/role_assign/{userId}]}" onto public java.lang.String com.stylefeng.guns.modular.system.controller.UserMgrController.roleAssign(java.lang.Integer,org.springframework.ui.Model)
2018-05-02 23:30:25,635 [INFO] [restartedMain] o.s.w.s.mvc.method.annotation.RequestMappingHandlerMapping [AbstractHandlerMethodMapping.java : 543] Mapped "{[/mgr/edit]}" onto public com.stylefeng.guns.core.base.tips.Tip com.stylefeng.guns.modular.system.controller.UserMgrController.edit(com.stylefeng.guns.modular.system.transfer.UserDto,org.springframework.validation.BindingResult) throws javax.naming.NoPermissionException
2018-05-02 23:30:25,635 [INFO] [restartedMain] o.s.w.s.mvc.method.annotation.RequestMappingHandlerMapping [AbstractHandlerMethodMapping.java : 543] Mapped "{[/mgr/changePwd]}" onto public java.lang.Object com.stylefeng.guns.modular.system.controller.UserMgrController.changePwd(java.lang.String,java.lang.String,java.lang.String)
2018-05-02 23:30:25,635 [INFO] [restartedMain] o.s.w.s.mvc.method.annotation.RequestMappingHandlerMapping [AbstractHandlerMethodMapping.java : 543] Mapped "{[/mgr/unfreeze]}" onto public com.stylefeng.guns.core.base.tips.Tip com.stylefeng.guns.modular.system.controller.UserMgrController.unfreeze(java.lang.Integer)
2018-05-02 23:30:25,635 [INFO] [restartedMain] o.s.w.s.mvc.method.annotation.RequestMappingHandlerMapping [AbstractHandlerMethodMapping.java : 543] Mapped "{[/mgr/view/{userId}]}" onto public com.stylefeng.guns.modular.system.model.User com.stylefeng.guns.modular.system.controller.UserMgrController.view(java.lang.Integer)
2018-05-02 23:30:25,635 [INFO] [restartedMain] o.s.w.s.mvc.method.annotation.RequestMappingHandlerMapping [AbstractHandlerMethodMapping.java : 543] Mapped "{[/mgr/user_chpwd]}" onto public java.lang.String com.stylefeng.guns.modular.system.controller.UserMgrController.chPwd()
2018-05-02 23:30:25,635 [INFO] [restartedMain] o.s.w.s.mvc.method.annotation.RequestMappingHandlerMapping [AbstractHandlerMethodMapping.java : 543] Mapped "{[/mgr/setRole]}" onto public com.stylefeng.guns.core.base.tips.Tip com.stylefeng.guns.modular.system.controller.UserMgrController.setRole(java.lang.Integer,java.lang.String)
2018-05-02 23:30:25,635 [INFO] [restartedMain] o.s.w.s.mvc.method.annotation.RequestMappingHandlerMapping [AbstractHandlerMethodMapping.java : 543] Mapped "{[/mgr/freeze]}" onto public com.stylefeng.guns.core.base.tips.Tip com.stylefeng.guns.modular.system.controller.UserMgrController.freeze(java.lang.Integer)
2018-05-02 23:30:25,635 [INFO] [restartedMain] o.s.w.s.mvc.method.annotation.RequestMappingHandlerMapping [AbstractHandlerMethodMapping.java : 543] Mapped "{[/mgr/upload],methods=[POST]}" onto public java.lang.String com.stylefeng.guns.modular.system.controller.UserMgrController.upload(org.springframework.web.multipart.MultipartFile)
2018-05-02 23:30:25,635 [INFO] [restartedMain] o.s.w.s.mvc.method.annotation.RequestMappingHandlerMapping [AbstractHandlerMethodMapping.java : 543] Mapped "{[/global/error]}" onto public java.lang.String com.stylefeng.guns.core.base.controller.GlobalController.errorPage()
2018-05-02 23:30:25,635 [INFO] [restartedMain] o.s.w.s.mvc.method.annotation.RequestMappingHandlerMapping [AbstractHandlerMethodMapping.java : 543] Mapped "{[/global/sessionError]}" onto public java.lang.String com.stylefeng.guns.core.base.controller.GlobalController.errorPageInfo(org.springframework.ui.Model)
2018-05-02 23:30:25,635 [INFO] [restartedMain] o.s.w.s.mvc.method.annotation.RequestMappingHandlerMapping [AbstractHandlerMethodMapping.java : 543] Mapped "{[/v2/api-docs],methods=[GET]}" onto public org.springframework.http.ResponseEntity<springfox.documentation.spring.web.json.Json> springfox.documentation.swagger2.web.Swagger2Controller.getDocumentation(java.lang.String)
2018-05-02 23:30:25,635 [INFO] [restartedMain] o.s.w.s.mvc.method.annotation.RequestMappingHandlerMapping [AbstractHandlerMethodMapping.java : 543] Mapped "{[/configuration/security]}" onto org.springframework.http.ResponseEntity<springfox.documentation.swagger.web.SecurityConfiguration> springfox.documentation.swagger.web.ApiResourceController.securityConfiguration()
2018-05-02 23:30:25,651 [INFO] [restartedMain] o.s.w.s.mvc.method.annotation.RequestMappingHandlerMapping [AbstractHandlerMethodMapping.java : 543] Mapped "{[/configuration/ui]}" onto org.springframework.http.ResponseEntity<springfox.documentation.swagger.web.UiConfiguration> springfox.documentation.swagger.web.ApiResourceController.uiConfiguration()
2018-05-02 23:30:25,651 [INFO] [restartedMain] o.s.w.s.mvc.method.annotation.RequestMappingHandlerMapping [AbstractHandlerMethodMapping.java : 543] Mapped "{[/swagger-resources]}" onto org.springframework.http.ResponseEntity<java.util.List<springfox.documentation.swagger.web.SwaggerResource>> springfox.documentation.swagger.web.ApiResourceController.swaggerResources()
2018-05-02 23:30:25,651 [INFO] [restartedMain] o.s.w.s.mvc.method.annotation.RequestMappingHandlerMapping [AbstractHandlerMethodMapping.java : 543] Mapped "{[/error]}" onto public org.springframework.http.ResponseEntity<java.util.Map<java.lang.String, java.lang.Object>> org.springframework.boot.autoconfigure.web.BasicErrorController.error(javax.servlet.http.HttpServletRequest)
2018-05-02 23:30:25,651 [INFO] [restartedMain] o.s.w.s.mvc.method.annotation.RequestMappingHandlerMapping [AbstractHandlerMethodMapping.java : 543] Mapped "{[/error],produces=[text/html]}" onto public org.springframework.web.servlet.ModelAndView org.springframework.boot.autoconfigure.web.BasicErrorController.errorHtml(javax.servlet.http.HttpServletRequest,javax.servlet.http.HttpServletResponse)
2018-05-02 23:30:27,135 [INFO] [restartedMain] o.s.w.s.mvc.method.annotation.RequestMappingHandlerAdapter [RequestMappingHandlerAdapter.java : 534] Looking for @ControllerAdvice: org.springframework.boot.context.embedded.AnnotationConfigEmbeddedWebApplicationContext@24aa08ef: startup date [Wed May 02 23:29:58 CST 2018]; root of context hierarchy
2018-05-02 23:30:27,329 [INFO] [restartedMain] o.s.web.servlet.handler.SimpleUrlHandlerMapping [AbstractUrlHandlerMapping.java : 362] Mapped URL path [/swagger-ui.html] onto handler of type [class org.springframework.web.servlet.resource.ResourceHttpRequestHandler]
2018-05-02 23:30:27,329 [INFO] [restartedMain] o.s.web.servlet.handler.SimpleUrlHandlerMapping [AbstractUrlHandlerMapping.java : 362] Mapped URL path [/webjars/**] onto handler of type [class org.springframework.web.servlet.resource.ResourceHttpRequestHandler]
2018-05-02 23:30:27,329 [INFO] [restartedMain] o.s.web.servlet.handler.SimpleUrlHandlerMapping [AbstractUrlHandlerMapping.java : 362] Mapped URL path [/static/**] onto handler of type [class org.springframework.web.servlet.resource.ResourceHttpRequestHandler]
2018-05-02 23:30:27,360 [INFO] [restartedMain] o.s.w.s.m.m.annotation.ExceptionHandlerExceptionResolver [ExceptionHandlerExceptionResolver.java : 273] Detected @ExceptionHandler methods in globalExceptionHandler
2018-05-02 23:30:27,438 [INFO] [restartedMain] o.s.web.servlet.handler.SimpleUrlHandlerMapping [AbstractUrlHandlerMapping.java : 362] Mapped URL path [/**/favicon.ico] onto handler of type [class org.springframework.web.servlet.resource.ResourceHttpRequestHandler]
2018-05-02 23:30:29,173 [INFO] [restartedMain] o.s.boot.devtools.autoconfigure.OptionalLiveReloadServer [OptionalLiveReloadServer.java : 58] LiveReload server is running on port 35729
2018-05-02 23:30:29,308 [INFO] [restartedMain] o.s.jmx.export.annotation.AnnotationMBeanExporter [MBeanExporter.java : 431] Registering beans for JMX exposure on startup
2018-05-02 23:30:29,323 [INFO] [restartedMain] s.d.spring.web.plugins.DocumentationPluginsBootstrapper [DocumentationPluginsBootstrapper.java : 80] Context refreshed
2018-05-02 23:30:29,417 [INFO] [restartedMain] s.d.spring.web.plugins.DocumentationPluginsBootstrapper [DocumentationPluginsBootstrapper.java : 83] Found {0} custom documentation plugin(s)
2018-05-02 23:30:29,417 [INFO] [restartedMain] s.d.spring.web.scanners.ApiListingReferenceScanner [ApiListingReferenceScanner.java : 53] Scanning for api listing references
2018-05-02 23:30:29,448 [INFO] [restartedMain] s.d.swagger.web.ClassOrApiAnnotationResourceGrouping [ClassOrApiAnnotationResourceGrouping.java : 100] Group for method generate was code-controller
2018-05-02 23:30:29,448 [INFO] [restartedMain] s.d.spring.web.scanners.ApiListingReferenceScanner [ApiListingReferenceScanner.java : 72] Request mapping: generate belongs to groups: [[ResourceGroup{groupName='code-controller', position=0, controller=com.stylefeng.guns.modular.code.controller.CodeController}]] 
2018-05-02 23:30:29,448 [INFO] [restartedMain] s.d.spring.web.scanners.ApiListingReferenceScanner [ApiListingReferenceScanner.java : 84] Created resource listing Path: /default/code-controller Description: code-controller Position: 0
2018-05-02 23:30:29,495 [INFO] [restartedMain] springfox.documentation.schema.ModelContextKeyGenerator [ModelContextKeyGenerator.java : 46] Cache Key Generated: java.lang.Object(true)
2018-05-02 23:30:29,495 [INFO] [restartedMain] springfox.documentation.spring.web.caching.CachingAspect [CachingAspect.java : 79] Caching aspect applied for cache models with key java.lang.Object(true)
2018-05-02 23:30:29,511 [INFO] [restartedMain] springfox.documentation.schema.ModelContextKeyGenerator [ModelContextKeyGenerator.java : 46] Cache Key Generated: java.lang.Object(true)
2018-05-02 23:30:29,511 [INFO] [restartedMain] springfox.documentation.spring.web.caching.CachingAspect [CachingAspect.java : 79] Caching aspect applied for cache modelDependencies with key java.lang.Object(true)
2018-05-02 23:30:29,527 [INFO] [restartedMain] springfox.documentation.spring.web.OperationsKeyGenerator [OperationsKeyGenerator.java : 51] Cache key generated: /code/generate.com.stylefeng.guns.modular.code.controller.CodeController.generate.DefaultGenericTypeNamingStrategy
2018-05-02 23:30:29,527 [INFO] [restartedMain] springfox.documentation.spring.web.caching.CachingAspect [CachingAspect.java : 68] Caching aspect applied for cache operations with key /code/generate.com.stylefeng.guns.modular.code.controller.CodeController.generate.DefaultGenericTypeNamingStrategy
2018-05-02 23:30:29,558 [INFO] [restartedMain] s.d.swagger.web.ClassOrApiAnnotationResourceGrouping [ClassOrApiAnnotationResourceGrouping.java : 100] Group for method generate was code-controller
2018-05-02 23:30:29,605 [INFO] [restartedMain] s.d.swagger.web.ClassOrApiAnnotationResourceGrouping [ClassOrApiAnnotationResourceGrouping.java : 100] Group for method generate was code-controller
2018-05-02 23:30:29,886 [INFO] [restartedMain] o.s.b.context.embedded.tomcat.TomcatEmbeddedServletContainer [TomcatEmbeddedServletContainer.java : 201] Tomcat started on port(s): 80 (http)
2018-05-02 23:30:29,902 [INFO] [restartedMain] com.stylefeng.guns.GunsApplication [StartupInfoLogger.java : 57] Started GunsApplication in 35.442 seconds (JVM running for 40.126)
2018-05-02 23:30:29,902 [INFO] [restartedMain] com.stylefeng.guns.GunsApplication [GunsApplication.java : 21] GunsApplication is success!
2018-05-02 23:31:26,615 [INFO] [http-nio-80-exec-1] o.a.catalina.core.ContainerBase.[Tomcat].[localhost].[/] [DirectJDKLog.java : 179] Initializing Spring FrameworkServlet 'dispatcherServlet'
2018-05-02 23:31:26,623 [INFO] [http-nio-80-exec-1] org.springframework.web.servlet.DispatcherServlet [FrameworkServlet.java : 489] FrameworkServlet 'dispatcherServlet': initialization started
2018-05-02 23:31:26,671 [INFO] [http-nio-80-exec-1] org.springframework.web.servlet.DispatcherServlet [FrameworkServlet.java : 508] FrameworkServlet 'dispatcherServlet': initialization completed in 48 ms
2018-05-02 23:31:26,911 [INFO] [http-nio-80-exec-1] o.apache.shiro.session.mgt.AbstractValidatingSessionManager [AbstractValidatingSessionManager.java : 233] Enabling session validation scheduler...
2018-05-02 23:31:36,469 [DEBUG] [http-nio-80-exec-8] c.stylefeng.guns.modular.system.dao.UserMapper.getByAccount [BaseJdbcLogger.java : 159] ==>  Preparing: select id, account, name, birthday,password, sex, email, avatar, phone, roleid,salt, deptid, status, createtime, version from sys_user where account = ? and status != 3 
2018-05-02 23:31:36,484 [DEBUG] [http-nio-80-exec-8] c.stylefeng.guns.modular.system.dao.UserMapper.getByAccount [BaseJdbcLogger.java : 159] ==> Parameters: admin(String)
2018-05-02 23:31:36,498 [DEBUG] [http-nio-80-exec-8] c.stylefeng.guns.modular.system.dao.UserMapper.getByAccount [BaseJdbcLogger.java : 159] <==      Total: 1
2018-05-02 23:31:36,599 [DEBUG] [http-nio-80-exec-8] com.stylefeng.guns.modular.system.dao.DeptMapper.selectById [BaseJdbcLogger.java : 159] ==>  Preparing: SELECT id AS id,num,pid,pids,simplename,fullname,tips,version FROM sys_dept WHERE id=? 
2018-05-02 23:31:36,602 [DEBUG] [http-nio-80-exec-8] com.stylefeng.guns.modular.system.dao.DeptMapper.selectById [BaseJdbcLogger.java : 159] ==> Parameters: 27(Integer)
2018-05-02 23:31:36,606 [DEBUG] [http-nio-80-exec-8] com.stylefeng.guns.modular.system.dao.DeptMapper.selectById [BaseJdbcLogger.java : 159] <==      Total: 1
2018-05-02 23:31:36,632 [DEBUG] [http-nio-80-exec-8] com.stylefeng.guns.modular.system.dao.RoleMapper.selectById [BaseJdbcLogger.java : 159] ==>  Preparing: SELECT id AS id,num,pid,`name`,deptid,tips,version FROM sys_role WHERE id=? 
2018-05-02 23:31:36,634 [DEBUG] [http-nio-80-exec-8] com.stylefeng.guns.modular.system.dao.RoleMapper.selectById [BaseJdbcLogger.java : 159] ==> Parameters: 1(Integer)
2018-05-02 23:31:36,639 [DEBUG] [http-nio-80-exec-8] com.stylefeng.guns.modular.system.dao.RoleMapper.selectById [BaseJdbcLogger.java : 159] <==      Total: 1
2018-05-02 23:31:36,695 [DEBUG] [pool-2-thread-1] com.stylefeng.guns.modular.system.dao.LoginLogMapper.insert [BaseJdbcLogger.java : 159] ==>  Preparing: INSERT INTO sys_login_log ( logname, userid, createtime, succeed, ip ) VALUES ( ?, ?, ?, ?, ? ) 
2018-05-02 23:31:36,779 [DEBUG] [http-nio-80-exec-4] c.s.guns.modular.system.dao.MenuMapper.getMenusByRoleIds [BaseJdbcLogger.java : 159] ==>  Preparing: SELECT m1.id AS id, m1.icon AS icon, ( CASE WHEN (m2.id = 0 OR m2.id IS NULL) THEN 0 ELSE m2.id END ) AS parentId, m1.NAME as name, m1.url as url, m1.levels as levels, m1.ismenu as ismenu, m1.num as num FROM sys_menu m1 LEFT join sys_menu m2 ON m1.pcode = m2. CODE INNER JOIN ( SELECT ID FROM sys_menu WHERE ID IN ( SELECT menuid FROM sys_relation rela WHERE rela.roleid IN ( ? ) ) ) m3 ON m1.id = m3.id where m1.ismenu = 1 order by levels,num asc 
2018-05-02 23:31:36,796 [DEBUG] [http-nio-80-exec-4] c.s.guns.modular.system.dao.MenuMapper.getMenusByRoleIds [BaseJdbcLogger.java : 159] ==> Parameters: 1(Integer)
2018-05-02 23:31:36,823 [DEBUG] [pool-2-thread-1] com.stylefeng.guns.modular.system.dao.LoginLogMapper.insert [BaseJdbcLogger.java : 159] ==> Parameters: (String), 1(Integer), 2018-05-02 23:31:36.692(Timestamp), (String), 0:0:0:0:0:0:0:1(String)
2018-05-02 23:31:36,841 [DEBUG] [http-nio-80-exec-4] c.s.guns.modular.system.dao.MenuMapper.getMenusByRoleIds [BaseJdbcLogger.java : 159] <==      Total: 33
2018-05-02 23:31:36,859 [DEBUG] [http-nio-80-exec-4] com.stylefeng.guns.modular.system.dao.UserMapper.selectById [BaseJdbcLogger.java : 159] ==>  Preparing: SELECT id AS id,avatar,account,`password`,salt,`name`,birthday,sex,email,phone,roleid,deptid,`status`,createtime,version FROM sys_user WHERE id=? 
2018-05-02 23:31:36,863 [DEBUG] [http-nio-80-exec-4] com.stylefeng.guns.modular.system.dao.UserMapper.selectById [BaseJdbcLogger.java : 159] ==> Parameters: 1(Integer)
2018-05-02 23:31:36,886 [DEBUG] [http-nio-80-exec-4] com.stylefeng.guns.modular.system.dao.UserMapper.selectById [BaseJdbcLogger.java : 159] <==      Total: 1
2018-05-02 23:31:37,004 [DEBUG] [pool-2-thread-1] com.stylefeng.guns.modular.system.dao.LoginLogMapper.insert [BaseJdbcLogger.java : 159] <==    Updates: 1
2018-05-02 23:31:37,103 [ERROR] [http-nio-80-exec-1] com.stylefeng.guns.core.util.FileUtil [FileUtil.java : 25] D:\software\other\Temp\a7ca2a81-9856-426d-a7cc-7b1f092c37c0.jpg
2018-05-02 23:31:37,246 [DEBUG] [http-nio-80-exec-8] com.stylefeng.guns.modular.system.dao.NoticeMapper.list [BaseJdbcLogger.java : 159] ==>  Preparing: select * from sys_notice order by createtime DESC 
2018-05-02 23:31:37,248 [DEBUG] [http-nio-80-exec-8] com.stylefeng.guns.modular.system.dao.NoticeMapper.list [BaseJdbcLogger.java : 159] ==> Parameters: 
2018-05-02 23:31:37,267 [DEBUG] [http-nio-80-exec-8] com.stylefeng.guns.modular.system.dao.NoticeMapper.list [BaseJdbcLogger.java : 159] <==      Total: 3
2018-05-02 23:31:44,767 [DEBUG] [http-nio-80-exec-3] c.s.guns.modular.system.dao.MenuMapper.getResUrlsByRoleId [BaseJdbcLogger.java : 159] ==>  Preparing: select url from sys_relation rel inner join sys_menu m on rel.menuid = m.id where rel.roleid = ? 
2018-05-02 23:31:44,774 [DEBUG] [http-nio-80-exec-3] c.s.guns.modular.system.dao.MenuMapper.getResUrlsByRoleId [BaseJdbcLogger.java : 159] ==> Parameters: 1(Integer)
2018-05-02 23:31:44,797 [DEBUG] [http-nio-80-exec-3] c.s.guns.modular.system.dao.MenuMapper.getResUrlsByRoleId [BaseJdbcLogger.java : 159] <==      Total: 104
2018-05-02 23:31:44,803 [DEBUG] [http-nio-80-exec-3] com.stylefeng.guns.modular.system.dao.RoleMapper.selectById [BaseJdbcLogger.java : 159] ==>  Preparing: SELECT id AS id,num,pid,`name`,deptid,tips,version FROM sys_role WHERE id=? 
2018-05-02 23:31:44,805 [DEBUG] [http-nio-80-exec-3] com.stylefeng.guns.modular.system.dao.RoleMapper.selectById [BaseJdbcLogger.java : 159] ==> Parameters: 1(Integer)
2018-05-02 23:31:44,807 [DEBUG] [http-nio-80-exec-3] com.stylefeng.guns.modular.system.dao.RoleMapper.selectById [BaseJdbcLogger.java : 159] <==      Total: 1
2018-05-02 23:31:45,411 [DEBUG] [http-nio-80-exec-2] com.stylefeng.guns.modular.system.dao.NoticeMapper.list [BaseJdbcLogger.java : 159] ==>  Preparing: select * from sys_notice order by createtime DESC 
2018-05-02 23:31:45,412 [DEBUG] [http-nio-80-exec-2] com.stylefeng.guns.modular.system.dao.NoticeMapper.list [BaseJdbcLogger.java : 159] ==> Parameters: 
2018-05-02 23:31:45,416 [DEBUG] [http-nio-80-exec-2] com.stylefeng.guns.modular.system.dao.NoticeMapper.list [BaseJdbcLogger.java : 159] <==      Total: 3
2018-05-02 23:31:45,422 [DEBUG] [http-nio-80-exec-2] com.stylefeng.guns.modular.system.dao.UserMapper.selectById [BaseJdbcLogger.java : 159] ==>  Preparing: SELECT id AS id,avatar,account,`password`,salt,`name`,birthday,sex,email,phone,roleid,deptid,`status`,createtime,version FROM sys_user WHERE id=? 
2018-05-02 23:31:45,423 [DEBUG] [http-nio-80-exec-2] com.stylefeng.guns.modular.system.dao.UserMapper.selectById [BaseJdbcLogger.java : 159] ==> Parameters: 1(Integer)
2018-05-02 23:31:45,426 [DEBUG] [http-nio-80-exec-2] com.stylefeng.guns.modular.system.dao.UserMapper.selectById [BaseJdbcLogger.java : 159] <==      Total: 1
2018-05-02 23:31:45,429 [DEBUG] [http-nio-80-exec-2] com.stylefeng.guns.modular.system.dao.UserMapper.selectById [BaseJdbcLogger.java : 159] ==>  Preparing: SELECT id AS id,avatar,account,`password`,salt,`name`,birthday,sex,email,phone,roleid,deptid,`status`,createtime,version FROM sys_user WHERE id=? 
2018-05-02 23:31:45,430 [DEBUG] [http-nio-80-exec-2] com.stylefeng.guns.modular.system.dao.UserMapper.selectById [BaseJdbcLogger.java : 159] ==> Parameters: 1(Integer)
2018-05-02 23:31:45,433 [DEBUG] [http-nio-80-exec-2] com.stylefeng.guns.modular.system.dao.UserMapper.selectById [BaseJdbcLogger.java : 159] <==      Total: 1
2018-05-02 23:31:45,441 [DEBUG] [http-nio-80-exec-2] com.stylefeng.guns.modular.system.dao.UserMapper.selectById [BaseJdbcLogger.java : 159] ==>  Preparing: SELECT id AS id,avatar,account,`password`,salt,`name`,birthday,sex,email,phone,roleid,deptid,`status`,createtime,version FROM sys_user WHERE id=? 
2018-05-02 23:31:45,442 [DEBUG] [http-nio-80-exec-2] com.stylefeng.guns.modular.system.dao.UserMapper.selectById [BaseJdbcLogger.java : 159] ==> Parameters: 1(Integer)
2018-05-02 23:31:45,445 [DEBUG] [http-nio-80-exec-2] com.stylefeng.guns.modular.system.dao.UserMapper.selectById [BaseJdbcLogger.java : 159] <==      Total: 1
2018-05-02 23:31:48,563 [DEBUG] [http-nio-80-exec-1] c.stylefeng.guns.modular.system.dao.NoticeMapper.selectById [BaseJdbcLogger.java : 159] ==>  Preparing: SELECT id AS id,title,`type`,content,createtime,creater FROM sys_notice WHERE id=? 
2018-05-02 23:31:48,565 [DEBUG] [http-nio-80-exec-1] c.stylefeng.guns.modular.system.dao.NoticeMapper.selectById [BaseJdbcLogger.java : 159] ==> Parameters: 12(Integer)
2018-05-02 23:31:48,571 [DEBUG] [http-nio-80-exec-1] c.stylefeng.guns.modular.system.dao.NoticeMapper.selectById [BaseJdbcLogger.java : 159] <==      Total: 1
2018-05-02 23:33:29,322 [DEBUG] [http-nio-80-exec-9] c.stylefeng.guns.modular.system.dao.NoticeMapper.selectById [BaseJdbcLogger.java : 159] ==>  Preparing: SELECT id AS id,title,`type`,content,createtime,creater FROM sys_notice WHERE id=? 
2018-05-02 23:33:29,324 [DEBUG] [http-nio-80-exec-9] c.stylefeng.guns.modular.system.dao.NoticeMapper.selectById [BaseJdbcLogger.java : 159] ==> Parameters: 12(Integer)
2018-05-02 23:33:29,326 [DEBUG] [http-nio-80-exec-9] c.stylefeng.guns.modular.system.dao.NoticeMapper.selectById [BaseJdbcLogger.java : 159] <==      Total: 1
2018-05-02 23:33:29,340 [DEBUG] [http-nio-80-exec-9] c.stylefeng.guns.modular.system.dao.NoticeMapper.updateById [BaseJdbcLogger.java : 159] ==>  Preparing: UPDATE sys_notice SET title=?, content=?, createtime=?, creater=? WHERE id=? 
2018-05-02 23:33:29,345 [DEBUG] [http-nio-80-exec-9] c.stylefeng.guns.modular.system.dao.NoticeMapper.updateById [BaseJdbcLogger.java : 159] ==> Parameters: (String), <h3><strong style="color: inherit;"></strong><a href="http://http://47.106.121.197/web/mylink/index.html" target="_blank">http://http://47.106.121.197/web/mylink/index.html</a><span style="color: inherit;">()</span></h3><p><br></p>(String), 2018-04-23 17:40:39.0(Timestamp), 1(Integer), 12(Integer)
2018-05-02 23:33:29,512 [DEBUG] [http-nio-80-exec-9] c.stylefeng.guns.modular.system.dao.NoticeMapper.updateById [BaseJdbcLogger.java : 159] <==    Updates: 1
2018-05-02 23:33:29,579 [DEBUG] [pool-2-thread-1] c.s.guns.modular.system.dao.OperationLogMapper.insert [BaseJdbcLogger.java : 159] ==>  Preparing: INSERT INTO sys_operation_log ( logtype, logname, userid, classname, `method`, createtime, succeed, message ) VALUES ( ?, ?, ?, ?, ?, ?, ?, ? ) 
2018-05-02 23:33:29,586 [DEBUG] [pool-2-thread-1] c.s.guns.modular.system.dao.OperationLogMapper.insert [BaseJdbcLogger.java : 159] ==> Parameters: (String), (String), 1(Integer), com.stylefeng.guns.modular.system.controller.NoticeController(String), update(String), 2018-05-02 23:33:29.575(Timestamp), (String), =;;;:,:<h3><strong style="color: inherit;"></strong><a href="http://gtd.gogojie.com/?host=GQlRaBo3lfGVh16i" target="_blank" style="background-color: rgb(255, 255, 255);">&nbsp;http://gtd.gogojie.com/?host=GQlRaBo3lfGVh16i&nbsp;</a><span style="color: inherit;">()</span></h3><p><br></p>,:<h3><strong style="color: inherit;"></strong><a href="http://http://47.106.121.197/web/mylink/index.html" target="_blank">http://http://47.106.121.197/web/mylink/index.html</a><span style="color: inherit;">()</span></h3><p><br></p>(String)
2018-05-02 23:33:29,651 [DEBUG] [pool-2-thread-1] c.s.guns.modular.system.dao.OperationLogMapper.insert [BaseJdbcLogger.java : 159] <==    Updates: 1
2018-05-02 23:33:29,675 [DEBUG] [http-nio-80-exec-8] com.stylefeng.guns.modular.system.dao.NoticeMapper.list [BaseJdbcLogger.java : 159] ==>  Preparing: select * from sys_notice order by createtime DESC 
2018-05-02 23:33:29,676 [DEBUG] [http-nio-80-exec-8] com.stylefeng.guns.modular.system.dao.NoticeMapper.list [BaseJdbcLogger.java : 159] ==> Parameters: 
2018-05-02 23:33:29,679 [DEBUG] [http-nio-80-exec-8] com.stylefeng.guns.modular.system.dao.NoticeMapper.list [BaseJdbcLogger.java : 159] <==      Total: 3
2018-05-02 23:33:29,683 [DEBUG] [http-nio-80-exec-8] com.stylefeng.guns.modular.system.dao.UserMapper.selectById [BaseJdbcLogger.java : 159] ==>  Preparing: SELECT id AS id,avatar,account,`password`,salt,`name`,birthday,sex,email,phone,roleid,deptid,`status`,createtime,version FROM sys_user WHERE id=? 
2018-05-02 23:33:29,684 [DEBUG] [http-nio-80-exec-8] com.stylefeng.guns.modular.system.dao.UserMapper.selectById [BaseJdbcLogger.java : 159] ==> Parameters: 1(Integer)
2018-05-02 23:33:29,689 [DEBUG] [http-nio-80-exec-8] com.stylefeng.guns.modular.system.dao.UserMapper.selectById [BaseJdbcLogger.java : 159] <==      Total: 1
2018-05-02 23:33:29,692 [DEBUG] [http-nio-80-exec-8] com.stylefeng.guns.modular.system.dao.UserMapper.selectById [BaseJdbcLogger.java : 159] ==>  Preparing: SELECT id AS id,avatar,account,`password`,salt,`name`,birthday,sex,email,phone,roleid,deptid,`status`,createtime,version FROM sys_user WHERE id=? 
2018-05-02 23:33:29,693 [DEBUG] [http-nio-80-exec-8] com.stylefeng.guns.modular.system.dao.UserMapper.selectById [BaseJdbcLogger.java : 159] ==> Parameters: 1(Integer)
2018-05-02 23:33:29,696 [DEBUG] [http-nio-80-exec-8] com.stylefeng.guns.modular.system.dao.UserMapper.selectById [BaseJdbcLogger.java : 159] <==      Total: 1
2018-05-02 23:33:29,699 [DEBUG] [http-nio-80-exec-8] com.stylefeng.guns.modular.system.dao.UserMapper.selectById [BaseJdbcLogger.java : 159] ==>  Preparing: SELECT id AS id,avatar,account,`password`,salt,`name`,birthday,sex,email,phone,roleid,deptid,`status`,createtime,version FROM sys_user WHERE id=? 
2018-05-02 23:33:29,699 [DEBUG] [http-nio-80-exec-8] com.stylefeng.guns.modular.system.dao.UserMapper.selectById [BaseJdbcLogger.java : 159] ==> Parameters: 1(Integer)
2018-05-02 23:33:29,702 [DEBUG] [http-nio-80-exec-8] com.stylefeng.guns.modular.system.dao.UserMapper.selectById [BaseJdbcLogger.java : 159] <==      Total: 1
2018-05-02 23:33:32,132 [DEBUG] [http-nio-80-exec-1] c.s.guns.modular.system.dao.MenuMapper.getMenusByRoleIds [BaseJdbcLogger.java : 159] ==>  Preparing: SELECT m1.id AS id, m1.icon AS icon, ( CASE WHEN (m2.id = 0 OR m2.id IS NULL) THEN 0 ELSE m2.id END ) AS parentId, m1.NAME as name, m1.url as url, m1.levels as levels, m1.ismenu as ismenu, m1.num as num FROM sys_menu m1 LEFT join sys_menu m2 ON m1.pcode = m2. CODE INNER JOIN ( SELECT ID FROM sys_menu WHERE ID IN ( SELECT menuid FROM sys_relation rela WHERE rela.roleid IN ( ? ) ) ) m3 ON m1.id = m3.id where m1.ismenu = 1 order by levels,num asc 
2018-05-02 23:33:32,134 [DEBUG] [http-nio-80-exec-1] c.s.guns.modular.system.dao.MenuMapper.getMenusByRoleIds [BaseJdbcLogger.java : 159] ==> Parameters: 1(Integer)
2018-05-02 23:33:32,147 [DEBUG] [http-nio-80-exec-1] c.s.guns.modular.system.dao.MenuMapper.getMenusByRoleIds [BaseJdbcLogger.java : 159] <==      Total: 33
2018-05-02 23:33:32,150 [DEBUG] [http-nio-80-exec-1] com.stylefeng.guns.modular.system.dao.UserMapper.selectById [BaseJdbcLogger.java : 159] ==>  Preparing: SELECT id AS id,avatar,account,`password`,salt,`name`,birthday,sex,email,phone,roleid,deptid,`status`,createtime,version FROM sys_user WHERE id=? 
2018-05-02 23:33:32,151 [DEBUG] [http-nio-80-exec-1] com.stylefeng.guns.modular.system.dao.UserMapper.selectById [BaseJdbcLogger.java : 159] ==> Parameters: 1(Integer)
2018-05-02 23:33:32,155 [DEBUG] [http-nio-80-exec-1] com.stylefeng.guns.modular.system.dao.UserMapper.selectById [BaseJdbcLogger.java : 159] <==      Total: 1
2018-05-02 23:33:32,199 [DEBUG] [http-nio-80-exec-5] com.stylefeng.guns.modular.system.dao.NoticeMapper.list [BaseJdbcLogger.java : 159] ==>  Preparing: select * from sys_notice order by createtime DESC 
2018-05-02 23:33:32,200 [DEBUG] [http-nio-80-exec-5] com.stylefeng.guns.modular.system.dao.NoticeMapper.list [BaseJdbcLogger.java : 159] ==> Parameters: 
2018-05-02 23:33:32,207 [DEBUG] [http-nio-80-exec-5] com.stylefeng.guns.modular.system.dao.NoticeMapper.list [BaseJdbcLogger.java : 159] <==      Total: 3
2018-05-02 23:33:32,514 [ERROR] [http-nio-80-exec-9] com.stylefeng.guns.core.util.FileUtil [FileUtil.java : 25] D:\software\other\Temp\a7ca2a81-9856-426d-a7cc-7b1f092c37c0.jpg
